#
# A fatal error has been detected by the Java Runtime Environment:
#
#  EXCEPTION_ACCESS_VIOLATION (0xc0000005) at pc=0x00007ffede03cc74, pid=11140, tid=9264
#
# JRE version: OpenJDK Runtime Environment Corretto-21.0.7.6.1 (21.0.7+6) (build 21.0.7+6-LTS)
# Java VM: OpenJDK 64-Bit Server VM Corretto-21.0.7.6.1 (21.0.7+6-LTS, mixed mode, sharing, tiered, compressed oops, compressed class ptrs, g1 gc, windows-amd64)
# Problematic frame:
# V  [jvm.dll+0x6cc74]
#
# No core dump will be written. Minidumps are not enabled by default on client versions of Windows
#
# If you would like to submit a bug report, please visit:
#   https://github.com/corretto/corretto-21/issues/
#

---------------  S U M M A R Y ------------

Command Line: --add-opens=java.base/java.util=ALL-UNNAMED --add-opens=java.base/java.lang=ALL-UNNAMED --add-opens=java.base/java.lang.invoke=ALL-UNNAMED --add-opens=java.prefs/java.util.prefs=ALL-UNNAMED --add-opens=java.base/java.nio.charset=ALL-UNNAMED --add-opens=java.base/java.net=ALL-UNNAMED --add-opens=java.base/java.util.concurrent.atomic=ALL-UNNAMED -XX:MaxMetaspaceSize=384m -XX:+HeapDumpOnOutOfMemoryError -Xms256m -Xmx512m -Dfile.encoding=UTF-8 -Duser.country=US -Duser.language=es -Duser.variant -javaagent:C:\Users\gospi\.gradle\wrapper\dists\gradle-8.8-bin\dl7vupf4psengwqhwktix4v1\gradle-8.8\lib\agents\gradle-instrumentation-agent-8.8.jar org.gradle.launcher.daemon.bootstrap.GradleDaemon 8.8

Host: Intel(R) Core(TM) i5-1035G4 CPU @ 1.10GHz, 8 cores, 11G,  Windows 10 , 64 bit Build 19041 (10.0.19041.5794)
Time: Sat May 17 23:44:31 2025 Hora est. Pacífico, Sudamérica elapsed time: 7.599116 seconds (0d 0h 0m 7s)

---------------  T H R E A D  ---------------

Current thread (0x00000225aa00d280):  JavaThread "C2 CompilerThread0" daemon [_thread_in_native, id=9264, stack(0x0000007e56e00000,0x0000007e56f00000) (1024K)]


Current CompileTask:
C2:7599 4181       4       jdk.internal.jimage.ImageLocation::getFullName (109 bytes)

Stack: [0x0000007e56e00000,0x0000007e56f00000],  sp=0x0000007e56efc9d0,  free space=1010k
Native frames: (J=compiled Java code, j=interpreted, Vv=VM code, C=native code)
V  [jvm.dll+0x6cc74]
V  [jvm.dll+0x668775]
V  [jvm.dll+0x6686c3]
V  [jvm.dll+0x667443]
V  [jvm.dll+0x24e5af]
V  [jvm.dll+0x24dd01]
V  [jvm.dll+0x1cc454]
V  [jvm.dll+0x25d3d9]
V  [jvm.dll+0x25b98b]
V  [jvm.dll+0x3faea6]
V  [jvm.dll+0x85f998]
V  [jvm.dll+0x6d902d]
C  [ucrtbase.dll+0x21bb2]
C  [KERNEL32.DLL+0x17374]
C  [ntdll.dll+0x4cc91]


siginfo: EXCEPTION_ACCESS_VIOLATION (0xc0000005), reading address 0xffffffffffffffff


Registers:
RAX=0x0000000000000002, RBX=0x0000000000000003, RCX=0x00008225ac4646f8, RDX=0x00000225ac464690
RSP=0x0000007e56efc9d0, RBP=0x0000007e56efcab0, RSI=0x0000000000000000, RDI=0x00000225ac464690
R8 =0x0000000000000012, R9 =0x0000000000000000, R10=0x00007fff37160000, R11=0x00000225aeb46ad0
R12=0x00007ffedec1a0e4, R13=0x0000000000000000, R14=0x0000000000000000, R15=0x0000007e56efcee0
RIP=0x00007ffede03cc74, EFLAGS=0x0000000000010202

XMM[0]=0x0000000000000000 0x0000000000000000
XMM[1]=0x0000000000000000 0x0000000000000000
XMM[2]=0x0000000000000000 0x0000000000000000
XMM[3]=0x0000000000000000 0x0000000000000000
XMM[4]=0x0000000000000000 0x0000000000000000
XMM[5]=0x0000000000000000 0x0000000000000000
XMM[6]=0x0000000000000000 0x0000000000000000
XMM[7]=0x0000000000000000 0x0000000000000000
XMM[8]=0x0000000000000000 0x0000000000000000
XMM[9]=0x0000000000000000 0x0000000000000000
XMM[10]=0x0000000000000000 0x0000000000000000
XMM[11]=0x0000000000000000 0x0000000000000000
XMM[12]=0x0000000000000000 0x0000000000000000
XMM[13]=0x0000000000000000 0x0000000000000000
XMM[14]=0x0000000000000000 0x0000000000000000
XMM[15]=0x0000000000000000 0x0000000000000000
  MXCSR=0x00001fa0


Register to memory mapping:

RAX=0x0000000000000002 is an unknown value
RBX=0x0000000000000003 is an unknown value
RCX=0x00008225ac4646f8 is an unknown value
RDX=0x00000225ac464690 points into unknown readable memory: 0x00007ffede9666c0 | c0 66 96 de fe 7f 00 00
RSP=0x0000007e56efc9d0 is pointing into the stack for thread: 0x00000225aa00d280
RBP=0x0000007e56efcab0 is pointing into the stack for thread: 0x00000225aa00d280
RSI=0x0 is null
RDI=0x00000225ac464690 points into unknown readable memory: 0x00007ffede9666c0 | c0 66 96 de fe 7f 00 00
R8 =0x0000000000000012 is an unknown value
R9 =0x0 is null
R10=0x00007fff37160000 VCRUNTIME140.dll
R11=0x00000225aeb46ad0 points into unknown readable memory: 0xf6f7f370c061fee7 | e7 fe 61 c0 70 f3 f7 f6
R12=0x00007ffedec1a0e4 jvm.dll
R13=0x0 is null
R14=0x0 is null
R15=0x0000007e56efcee0 is pointing into the stack for thread: 0x00000225aa00d280

Top of Stack: (sp=0x0000007e56efc9d0)
0x0000007e56efc9d0:   0000000000000000 0000000000000000
0x0000007e56efc9e0:   00000225ae5896b8 00007ffede226043
0x0000007e56efc9f0:   0000007e56efca60 00007ffede638775
0x0000007e56efca00:   0000007e56efe260 00007ffede03cced
0x0000007e56efca10:   0000007e56efcee0 00000225ffdaec60
0x0000007e56efca20:   0000007e56efcee0 00000225ac464690
0x0000007e56efca30:   00000225ad3a1548 00007ffede6386c3
0x0000007e56efca40:   0000000000000003 0000007e56efcab0
0x0000007e56efca50:   00000225aea068b0 00000225ffdaec60
0x0000007e56efca60:   00000225ffdaec60 0000022500002000
0x0000007e56efca70:   00000225afc176c0 00000225000009df
0x0000007e56efca80:   0000022500000100 00000225aeb468d0
0x0000007e56efca90:   00007ffe00000100 00000225ffdaec60
0x0000007e56efcaa0:   00007ffe00000004 00007ffede21e292
0x0000007e56efcab0:   0000007e56efe510 00000225aeb4a590
0x0000007e56efcac0:   00000225aa194288 00000225ffc64e68
0x0000007e56efcad0:   00000225aa194288 00000225addd0030
0x0000007e56efcae0:   0000007e56efcb79 00007ffede637443
0x0000007e56efcaf0:   00000225aea09318 00000225aea0e898
0x0000007e56efcb00:   0000000000115d58 0000007e56efcee0
0x0000007e56efcb10:   00000225addd0030 0000007e56efe510
0x0000007e56efcb20:   0000000000100000 0000000000000000
0x0000007e56efcb30:   0000000000000000 0000000000000000
0x0000007e56efcb40:   0000000000000000 00007ffedea52a00
0x0000007e56efcb50:   0000000000000000 0000000000000000
0x0000007e56efcb60:   0000000000000000 00007ffedea52a00
0x0000007e56efcb70:   0000000000000000 0000000000000000
0x0000007e56efcb80:   0000007e56efcf88 0000000000000007
0x0000007e56efcb90:   0000000000000000 0000000000000000
0x0000007e56efcba0:   0000871a043525b5 00007ffede63073e
0x0000007e56efcbb0:   0000000000000000 0000000080000000
0x0000007e56efcbc0:   00000225f3b3abb0 0000000000000000 

Instructions: (pc=0x00007ffede03cc74)
0x00007ffede03cb74:   03 00 00 00 48 8d 05 81 a1 bc 00 49 23 c8 49 3b
0x00007ffede03cb84:   c8 48 0f 45 c2 c3 cc cc cc cc cc cc 48 8b 0d 89
0x00007ffede03cb94:   79 c2 00 48 8d 15 c2 a1 bc 00 49 b8 00 00 00 18
0x00007ffede03cba4:   03 00 00 00 48 8d 05 11 a2 bc 00 49 23 c8 49 3b
0x00007ffede03cbb4:   c8 48 0f 45 c2 c3 cc cc cc cc cc cc 48 8b 05 59
0x00007ffede03cbc4:   79 c2 00 48 8d 0d b2 a2 bc 00 48 c1 e8 1b a8 01
0x00007ffede03cbd4:   48 8d 05 45 a2 bc 00 48 0f 44 c1 c3 48 8b 0d 39
0x00007ffede03cbe4:   79 c2 00 48 8d 15 b2 9d bc 00 49 b8 00 00 00 08
0x00007ffede03cbf4:   02 00 00 00 48 8d 05 61 9e bc 00 49 23 c8 49 3b
0x00007ffede03cc04:   c8 48 0f 45 c2 c3 cc cc cc cc cc cc 48 8b 0d 09
0x00007ffede03cc14:   79 c2 00 48 8d 15 02 9c bc 00 49 b8 00 00 00 08
0x00007ffede03cc24:   02 00 00 00 48 8d 05 b1 9c bc 00 49 23 c8 49 3b
0x00007ffede03cc34:   c8 48 0f 45 c2 c3 cc cc cc cc cc cc b8 04 00 00
0x00007ffede03cc44:   00 c3 cc cc cc cc cc cc cc cc cc cc 48 8d 0d a9
0x00007ffede03cc54:   8e bc 00 e9 34 b5 6b 00 cc cc cc cc 32 c0 c3 cc
0x00007ffede03cc64:   cc cc cc cc cc cc cc cc cc cc cc cc 48 83 ec 28
0x00007ffede03cc74:   48 8b 01 ff 10 83 e8 7e 74 0c 83 f8 01 74 07 32
0x00007ffede03cc84:   c0 48 83 c4 28 c3 b0 01 48 83 c4 28 c3 cc cc cc
0x00007ffede03cc94:   cc cc cc cc cc cc cc cc cc cc cc cc 48 8b 15 79
0x00007ffede03cca4:   78 c2 00 8d 41 fc a9 fa ff ff ff 75 0b 48 8b c2
0x00007ffede03ccb4:   48 c1 e8 34 a8 01 75 11 8d 41 f6 83 f8 01 77 0c
0x00007ffede03ccc4:   48 c1 ea 25 f6 c2 01 74 03 b0 01 c3 32 c0 c3 cc
0x00007ffede03ccd4:   cc cc cc cc cc cc cc cc cc cc cc cc 48 83 ec 28
0x00007ffede03cce4:   48 8b 01 ff 90 c0 00 00 00 05 bf fe ff ff 83 f8
0x00007ffede03ccf4:   2e 77 22 48 8d 15 02 33 f9 ff 0f b6 84 02 28 cd
0x00007ffede03cd04:   06 00 8b 8c 82 20 cd 06 00 48 03 ca ff e1 b0 01
0x00007ffede03cd14:   48 83 c4 28 c3 32 c0 48 83 c4 28 c3 12 cd 06 00
0x00007ffede03cd24:   19 cd 06 00 00 00 00 00 00 00 00 00 01 01 01 01
0x00007ffede03cd34:   01 01 01 01 01 01 01 01 01 01 01 01 01 01 01 01
0x00007ffede03cd44:   01 01 01 01 01 01 01 01 01 01 01 01 01 01 01 01
0x00007ffede03cd54:   01 00 00 cc cc cc cc cc cc cc cc cc 45 2b c8 81
0x00007ffede03cd64:   fa 29 04 00 00 75 0d 41 8d 41 7e 3d fb 00 00 00 


Stack slot to memory mapping:

stack at sp + 0 slots: 0x0 is null
stack at sp + 1 slots: 0x0 is null
stack at sp + 2 slots: 0x00000225ae5896b8 points into unknown readable memory: 0x00007ffede984968 | 68 49 98 de fe 7f 00 00
stack at sp + 3 slots: 0x00007ffede226043 jvm.dll
stack at sp + 4 slots: 0x0000007e56efca60 is pointing into the stack for thread: 0x00000225aa00d280
stack at sp + 5 slots: 0x00007ffede638775 jvm.dll
stack at sp + 6 slots: 0x0000007e56efe260 is pointing into the stack for thread: 0x00000225aa00d280
stack at sp + 7 slots: 0x00007ffede03cced jvm.dll


---------------  P R O C E S S  ---------------

Threads class SMR info:
_java_thread_list=0x00000225ae8de000, length=35, elements={
0x00000225f5f0f860, 0x00000225aa004a90, 0x00000225ffdbc520, 0x00000225aa008200,
0x00000225aa008c50, 0x00000225aa0096a0, 0x00000225aa00a0f0, 0x00000225aa00d280,
0x00000225aa019d40, 0x00000225aa0fc6f0, 0x00000225aa237f90, 0x00000225ab9e8050,
0x00000225ab956580, 0x00000225abed1940, 0x00000225abb844f0, 0x00000225abd149b0,
0x00000225ab9b5f10, 0x00000225abc2f530, 0x00000225abafd190, 0x00000225abafcb00,
0x00000225abafd820, 0x00000225abafdeb0, 0x00000225abafe540, 0x00000225abaff8f0,
0x00000225abaff260, 0x00000225abafff80, 0x00000225adbac4c0, 0x00000225adbacb50,
0x00000225adba6f70, 0x00000225adbab7a0, 0x00000225adbad1e0, 0x00000225abb97ad0,
0x00000225adba89b0, 0x00000225adba6250, 0x00000225abb951f0
}

Java Threads: ( => current thread )
  0x00000225f5f0f860 JavaThread "main"                              [_thread_blocked, id=6976, stack(0x0000007e56000000,0x0000007e56100000) (1024K)]
  0x00000225aa004a90 JavaThread "Reference Handler"          daemon [_thread_blocked, id=13824, stack(0x0000007e56800000,0x0000007e56900000) (1024K)]
  0x00000225ffdbc520 JavaThread "Finalizer"                  daemon [_thread_blocked, id=3244, stack(0x0000007e56900000,0x0000007e56a00000) (1024K)]
  0x00000225aa008200 JavaThread "Signal Dispatcher"          daemon [_thread_blocked, id=11648, stack(0x0000007e56a00000,0x0000007e56b00000) (1024K)]
  0x00000225aa008c50 JavaThread "Attach Listener"            daemon [_thread_blocked, id=9260, stack(0x0000007e56b00000,0x0000007e56c00000) (1024K)]
  0x00000225aa0096a0 JavaThread "Service Thread"             daemon [_thread_blocked, id=10692, stack(0x0000007e56c00000,0x0000007e56d00000) (1024K)]
  0x00000225aa00a0f0 JavaThread "Monitor Deflation Thread"   daemon [_thread_blocked, id=3368, stack(0x0000007e56d00000,0x0000007e56e00000) (1024K)]
=>0x00000225aa00d280 JavaThread "C2 CompilerThread0"         daemon [_thread_in_native, id=9264, stack(0x0000007e56e00000,0x0000007e56f00000) (1024K)]
  0x00000225aa019d40 JavaThread "C1 CompilerThread0"         daemon [_thread_in_vm, id=9184, stack(0x0000007e56f00000,0x0000007e57000000) (1024K)]
  0x00000225aa0fc6f0 JavaThread "Common-Cleaner"             daemon [_thread_blocked, id=8688, stack(0x0000007e57000000,0x0000007e57100000) (1024K)]
  0x00000225aa237f90 JavaThread "Notification Thread"        daemon [_thread_blocked, id=8196, stack(0x0000007e57100000,0x0000007e57200000) (1024K)]
  0x00000225ab9e8050 JavaThread "Daemon health stats"               [_thread_blocked, id=9180, stack(0x0000007e57800000,0x0000007e57900000) (1024K)]
  0x00000225ab956580 JavaThread "Incoming local TCP Connector on port 49870"        [_thread_in_native, id=13356, stack(0x0000007e57200000,0x0000007e57300000) (1024K)]
  0x00000225abed1940 JavaThread "Daemon periodic checks"            [_thread_blocked, id=9148, stack(0x0000007e57a00000,0x0000007e57b00000) (1024K)]
  0x00000225abb844f0 JavaThread "Daemon"                            [_thread_blocked, id=10116, stack(0x0000007e57b00000,0x0000007e57c00000) (1024K)]
  0x00000225abd149b0 JavaThread "Handler for socket connection from /127.0.0.1:49870 to /127.0.0.1:49871"        [_thread_in_native, id=10468, stack(0x0000007e57c00000,0x0000007e57d00000) (1024K)]
  0x00000225ab9b5f10 JavaThread "Cancel handler"                    [_thread_blocked, id=7956, stack(0x0000007e57d00000,0x0000007e57e00000) (1024K)]
  0x00000225abc2f530 JavaThread "Daemon worker"                     [_thread_in_vm, id=4720, stack(0x0000007e57e00000,0x0000007e57f00000) (1024K)]
  0x00000225abafd190 JavaThread "Asynchronous log dispatcher for DefaultDaemonConnection: socket connection from /127.0.0.1:49870 to /127.0.0.1:49871"        [_thread_blocked, id=8204, stack(0x0000007e57f00000,0x0000007e58000000) (1024K)]
  0x00000225abafcb00 JavaThread "Stdin handler"                     [_thread_blocked, id=1876, stack(0x0000007e58000000,0x0000007e58100000) (1024K)]
  0x00000225abafd820 JavaThread "Daemon client event forwarder"        [_thread_blocked, id=10528, stack(0x0000007e58100000,0x0000007e58200000) (1024K)]
  0x00000225abafdeb0 JavaThread "Cache worker for journal cache (C:\Users\gospi\.gradle\caches\journal-1)"        [_thread_blocked, id=10668, stack(0x0000007e57900000,0x0000007e57a00000) (1024K)]
  0x00000225abafe540 JavaThread "File lock request listener"        [_thread_in_native, id=4728, stack(0x0000007e58200000,0x0000007e58300000) (1024K)]
  0x00000225abaff8f0 JavaThread "Cache worker for file hash cache (C:\Users\gospi\.gradle\caches\8.8\fileHashes)"        [_thread_blocked, id=2148, stack(0x0000007e58300000,0x0000007e58400000) (1024K)]
  0x00000225abaff260 JavaThread "Cache worker for file hash cache (C:\Users\gospi\OneDrive\Documents\NewWS\ReportesRapidos\.gradle\8.8\fileHashes)"        [_thread_blocked, id=12704, stack(0x0000007e58800000,0x0000007e58900000) (1024K)]
  0x00000225abafff80 JavaThread "File watcher server"        daemon [_thread_in_native, id=13732, stack(0x0000007e58a00000,0x0000007e58b00000) (1024K)]
  0x00000225adbac4c0 JavaThread "File watcher consumer"      daemon [_thread_blocked, id=14108, stack(0x0000007e58b00000,0x0000007e58c00000) (1024K)]
  0x00000225adbacb50 JavaThread "Cache worker for checksums cache (C:\Users\gospi\OneDrive\Documents\NewWS\ReportesRapidos\.gradle\8.8\checksums)"        [_thread_blocked, id=2532, stack(0x0000007e58400000,0x0000007e58500000) (1024K)]
  0x00000225adba6f70 JavaThread "Cache worker for file content cache (C:\Users\gospi\.gradle\caches\8.8\fileContent)"        [_thread_blocked, id=9356, stack(0x0000007e58500000,0x0000007e58600000) (1024K)]
  0x00000225adbab7a0 JavaThread "Cache worker for cache directory md-rule (C:\Users\gospi\.gradle\caches\8.8\md-rule)"        [_thread_blocked, id=13956, stack(0x0000007e58c00000,0x0000007e58d00000) (1024K)]
  0x00000225adbad1e0 JavaThread "Cache worker for cache directory md-supplier (C:\Users\gospi\.gradle\caches\8.8\md-supplier)"        [_thread_blocked, id=9804, stack(0x0000007e58d00000,0x0000007e58e00000) (1024K)]
  0x00000225abb97ad0 JavaThread "C2 CompilerThread1"         daemon [_thread_in_native, id=1220, stack(0x0000007e58e00000,0x0000007e58f00000) (1024K)]
  0x00000225adba89b0 JavaThread "jar transforms"                    [_thread_blocked, id=12588, stack(0x0000007e58f00000,0x0000007e59000000) (1024K)]
  0x00000225adba6250 JavaThread "jar transforms Thread 2"           [_thread_blocked, id=10780, stack(0x0000007e59000000,0x0000007e59100000) (1024K)]
  0x00000225abb951f0 JavaThread "C2 CompilerThread2"         daemon [_thread_in_native, id=8012, stack(0x0000007e59100000,0x0000007e59200000) (1024K)]
Total: 35

Other Threads:
  0x00000225ffda91f0 VMThread "VM Thread"                           [id=8716, stack(0x0000007e56700000,0x0000007e56800000) (1024K)]
  0x00000225ffd9c040 WatcherThread "VM Periodic Task Thread"        [id=13856, stack(0x0000007e56600000,0x0000007e56700000) (1024K)]
  0x00000225f5f37df0 WorkerThread "GC Thread#0"                     [id=9188, stack(0x0000007e56100000,0x0000007e56200000) (1024K)]
  0x00000225aaf71480 WorkerThread "GC Thread#1"                     [id=12788, stack(0x0000007e57300000,0x0000007e57400000) (1024K)]
  0x00000225aaf71820 WorkerThread "GC Thread#2"                     [id=248, stack(0x0000007e57400000,0x0000007e57500000) (1024K)]
  0x00000225ab0aeaf0 WorkerThread "GC Thread#3"                     [id=12660, stack(0x0000007e57500000,0x0000007e57600000) (1024K)]
  0x00000225ab0aee90 WorkerThread "GC Thread#4"                     [id=14216, stack(0x0000007e57600000,0x0000007e57700000) (1024K)]
  0x00000225aaf41be0 WorkerThread "GC Thread#5"                     [id=10460, stack(0x0000007e57700000,0x0000007e57800000) (1024K)]
  0x00000225ac04f4f0 WorkerThread "GC Thread#6"                     [id=11756, stack(0x0000007e58600000,0x0000007e58700000) (1024K)]
  0x00000225ac04f890 WorkerThread "GC Thread#7"                     [id=11196, stack(0x0000007e58700000,0x0000007e58800000) (1024K)]
  0x00000225f5f3dea0 ConcurrentGCThread "G1 Main Marker"            [id=7132, stack(0x0000007e56200000,0x0000007e56300000) (1024K)]
  0x00000225f5f3e8b0 WorkerThread "G1 Conc#0"                       [id=4884, stack(0x0000007e56300000,0x0000007e56400000) (1024K)]
  0x00000225ac04ea10 WorkerThread "G1 Conc#1"                       [id=8640, stack(0x0000007e58900000,0x0000007e58a00000) (1024K)]
  0x00000225ffc6c240 ConcurrentGCThread "G1 Refine#0"               [id=5108, stack(0x0000007e56400000,0x0000007e56500000) (1024K)]
  0x00000225ffc6ca60 ConcurrentGCThread "G1 Service"                [id=10276, stack(0x0000007e56500000,0x0000007e56600000) (1024K)]
Total: 15

Threads with active compile tasks:
C2 CompilerThread0  7653 4181       4       jdk.internal.jimage.ImageLocation::getFullName (109 bytes)
C2 CompilerThread1  7653 4291       4       java.lang.PublicMethods$MethodList::filter (104 bytes)
C2 CompilerThread2  7653 4187       4       java.util.regex.Pattern::split (325 bytes)
Total: 3

VM state: not at safepoint (normal execution)

VM Mutex/Monitor currently owned by a thread: None

Heap address: 0x00000000e0000000, size: 512 MB, Compressed Oops mode: 32-bit

CDS archive(s) mapped at: [0x0000022591000000-0x0000022591c80000-0x0000022591c80000), size 13107200, SharedBaseAddress: 0x0000022591000000, ArchiveRelocationMode: 1.
Compressed class space mapped at: 0x0000022592000000-0x00000225a6000000, reserved size: 335544320
Narrow klass base: 0x0000022591000000, Narrow klass shift: 0, Narrow klass range: 0x100000000

GC Precious Log:
 CardTable entry size: 512
 Card Set container configuration: InlinePtr #cards 5 size 8 Array Of Cards #cards 12 size 40 Howl #buckets 4 coarsen threshold 1843 Howl Bitmap #cards 512 size 80 coarsen threshold 460 Card regions per heap region 1 cards per card region 2048
 CPUs: 8 total, 8 available
 Memory: 12083M
 Large Page Support: Disabled
 NUMA Support: Disabled
 Compressed Oops: Enabled (32-bit)
 Heap Region Size: 1M
 Heap Min Capacity: 256M
 Heap Initial Capacity: 256M
 Heap Max Capacity: 512M
 Pre-touch: Disabled
 Parallel Workers: 8
 Concurrent Workers: 2
 Concurrent Refinement Workers: 8
 Periodic GC: Disabled

Heap:
 garbage-first heap   total 262144K, used 54310K [0x00000000e0000000, 0x0000000100000000)
  region size 1024K, 32 young (32768K), 9 survivors (9216K)
 Metaspace       used 35797K, committed 37056K, reserved 393216K
  class space    used 5084K, committed 5696K, reserved 327680K

Heap Regions: E=young(eden), S=young(survivor), O=old, HS=humongous(starts), HC=humongous(continues), CS=collection set, F=free, TAMS=top-at-mark-start, PB=parsable bottom
|   0|0x00000000e0000000, 0x00000000e0100000, 0x00000000e0100000|100%|HS|  |TAMS 0x00000000e0000000| PB 0x00000000e0000000| Complete 
|   1|0x00000000e0100000, 0x00000000e0200000, 0x00000000e0200000|100%|HC|  |TAMS 0x00000000e0100000| PB 0x00000000e0100000| Complete 
|   2|0x00000000e0200000, 0x00000000e0300000, 0x00000000e0300000|100%|HC|  |TAMS 0x00000000e0200000| PB 0x00000000e0200000| Complete 
|   3|0x00000000e0300000, 0x00000000e0400000, 0x00000000e0400000|100%|HC|  |TAMS 0x00000000e0300000| PB 0x00000000e0300000| Complete 
|   4|0x00000000e0400000, 0x00000000e0500000, 0x00000000e0500000|100%| O|  |TAMS 0x00000000e0400000| PB 0x00000000e0400000| Untracked 
|   5|0x00000000e0500000, 0x00000000e0600000, 0x00000000e0600000|100%| O|  |TAMS 0x00000000e0500000| PB 0x00000000e0500000| Untracked 
|   6|0x00000000e0600000, 0x00000000e0700000, 0x00000000e0700000|100%| O|  |TAMS 0x00000000e0600000| PB 0x00000000e0600000| Untracked 
|   7|0x00000000e0700000, 0x00000000e0800000, 0x00000000e0800000|100%| O|  |TAMS 0x00000000e0700000| PB 0x00000000e0700000| Untracked 
|   8|0x00000000e0800000, 0x00000000e0900000, 0x00000000e0900000|100%| O|  |TAMS 0x00000000e0800000| PB 0x00000000e0800000| Untracked 
|   9|0x00000000e0900000, 0x00000000e0900000, 0x00000000e0a00000|  0%| F|  |TAMS 0x00000000e0900000| PB 0x00000000e0900000| Untracked 
|  10|0x00000000e0a00000, 0x00000000e0b00000, 0x00000000e0b00000|100%| O|  |TAMS 0x00000000e0a00000| PB 0x00000000e0a00000| Untracked 
|  11|0x00000000e0b00000, 0x00000000e0c00000, 0x00000000e0c00000|100%|HS|  |TAMS 0x00000000e0b00000| PB 0x00000000e0b00000| Complete 
|  12|0x00000000e0c00000, 0x00000000e0d00000, 0x00000000e0d00000|100%| O|  |TAMS 0x00000000e0c00000| PB 0x00000000e0c00000| Untracked 
|  13|0x00000000e0d00000, 0x00000000e0e00000, 0x00000000e0e00000|100%| O|  |TAMS 0x00000000e0d00000| PB 0x00000000e0d00000| Untracked 
|  14|0x00000000e0e00000, 0x00000000e0f00000, 0x00000000e0f00000|100%| O|  |TAMS 0x00000000e0e00000| PB 0x00000000e0e00000| Untracked 
|  15|0x00000000e0f00000, 0x00000000e1000000, 0x00000000e1000000|100%| O|  |TAMS 0x00000000e0f00000| PB 0x00000000e0f00000| Untracked 
|  16|0x00000000e1000000, 0x00000000e1100000, 0x00000000e1100000|100%| O|  |TAMS 0x00000000e1000000| PB 0x00000000e1000000| Untracked 
|  17|0x00000000e1100000, 0x00000000e1200000, 0x00000000e1200000|100%| O|  |TAMS 0x00000000e1100000| PB 0x00000000e1100000| Untracked 
|  18|0x00000000e1200000, 0x00000000e1300000, 0x00000000e1300000|100%| O|  |TAMS 0x00000000e1200000| PB 0x00000000e1200000| Untracked 
|  19|0x00000000e1300000, 0x00000000e1400000, 0x00000000e1400000|100%| O|  |TAMS 0x00000000e1300000| PB 0x00000000e1300000| Untracked 
|  20|0x00000000e1400000, 0x00000000e1500000, 0x00000000e1500000|100%| O|  |TAMS 0x00000000e1400000| PB 0x00000000e1400000| Untracked 
|  21|0x00000000e1500000, 0x00000000e1600000, 0x00000000e1600000|100%| O|  |TAMS 0x00000000e1500000| PB 0x00000000e1500000| Untracked 
|  22|0x00000000e1600000, 0x00000000e1700000, 0x00000000e1700000|100%| O|Cm|TAMS 0x00000000e1600000| PB 0x00000000e1600000| Complete 
|  23|0x00000000e1700000, 0x00000000e1764e58, 0x00000000e1800000| 39%| O|  |TAMS 0x00000000e1700000| PB 0x00000000e1700000| Untracked 
|  24|0x00000000e1800000, 0x00000000e1800000, 0x00000000e1900000|  0%| F|  |TAMS 0x00000000e1800000| PB 0x00000000e1800000| Untracked 
|  25|0x00000000e1900000, 0x00000000e1900000, 0x00000000e1a00000|  0%| F|  |TAMS 0x00000000e1900000| PB 0x00000000e1900000| Untracked 
|  26|0x00000000e1a00000, 0x00000000e1a00000, 0x00000000e1b00000|  0%| F|  |TAMS 0x00000000e1a00000| PB 0x00000000e1a00000| Untracked 
|  27|0x00000000e1b00000, 0x00000000e1b00000, 0x00000000e1c00000|  0%| F|  |TAMS 0x00000000e1b00000| PB 0x00000000e1b00000| Untracked 
|  28|0x00000000e1c00000, 0x00000000e1c00000, 0x00000000e1d00000|  0%| F|  |TAMS 0x00000000e1c00000| PB 0x00000000e1c00000| Untracked 
|  29|0x00000000e1d00000, 0x00000000e1d00000, 0x00000000e1e00000|  0%| F|  |TAMS 0x00000000e1d00000| PB 0x00000000e1d00000| Untracked 
|  30|0x00000000e1e00000, 0x00000000e1e00000, 0x00000000e1f00000|  0%| F|  |TAMS 0x00000000e1e00000| PB 0x00000000e1e00000| Untracked 
|  31|0x00000000e1f00000, 0x00000000e1f00000, 0x00000000e2000000|  0%| F|  |TAMS 0x00000000e1f00000| PB 0x00000000e1f00000| Untracked 
|  32|0x00000000e2000000, 0x00000000e2000000, 0x00000000e2100000|  0%| F|  |TAMS 0x00000000e2000000| PB 0x00000000e2000000| Untracked 
|  33|0x00000000e2100000, 0x00000000e2100000, 0x00000000e2200000|  0%| F|  |TAMS 0x00000000e2100000| PB 0x00000000e2100000| Untracked 
|  34|0x00000000e2200000, 0x00000000e2200000, 0x00000000e2300000|  0%| F|  |TAMS 0x00000000e2200000| PB 0x00000000e2200000| Untracked 
|  35|0x00000000e2300000, 0x00000000e2300000, 0x00000000e2400000|  0%| F|  |TAMS 0x00000000e2300000| PB 0x00000000e2300000| Untracked 
|  36|0x00000000e2400000, 0x00000000e2400000, 0x00000000e2500000|  0%| F|  |TAMS 0x00000000e2400000| PB 0x00000000e2400000| Untracked 
|  37|0x00000000e2500000, 0x00000000e2500000, 0x00000000e2600000|  0%| F|  |TAMS 0x00000000e2500000| PB 0x00000000e2500000| Untracked 
|  38|0x00000000e2600000, 0x00000000e2600000, 0x00000000e2700000|  0%| F|  |TAMS 0x00000000e2600000| PB 0x00000000e2600000| Untracked 
|  39|0x00000000e2700000, 0x00000000e2700000, 0x00000000e2800000|  0%| F|  |TAMS 0x00000000e2700000| PB 0x00000000e2700000| Untracked 
|  40|0x00000000e2800000, 0x00000000e2800000, 0x00000000e2900000|  0%| F|  |TAMS 0x00000000e2800000| PB 0x00000000e2800000| Untracked 
|  41|0x00000000e2900000, 0x00000000e2900000, 0x00000000e2a00000|  0%| F|  |TAMS 0x00000000e2900000| PB 0x00000000e2900000| Untracked 
|  42|0x00000000e2a00000, 0x00000000e2a00000, 0x00000000e2b00000|  0%| F|  |TAMS 0x00000000e2a00000| PB 0x00000000e2a00000| Untracked 
|  43|0x00000000e2b00000, 0x00000000e2b00000, 0x00000000e2c00000|  0%| F|  |TAMS 0x00000000e2b00000| PB 0x00000000e2b00000| Untracked 
|  44|0x00000000e2c00000, 0x00000000e2c00000, 0x00000000e2d00000|  0%| F|  |TAMS 0x00000000e2c00000| PB 0x00000000e2c00000| Untracked 
|  45|0x00000000e2d00000, 0x00000000e2d00000, 0x00000000e2e00000|  0%| F|  |TAMS 0x00000000e2d00000| PB 0x00000000e2d00000| Untracked 
|  46|0x00000000e2e00000, 0x00000000e2e00000, 0x00000000e2f00000|  0%| F|  |TAMS 0x00000000e2e00000| PB 0x00000000e2e00000| Untracked 
|  47|0x00000000e2f00000, 0x00000000e2f00000, 0x00000000e3000000|  0%| F|  |TAMS 0x00000000e2f00000| PB 0x00000000e2f00000| Untracked 
|  48|0x00000000e3000000, 0x00000000e3000000, 0x00000000e3100000|  0%| F|  |TAMS 0x00000000e3000000| PB 0x00000000e3000000| Untracked 
|  49|0x00000000e3100000, 0x00000000e3100000, 0x00000000e3200000|  0%| F|  |TAMS 0x00000000e3100000| PB 0x00000000e3100000| Untracked 
|  50|0x00000000e3200000, 0x00000000e3200000, 0x00000000e3300000|  0%| F|  |TAMS 0x00000000e3200000| PB 0x00000000e3200000| Untracked 
|  51|0x00000000e3300000, 0x00000000e3300000, 0x00000000e3400000|  0%| F|  |TAMS 0x00000000e3300000| PB 0x00000000e3300000| Untracked 
|  52|0x00000000e3400000, 0x00000000e3400000, 0x00000000e3500000|  0%| F|  |TAMS 0x00000000e3400000| PB 0x00000000e3400000| Untracked 
|  53|0x00000000e3500000, 0x00000000e3500000, 0x00000000e3600000|  0%| F|  |TAMS 0x00000000e3500000| PB 0x00000000e3500000| Untracked 
|  54|0x00000000e3600000, 0x00000000e3600000, 0x00000000e3700000|  0%| F|  |TAMS 0x00000000e3600000| PB 0x00000000e3600000| Untracked 
|  55|0x00000000e3700000, 0x00000000e3700000, 0x00000000e3800000|  0%| F|  |TAMS 0x00000000e3700000| PB 0x00000000e3700000| Untracked 
|  56|0x00000000e3800000, 0x00000000e3800000, 0x00000000e3900000|  0%| F|  |TAMS 0x00000000e3800000| PB 0x00000000e3800000| Untracked 
|  57|0x00000000e3900000, 0x00000000e3900000, 0x00000000e3a00000|  0%| F|  |TAMS 0x00000000e3900000| PB 0x00000000e3900000| Untracked 
|  58|0x00000000e3a00000, 0x00000000e3a00000, 0x00000000e3b00000|  0%| F|  |TAMS 0x00000000e3a00000| PB 0x00000000e3a00000| Untracked 
|  59|0x00000000e3b00000, 0x00000000e3b00000, 0x00000000e3c00000|  0%| F|  |TAMS 0x00000000e3b00000| PB 0x00000000e3b00000| Untracked 
|  60|0x00000000e3c00000, 0x00000000e3c00000, 0x00000000e3d00000|  0%| F|  |TAMS 0x00000000e3c00000| PB 0x00000000e3c00000| Untracked 
|  61|0x00000000e3d00000, 0x00000000e3d00000, 0x00000000e3e00000|  0%| F|  |TAMS 0x00000000e3d00000| PB 0x00000000e3d00000| Untracked 
|  62|0x00000000e3e00000, 0x00000000e3e00000, 0x00000000e3f00000|  0%| F|  |TAMS 0x00000000e3e00000| PB 0x00000000e3e00000| Untracked 
|  63|0x00000000e3f00000, 0x00000000e3f00000, 0x00000000e4000000|  0%| F|  |TAMS 0x00000000e3f00000| PB 0x00000000e3f00000| Untracked 
|  64|0x00000000e4000000, 0x00000000e4000000, 0x00000000e4100000|  0%| F|  |TAMS 0x00000000e4000000| PB 0x00000000e4000000| Untracked 
|  65|0x00000000e4100000, 0x00000000e4100000, 0x00000000e4200000|  0%| F|  |TAMS 0x00000000e4100000| PB 0x00000000e4100000| Untracked 
|  66|0x00000000e4200000, 0x00000000e4200000, 0x00000000e4300000|  0%| F|  |TAMS 0x00000000e4200000| PB 0x00000000e4200000| Untracked 
|  67|0x00000000e4300000, 0x00000000e4300000, 0x00000000e4400000|  0%| F|  |TAMS 0x00000000e4300000| PB 0x00000000e4300000| Untracked 
|  68|0x00000000e4400000, 0x00000000e4400000, 0x00000000e4500000|  0%| F|  |TAMS 0x00000000e4400000| PB 0x00000000e4400000| Untracked 
|  69|0x00000000e4500000, 0x00000000e4500000, 0x00000000e4600000|  0%| F|  |TAMS 0x00000000e4500000| PB 0x00000000e4500000| Untracked 
|  70|0x00000000e4600000, 0x00000000e4600000, 0x00000000e4700000|  0%| F|  |TAMS 0x00000000e4600000| PB 0x00000000e4600000| Untracked 
|  71|0x00000000e4700000, 0x00000000e4700000, 0x00000000e4800000|  0%| F|  |TAMS 0x00000000e4700000| PB 0x00000000e4700000| Untracked 
|  72|0x00000000e4800000, 0x00000000e4800000, 0x00000000e4900000|  0%| F|  |TAMS 0x00000000e4800000| PB 0x00000000e4800000| Untracked 
|  73|0x00000000e4900000, 0x00000000e4900000, 0x00000000e4a00000|  0%| F|  |TAMS 0x00000000e4900000| PB 0x00000000e4900000| Untracked 
|  74|0x00000000e4a00000, 0x00000000e4a00000, 0x00000000e4b00000|  0%| F|  |TAMS 0x00000000e4a00000| PB 0x00000000e4a00000| Untracked 
|  75|0x00000000e4b00000, 0x00000000e4b00000, 0x00000000e4c00000|  0%| F|  |TAMS 0x00000000e4b00000| PB 0x00000000e4b00000| Untracked 
|  76|0x00000000e4c00000, 0x00000000e4c00000, 0x00000000e4d00000|  0%| F|  |TAMS 0x00000000e4c00000| PB 0x00000000e4c00000| Untracked 
|  77|0x00000000e4d00000, 0x00000000e4d00000, 0x00000000e4e00000|  0%| F|  |TAMS 0x00000000e4d00000| PB 0x00000000e4d00000| Untracked 
|  78|0x00000000e4e00000, 0x00000000e4e00000, 0x00000000e4f00000|  0%| F|  |TAMS 0x00000000e4e00000| PB 0x00000000e4e00000| Untracked 
|  79|0x00000000e4f00000, 0x00000000e4f00000, 0x00000000e5000000|  0%| F|  |TAMS 0x00000000e4f00000| PB 0x00000000e4f00000| Untracked 
|  80|0x00000000e5000000, 0x00000000e5000000, 0x00000000e5100000|  0%| F|  |TAMS 0x00000000e5000000| PB 0x00000000e5000000| Untracked 
|  81|0x00000000e5100000, 0x00000000e5100000, 0x00000000e5200000|  0%| F|  |TAMS 0x00000000e5100000| PB 0x00000000e5100000| Untracked 
|  82|0x00000000e5200000, 0x00000000e5200000, 0x00000000e5300000|  0%| F|  |TAMS 0x00000000e5200000| PB 0x00000000e5200000| Untracked 
|  83|0x00000000e5300000, 0x00000000e5300000, 0x00000000e5400000|  0%| F|  |TAMS 0x00000000e5300000| PB 0x00000000e5300000| Untracked 
|  84|0x00000000e5400000, 0x00000000e5400000, 0x00000000e5500000|  0%| F|  |TAMS 0x00000000e5400000| PB 0x00000000e5400000| Untracked 
|  85|0x00000000e5500000, 0x00000000e5500000, 0x00000000e5600000|  0%| F|  |TAMS 0x00000000e5500000| PB 0x00000000e5500000| Untracked 
|  86|0x00000000e5600000, 0x00000000e5600000, 0x00000000e5700000|  0%| F|  |TAMS 0x00000000e5600000| PB 0x00000000e5600000| Untracked 
|  87|0x00000000e5700000, 0x00000000e5700000, 0x00000000e5800000|  0%| F|  |TAMS 0x00000000e5700000| PB 0x00000000e5700000| Untracked 
|  88|0x00000000e5800000, 0x00000000e5800000, 0x00000000e5900000|  0%| F|  |TAMS 0x00000000e5800000| PB 0x00000000e5800000| Untracked 
|  89|0x00000000e5900000, 0x00000000e5900000, 0x00000000e5a00000|  0%| F|  |TAMS 0x00000000e5900000| PB 0x00000000e5900000| Untracked 
|  90|0x00000000e5a00000, 0x00000000e5a00000, 0x00000000e5b00000|  0%| F|  |TAMS 0x00000000e5a00000| PB 0x00000000e5a00000| Untracked 
|  91|0x00000000e5b00000, 0x00000000e5b00000, 0x00000000e5c00000|  0%| F|  |TAMS 0x00000000e5b00000| PB 0x00000000e5b00000| Untracked 
|  92|0x00000000e5c00000, 0x00000000e5c00000, 0x00000000e5d00000|  0%| F|  |TAMS 0x00000000e5c00000| PB 0x00000000e5c00000| Untracked 
|  93|0x00000000e5d00000, 0x00000000e5d00000, 0x00000000e5e00000|  0%| F|  |TAMS 0x00000000e5d00000| PB 0x00000000e5d00000| Untracked 
|  94|0x00000000e5e00000, 0x00000000e5e00000, 0x00000000e5f00000|  0%| F|  |TAMS 0x00000000e5e00000| PB 0x00000000e5e00000| Untracked 
|  95|0x00000000e5f00000, 0x00000000e5f00000, 0x00000000e6000000|  0%| F|  |TAMS 0x00000000e5f00000| PB 0x00000000e5f00000| Untracked 
|  96|0x00000000e6000000, 0x00000000e6000000, 0x00000000e6100000|  0%| F|  |TAMS 0x00000000e6000000| PB 0x00000000e6000000| Untracked 
|  97|0x00000000e6100000, 0x00000000e6100000, 0x00000000e6200000|  0%| F|  |TAMS 0x00000000e6100000| PB 0x00000000e6100000| Untracked 
|  98|0x00000000e6200000, 0x00000000e6200000, 0x00000000e6300000|  0%| F|  |TAMS 0x00000000e6200000| PB 0x00000000e6200000| Untracked 
|  99|0x00000000e6300000, 0x00000000e6300000, 0x00000000e6400000|  0%| F|  |TAMS 0x00000000e6300000| PB 0x00000000e6300000| Untracked 
| 100|0x00000000e6400000, 0x00000000e6400000, 0x00000000e6500000|  0%| F|  |TAMS 0x00000000e6400000| PB 0x00000000e6400000| Untracked 
| 101|0x00000000e6500000, 0x00000000e6500000, 0x00000000e6600000|  0%| F|  |TAMS 0x00000000e6500000| PB 0x00000000e6500000| Untracked 
| 102|0x00000000e6600000, 0x00000000e6600000, 0x00000000e6700000|  0%| F|  |TAMS 0x00000000e6600000| PB 0x00000000e6600000| Untracked 
| 103|0x00000000e6700000, 0x00000000e6700000, 0x00000000e6800000|  0%| F|  |TAMS 0x00000000e6700000| PB 0x00000000e6700000| Untracked 
| 104|0x00000000e6800000, 0x00000000e6800000, 0x00000000e6900000|  0%| F|  |TAMS 0x00000000e6800000| PB 0x00000000e6800000| Untracked 
| 105|0x00000000e6900000, 0x00000000e6900000, 0x00000000e6a00000|  0%| F|  |TAMS 0x00000000e6900000| PB 0x00000000e6900000| Untracked 
| 106|0x00000000e6a00000, 0x00000000e6a00000, 0x00000000e6b00000|  0%| F|  |TAMS 0x00000000e6a00000| PB 0x00000000e6a00000| Untracked 
| 107|0x00000000e6b00000, 0x00000000e6b00000, 0x00000000e6c00000|  0%| F|  |TAMS 0x00000000e6b00000| PB 0x00000000e6b00000| Untracked 
| 108|0x00000000e6c00000, 0x00000000e6c00000, 0x00000000e6d00000|  0%| F|  |TAMS 0x00000000e6c00000| PB 0x00000000e6c00000| Untracked 
| 109|0x00000000e6d00000, 0x00000000e6d00000, 0x00000000e6e00000|  0%| F|  |TAMS 0x00000000e6d00000| PB 0x00000000e6d00000| Untracked 
| 110|0x00000000e6e00000, 0x00000000e6e00000, 0x00000000e6f00000|  0%| F|  |TAMS 0x00000000e6e00000| PB 0x00000000e6e00000| Untracked 
| 111|0x00000000e6f00000, 0x00000000e6f00000, 0x00000000e7000000|  0%| F|  |TAMS 0x00000000e6f00000| PB 0x00000000e6f00000| Untracked 
| 112|0x00000000e7000000, 0x00000000e7000000, 0x00000000e7100000|  0%| F|  |TAMS 0x00000000e7000000| PB 0x00000000e7000000| Untracked 
| 113|0x00000000e7100000, 0x00000000e7100000, 0x00000000e7200000|  0%| F|  |TAMS 0x00000000e7100000| PB 0x00000000e7100000| Untracked 
| 114|0x00000000e7200000, 0x00000000e7200000, 0x00000000e7300000|  0%| F|  |TAMS 0x00000000e7200000| PB 0x00000000e7200000| Untracked 
| 115|0x00000000e7300000, 0x00000000e7300000, 0x00000000e7400000|  0%| F|  |TAMS 0x00000000e7300000| PB 0x00000000e7300000| Untracked 
| 116|0x00000000e7400000, 0x00000000e7400000, 0x00000000e7500000|  0%| F|  |TAMS 0x00000000e7400000| PB 0x00000000e7400000| Untracked 
| 117|0x00000000e7500000, 0x00000000e7500000, 0x00000000e7600000|  0%| F|  |TAMS 0x00000000e7500000| PB 0x00000000e7500000| Untracked 
| 118|0x00000000e7600000, 0x00000000e7600000, 0x00000000e7700000|  0%| F|  |TAMS 0x00000000e7600000| PB 0x00000000e7600000| Untracked 
| 119|0x00000000e7700000, 0x00000000e7700000, 0x00000000e7800000|  0%| F|  |TAMS 0x00000000e7700000| PB 0x00000000e7700000| Untracked 
| 120|0x00000000e7800000, 0x00000000e7800000, 0x00000000e7900000|  0%| F|  |TAMS 0x00000000e7800000| PB 0x00000000e7800000| Untracked 
| 121|0x00000000e7900000, 0x00000000e7900000, 0x00000000e7a00000|  0%| F|  |TAMS 0x00000000e7900000| PB 0x00000000e7900000| Untracked 
| 122|0x00000000e7a00000, 0x00000000e7a00000, 0x00000000e7b00000|  0%| F|  |TAMS 0x00000000e7a00000| PB 0x00000000e7a00000| Untracked 
| 123|0x00000000e7b00000, 0x00000000e7b00000, 0x00000000e7c00000|  0%| F|  |TAMS 0x00000000e7b00000| PB 0x00000000e7b00000| Untracked 
| 124|0x00000000e7c00000, 0x00000000e7c00000, 0x00000000e7d00000|  0%| F|  |TAMS 0x00000000e7c00000| PB 0x00000000e7c00000| Untracked 
| 125|0x00000000e7d00000, 0x00000000e7d00000, 0x00000000e7e00000|  0%| F|  |TAMS 0x00000000e7d00000| PB 0x00000000e7d00000| Untracked 
| 126|0x00000000e7e00000, 0x00000000e7e00000, 0x00000000e7f00000|  0%| F|  |TAMS 0x00000000e7e00000| PB 0x00000000e7e00000| Untracked 
| 127|0x00000000e7f00000, 0x00000000e7f00000, 0x00000000e8000000|  0%| F|  |TAMS 0x00000000e7f00000| PB 0x00000000e7f00000| Untracked 
| 128|0x00000000e8000000, 0x00000000e8000000, 0x00000000e8100000|  0%| F|  |TAMS 0x00000000e8000000| PB 0x00000000e8000000| Untracked 
| 129|0x00000000e8100000, 0x00000000e8100000, 0x00000000e8200000|  0%| F|  |TAMS 0x00000000e8100000| PB 0x00000000e8100000| Untracked 
| 130|0x00000000e8200000, 0x00000000e8200000, 0x00000000e8300000|  0%| F|  |TAMS 0x00000000e8200000| PB 0x00000000e8200000| Untracked 
| 131|0x00000000e8300000, 0x00000000e8300000, 0x00000000e8400000|  0%| F|  |TAMS 0x00000000e8300000| PB 0x00000000e8300000| Untracked 
| 132|0x00000000e8400000, 0x00000000e8400000, 0x00000000e8500000|  0%| F|  |TAMS 0x00000000e8400000| PB 0x00000000e8400000| Untracked 
| 133|0x00000000e8500000, 0x00000000e8500000, 0x00000000e8600000|  0%| F|  |TAMS 0x00000000e8500000| PB 0x00000000e8500000| Untracked 
| 134|0x00000000e8600000, 0x00000000e8600000, 0x00000000e8700000|  0%| F|  |TAMS 0x00000000e8600000| PB 0x00000000e8600000| Untracked 
| 135|0x00000000e8700000, 0x00000000e8700000, 0x00000000e8800000|  0%| F|  |TAMS 0x00000000e8700000| PB 0x00000000e8700000| Untracked 
| 136|0x00000000e8800000, 0x00000000e8800000, 0x00000000e8900000|  0%| F|  |TAMS 0x00000000e8800000| PB 0x00000000e8800000| Untracked 
| 137|0x00000000e8900000, 0x00000000e8900000, 0x00000000e8a00000|  0%| F|  |TAMS 0x00000000e8900000| PB 0x00000000e8900000| Untracked 
| 138|0x00000000e8a00000, 0x00000000e8a00000, 0x00000000e8b00000|  0%| F|  |TAMS 0x00000000e8a00000| PB 0x00000000e8a00000| Untracked 
| 139|0x00000000e8b00000, 0x00000000e8b00000, 0x00000000e8c00000|  0%| F|  |TAMS 0x00000000e8b00000| PB 0x00000000e8b00000| Untracked 
| 140|0x00000000e8c00000, 0x00000000e8c00000, 0x00000000e8d00000|  0%| F|  |TAMS 0x00000000e8c00000| PB 0x00000000e8c00000| Untracked 
| 141|0x00000000e8d00000, 0x00000000e8d00000, 0x00000000e8e00000|  0%| F|  |TAMS 0x00000000e8d00000| PB 0x00000000e8d00000| Untracked 
| 142|0x00000000e8e00000, 0x00000000e8e00000, 0x00000000e8f00000|  0%| F|  |TAMS 0x00000000e8e00000| PB 0x00000000e8e00000| Untracked 
| 143|0x00000000e8f00000, 0x00000000e8f00000, 0x00000000e9000000|  0%| F|  |TAMS 0x00000000e8f00000| PB 0x00000000e8f00000| Untracked 
| 144|0x00000000e9000000, 0x00000000e9000000, 0x00000000e9100000|  0%| F|  |TAMS 0x00000000e9000000| PB 0x00000000e9000000| Untracked 
| 145|0x00000000e9100000, 0x00000000e9100000, 0x00000000e9200000|  0%| F|  |TAMS 0x00000000e9100000| PB 0x00000000e9100000| Untracked 
| 146|0x00000000e9200000, 0x00000000e9200000, 0x00000000e9300000|  0%| F|  |TAMS 0x00000000e9200000| PB 0x00000000e9200000| Untracked 
| 147|0x00000000e9300000, 0x00000000e9300000, 0x00000000e9400000|  0%| F|  |TAMS 0x00000000e9300000| PB 0x00000000e9300000| Untracked 
| 148|0x00000000e9400000, 0x00000000e9400000, 0x00000000e9500000|  0%| F|  |TAMS 0x00000000e9400000| PB 0x00000000e9400000| Untracked 
| 149|0x00000000e9500000, 0x00000000e9500000, 0x00000000e9600000|  0%| F|  |TAMS 0x00000000e9500000| PB 0x00000000e9500000| Untracked 
| 150|0x00000000e9600000, 0x00000000e9600000, 0x00000000e9700000|  0%| F|  |TAMS 0x00000000e9600000| PB 0x00000000e9600000| Untracked 
| 151|0x00000000e9700000, 0x00000000e9700000, 0x00000000e9800000|  0%| F|  |TAMS 0x00000000e9700000| PB 0x00000000e9700000| Untracked 
| 152|0x00000000e9800000, 0x00000000e9800000, 0x00000000e9900000|  0%| F|  |TAMS 0x00000000e9800000| PB 0x00000000e9800000| Untracked 
| 153|0x00000000e9900000, 0x00000000e9900000, 0x00000000e9a00000|  0%| F|  |TAMS 0x00000000e9900000| PB 0x00000000e9900000| Untracked 
| 154|0x00000000e9a00000, 0x00000000e9a00000, 0x00000000e9b00000|  0%| F|  |TAMS 0x00000000e9a00000| PB 0x00000000e9a00000| Untracked 
| 155|0x00000000e9b00000, 0x00000000e9b00000, 0x00000000e9c00000|  0%| F|  |TAMS 0x00000000e9b00000| PB 0x00000000e9b00000| Untracked 
| 156|0x00000000e9c00000, 0x00000000e9c00000, 0x00000000e9d00000|  0%| F|  |TAMS 0x00000000e9c00000| PB 0x00000000e9c00000| Untracked 
| 157|0x00000000e9d00000, 0x00000000e9d00000, 0x00000000e9e00000|  0%| F|  |TAMS 0x00000000e9d00000| PB 0x00000000e9d00000| Untracked 
| 158|0x00000000e9e00000, 0x00000000e9e00000, 0x00000000e9f00000|  0%| F|  |TAMS 0x00000000e9e00000| PB 0x00000000e9e00000| Untracked 
| 159|0x00000000e9f00000, 0x00000000e9f00000, 0x00000000ea000000|  0%| F|  |TAMS 0x00000000e9f00000| PB 0x00000000e9f00000| Untracked 
| 160|0x00000000ea000000, 0x00000000ea000000, 0x00000000ea100000|  0%| F|  |TAMS 0x00000000ea000000| PB 0x00000000ea000000| Untracked 
| 161|0x00000000ea100000, 0x00000000ea100000, 0x00000000ea200000|  0%| F|  |TAMS 0x00000000ea100000| PB 0x00000000ea100000| Untracked 
| 162|0x00000000ea200000, 0x00000000ea200000, 0x00000000ea300000|  0%| F|  |TAMS 0x00000000ea200000| PB 0x00000000ea200000| Untracked 
| 163|0x00000000ea300000, 0x00000000ea300000, 0x00000000ea400000|  0%| F|  |TAMS 0x00000000ea300000| PB 0x00000000ea300000| Untracked 
| 164|0x00000000ea400000, 0x00000000ea400000, 0x00000000ea500000|  0%| F|  |TAMS 0x00000000ea400000| PB 0x00000000ea400000| Untracked 
| 165|0x00000000ea500000, 0x00000000ea500000, 0x00000000ea600000|  0%| F|  |TAMS 0x00000000ea500000| PB 0x00000000ea500000| Untracked 
| 166|0x00000000ea600000, 0x00000000ea600000, 0x00000000ea700000|  0%| F|  |TAMS 0x00000000ea600000| PB 0x00000000ea600000| Untracked 
| 167|0x00000000ea700000, 0x00000000ea700000, 0x00000000ea800000|  0%| F|  |TAMS 0x00000000ea700000| PB 0x00000000ea700000| Untracked 
| 168|0x00000000ea800000, 0x00000000ea800000, 0x00000000ea900000|  0%| F|  |TAMS 0x00000000ea800000| PB 0x00000000ea800000| Untracked 
| 169|0x00000000ea900000, 0x00000000ea900000, 0x00000000eaa00000|  0%| F|  |TAMS 0x00000000ea900000| PB 0x00000000ea900000| Untracked 
| 170|0x00000000eaa00000, 0x00000000eaa00000, 0x00000000eab00000|  0%| F|  |TAMS 0x00000000eaa00000| PB 0x00000000eaa00000| Untracked 
| 171|0x00000000eab00000, 0x00000000eab00000, 0x00000000eac00000|  0%| F|  |TAMS 0x00000000eab00000| PB 0x00000000eab00000| Untracked 
| 172|0x00000000eac00000, 0x00000000eac00000, 0x00000000ead00000|  0%| F|  |TAMS 0x00000000eac00000| PB 0x00000000eac00000| Untracked 
| 173|0x00000000ead00000, 0x00000000ead00000, 0x00000000eae00000|  0%| F|  |TAMS 0x00000000ead00000| PB 0x00000000ead00000| Untracked 
| 174|0x00000000eae00000, 0x00000000eae00000, 0x00000000eaf00000|  0%| F|  |TAMS 0x00000000eae00000| PB 0x00000000eae00000| Untracked 
| 175|0x00000000eaf00000, 0x00000000eaf00000, 0x00000000eb000000|  0%| F|  |TAMS 0x00000000eaf00000| PB 0x00000000eaf00000| Untracked 
| 176|0x00000000eb000000, 0x00000000eb000000, 0x00000000eb100000|  0%| F|  |TAMS 0x00000000eb000000| PB 0x00000000eb000000| Untracked 
| 177|0x00000000eb100000, 0x00000000eb100000, 0x00000000eb200000|  0%| F|  |TAMS 0x00000000eb100000| PB 0x00000000eb100000| Untracked 
| 178|0x00000000eb200000, 0x00000000eb200000, 0x00000000eb300000|  0%| F|  |TAMS 0x00000000eb200000| PB 0x00000000eb200000| Untracked 
| 179|0x00000000eb300000, 0x00000000eb300000, 0x00000000eb400000|  0%| F|  |TAMS 0x00000000eb300000| PB 0x00000000eb300000| Untracked 
| 180|0x00000000eb400000, 0x00000000eb400000, 0x00000000eb500000|  0%| F|  |TAMS 0x00000000eb400000| PB 0x00000000eb400000| Untracked 
| 181|0x00000000eb500000, 0x00000000eb500000, 0x00000000eb600000|  0%| F|  |TAMS 0x00000000eb500000| PB 0x00000000eb500000| Untracked 
| 182|0x00000000eb600000, 0x00000000eb600000, 0x00000000eb700000|  0%| F|  |TAMS 0x00000000eb600000| PB 0x00000000eb600000| Untracked 
| 183|0x00000000eb700000, 0x00000000eb700000, 0x00000000eb800000|  0%| F|  |TAMS 0x00000000eb700000| PB 0x00000000eb700000| Untracked 
| 184|0x00000000eb800000, 0x00000000eb800000, 0x00000000eb900000|  0%| F|  |TAMS 0x00000000eb800000| PB 0x00000000eb800000| Untracked 
| 185|0x00000000eb900000, 0x00000000eb900000, 0x00000000eba00000|  0%| F|  |TAMS 0x00000000eb900000| PB 0x00000000eb900000| Untracked 
| 186|0x00000000eba00000, 0x00000000eba00000, 0x00000000ebb00000|  0%| F|  |TAMS 0x00000000eba00000| PB 0x00000000eba00000| Untracked 
| 187|0x00000000ebb00000, 0x00000000ebb00000, 0x00000000ebc00000|  0%| F|  |TAMS 0x00000000ebb00000| PB 0x00000000ebb00000| Untracked 
| 188|0x00000000ebc00000, 0x00000000ebc00000, 0x00000000ebd00000|  0%| F|  |TAMS 0x00000000ebc00000| PB 0x00000000ebc00000| Untracked 
| 189|0x00000000ebd00000, 0x00000000ebd00000, 0x00000000ebe00000|  0%| F|  |TAMS 0x00000000ebd00000| PB 0x00000000ebd00000| Untracked 
| 190|0x00000000ebe00000, 0x00000000ebe00000, 0x00000000ebf00000|  0%| F|  |TAMS 0x00000000ebe00000| PB 0x00000000ebe00000| Untracked 
| 191|0x00000000ebf00000, 0x00000000ebf00000, 0x00000000ec000000|  0%| F|  |TAMS 0x00000000ebf00000| PB 0x00000000ebf00000| Untracked 
| 192|0x00000000ec000000, 0x00000000ec000000, 0x00000000ec100000|  0%| F|  |TAMS 0x00000000ec000000| PB 0x00000000ec000000| Untracked 
| 193|0x00000000ec100000, 0x00000000ec100000, 0x00000000ec200000|  0%| F|  |TAMS 0x00000000ec100000| PB 0x00000000ec100000| Untracked 
| 194|0x00000000ec200000, 0x00000000ec200000, 0x00000000ec300000|  0%| F|  |TAMS 0x00000000ec200000| PB 0x00000000ec200000| Untracked 
| 195|0x00000000ec300000, 0x00000000ec300000, 0x00000000ec400000|  0%| F|  |TAMS 0x00000000ec300000| PB 0x00000000ec300000| Untracked 
| 196|0x00000000ec400000, 0x00000000ec400000, 0x00000000ec500000|  0%| F|  |TAMS 0x00000000ec400000| PB 0x00000000ec400000| Untracked 
| 197|0x00000000ec500000, 0x00000000ec500000, 0x00000000ec600000|  0%| F|  |TAMS 0x00000000ec500000| PB 0x00000000ec500000| Untracked 
| 198|0x00000000ec600000, 0x00000000ec600000, 0x00000000ec700000|  0%| F|  |TAMS 0x00000000ec600000| PB 0x00000000ec600000| Untracked 
| 199|0x00000000ec700000, 0x00000000ec700000, 0x00000000ec800000|  0%| F|  |TAMS 0x00000000ec700000| PB 0x00000000ec700000| Untracked 
| 200|0x00000000ec800000, 0x00000000ec800000, 0x00000000ec900000|  0%| F|  |TAMS 0x00000000ec800000| PB 0x00000000ec800000| Untracked 
| 201|0x00000000ec900000, 0x00000000ec900000, 0x00000000eca00000|  0%| F|  |TAMS 0x00000000ec900000| PB 0x00000000ec900000| Untracked 
| 202|0x00000000eca00000, 0x00000000eca00000, 0x00000000ecb00000|  0%| F|  |TAMS 0x00000000eca00000| PB 0x00000000eca00000| Untracked 
| 203|0x00000000ecb00000, 0x00000000ecb00000, 0x00000000ecc00000|  0%| F|  |TAMS 0x00000000ecb00000| PB 0x00000000ecb00000| Untracked 
| 204|0x00000000ecc00000, 0x00000000ecc00000, 0x00000000ecd00000|  0%| F|  |TAMS 0x00000000ecc00000| PB 0x00000000ecc00000| Untracked 
| 205|0x00000000ecd00000, 0x00000000ecd00000, 0x00000000ece00000|  0%| F|  |TAMS 0x00000000ecd00000| PB 0x00000000ecd00000| Untracked 
| 206|0x00000000ece00000, 0x00000000ece00000, 0x00000000ecf00000|  0%| F|  |TAMS 0x00000000ece00000| PB 0x00000000ece00000| Untracked 
| 207|0x00000000ecf00000, 0x00000000ecf00000, 0x00000000ed000000|  0%| F|  |TAMS 0x00000000ecf00000| PB 0x00000000ecf00000| Untracked 
| 208|0x00000000ed000000, 0x00000000ed000000, 0x00000000ed100000|  0%| F|  |TAMS 0x00000000ed000000| PB 0x00000000ed000000| Untracked 
| 209|0x00000000ed100000, 0x00000000ed100000, 0x00000000ed200000|  0%| F|  |TAMS 0x00000000ed100000| PB 0x00000000ed100000| Untracked 
| 210|0x00000000ed200000, 0x00000000ed200000, 0x00000000ed300000|  0%| F|  |TAMS 0x00000000ed200000| PB 0x00000000ed200000| Untracked 
| 211|0x00000000ed300000, 0x00000000ed300000, 0x00000000ed400000|  0%| F|  |TAMS 0x00000000ed300000| PB 0x00000000ed300000| Untracked 
| 212|0x00000000ed400000, 0x00000000ed400000, 0x00000000ed500000|  0%| F|  |TAMS 0x00000000ed400000| PB 0x00000000ed400000| Untracked 
| 213|0x00000000ed500000, 0x00000000ed500000, 0x00000000ed600000|  0%| F|  |TAMS 0x00000000ed500000| PB 0x00000000ed500000| Untracked 
| 214|0x00000000ed600000, 0x00000000ed600000, 0x00000000ed700000|  0%| F|  |TAMS 0x00000000ed600000| PB 0x00000000ed600000| Untracked 
| 215|0x00000000ed700000, 0x00000000ed700000, 0x00000000ed800000|  0%| F|  |TAMS 0x00000000ed700000| PB 0x00000000ed700000| Untracked 
| 216|0x00000000ed800000, 0x00000000ed800000, 0x00000000ed900000|  0%| F|  |TAMS 0x00000000ed800000| PB 0x00000000ed800000| Untracked 
| 217|0x00000000ed900000, 0x00000000ed900000, 0x00000000eda00000|  0%| F|  |TAMS 0x00000000ed900000| PB 0x00000000ed900000| Untracked 
| 218|0x00000000eda00000, 0x00000000eda00000, 0x00000000edb00000|  0%| F|  |TAMS 0x00000000eda00000| PB 0x00000000eda00000| Untracked 
| 219|0x00000000edb00000, 0x00000000edb00000, 0x00000000edc00000|  0%| F|  |TAMS 0x00000000edb00000| PB 0x00000000edb00000| Untracked 
| 220|0x00000000edc00000, 0x00000000edc00000, 0x00000000edd00000|  0%| F|  |TAMS 0x00000000edc00000| PB 0x00000000edc00000| Untracked 
| 221|0x00000000edd00000, 0x00000000edd00000, 0x00000000ede00000|  0%| F|  |TAMS 0x00000000edd00000| PB 0x00000000edd00000| Untracked 
| 222|0x00000000ede00000, 0x00000000ede00000, 0x00000000edf00000|  0%| F|  |TAMS 0x00000000ede00000| PB 0x00000000ede00000| Untracked 
| 223|0x00000000edf00000, 0x00000000edf00000, 0x00000000ee000000|  0%| F|  |TAMS 0x00000000edf00000| PB 0x00000000edf00000| Untracked 
| 224|0x00000000ee000000, 0x00000000ee085730, 0x00000000ee100000| 52%| E|  |TAMS 0x00000000ee000000| PB 0x00000000ee000000| Complete 
| 225|0x00000000ee100000, 0x00000000ee200000, 0x00000000ee200000|100%| E|CS|TAMS 0x00000000ee100000| PB 0x00000000ee100000| Complete 
| 226|0x00000000ee200000, 0x00000000ee300000, 0x00000000ee300000|100%| E|CS|TAMS 0x00000000ee200000| PB 0x00000000ee200000| Complete 
| 227|0x00000000ee300000, 0x00000000ee400000, 0x00000000ee400000|100%| E|CS|TAMS 0x00000000ee300000| PB 0x00000000ee300000| Complete 
| 228|0x00000000ee400000, 0x00000000ee500000, 0x00000000ee500000|100%| E|CS|TAMS 0x00000000ee400000| PB 0x00000000ee400000| Complete 
| 229|0x00000000ee500000, 0x00000000ee600000, 0x00000000ee600000|100%| E|CS|TAMS 0x00000000ee500000| PB 0x00000000ee500000| Complete 
| 230|0x00000000ee600000, 0x00000000ee700000, 0x00000000ee700000|100%| E|CS|TAMS 0x00000000ee600000| PB 0x00000000ee600000| Complete 
| 231|0x00000000ee700000, 0x00000000ee800000, 0x00000000ee800000|100%| E|CS|TAMS 0x00000000ee700000| PB 0x00000000ee700000| Complete 
| 232|0x00000000ee800000, 0x00000000ee8a4bd0, 0x00000000ee900000| 64%| S|CS|TAMS 0x00000000ee800000| PB 0x00000000ee800000| Complete 
| 233|0x00000000ee900000, 0x00000000eea00000, 0x00000000eea00000|100%| S|CS|TAMS 0x00000000ee900000| PB 0x00000000ee900000| Complete 
| 234|0x00000000eea00000, 0x00000000eeb00000, 0x00000000eeb00000|100%| S|CS|TAMS 0x00000000eea00000| PB 0x00000000eea00000| Complete 
| 235|0x00000000eeb00000, 0x00000000eec00000, 0x00000000eec00000|100%| S|CS|TAMS 0x00000000eeb00000| PB 0x00000000eeb00000| Complete 
| 236|0x00000000eec00000, 0x00000000eed00000, 0x00000000eed00000|100%| S|CS|TAMS 0x00000000eec00000| PB 0x00000000eec00000| Complete 
| 237|0x00000000eed00000, 0x00000000eee00000, 0x00000000eee00000|100%| S|CS|TAMS 0x00000000eed00000| PB 0x00000000eed00000| Complete 
| 238|0x00000000eee00000, 0x00000000eef00000, 0x00000000eef00000|100%| S|CS|TAMS 0x00000000eee00000| PB 0x00000000eee00000| Complete 
| 239|0x00000000eef00000, 0x00000000ef000000, 0x00000000ef000000|100%| S|CS|TAMS 0x00000000eef00000| PB 0x00000000eef00000| Complete 
| 240|0x00000000ef000000, 0x00000000ef100000, 0x00000000ef100000|100%| S|CS|TAMS 0x00000000ef000000| PB 0x00000000ef000000| Complete 
| 241|0x00000000ef100000, 0x00000000ef200000, 0x00000000ef200000|100%| E|CS|TAMS 0x00000000ef100000| PB 0x00000000ef100000| Complete 
| 242|0x00000000ef200000, 0x00000000ef300000, 0x00000000ef300000|100%| E|CS|TAMS 0x00000000ef200000| PB 0x00000000ef200000| Complete 
| 243|0x00000000ef300000, 0x00000000ef400000, 0x00000000ef400000|100%| E|CS|TAMS 0x00000000ef300000| PB 0x00000000ef300000| Complete 
| 244|0x00000000ef400000, 0x00000000ef500000, 0x00000000ef500000|100%| E|CS|TAMS 0x00000000ef400000| PB 0x00000000ef400000| Complete 
| 245|0x00000000ef500000, 0x00000000ef600000, 0x00000000ef600000|100%| E|CS|TAMS 0x00000000ef500000| PB 0x00000000ef500000| Complete 
| 246|0x00000000ef600000, 0x00000000ef700000, 0x00000000ef700000|100%| E|CS|TAMS 0x00000000ef600000| PB 0x00000000ef600000| Complete 
| 247|0x00000000ef700000, 0x00000000ef800000, 0x00000000ef800000|100%| E|CS|TAMS 0x00000000ef700000| PB 0x00000000ef700000| Complete 
| 248|0x00000000ef800000, 0x00000000ef900000, 0x00000000ef900000|100%| E|CS|TAMS 0x00000000ef800000| PB 0x00000000ef800000| Complete 
| 249|0x00000000ef900000, 0x00000000efa00000, 0x00000000efa00000|100%| E|CS|TAMS 0x00000000ef900000| PB 0x00000000ef900000| Complete 
| 250|0x00000000efa00000, 0x00000000efb00000, 0x00000000efb00000|100%| E|CS|TAMS 0x00000000efa00000| PB 0x00000000efa00000| Complete 
| 251|0x00000000efb00000, 0x00000000efc00000, 0x00000000efc00000|100%| E|CS|TAMS 0x00000000efb00000| PB 0x00000000efb00000| Complete 
| 252|0x00000000efc00000, 0x00000000efd00000, 0x00000000efd00000|100%| E|CS|TAMS 0x00000000efc00000| PB 0x00000000efc00000| Complete 
| 253|0x00000000efd00000, 0x00000000efe00000, 0x00000000efe00000|100%| E|CS|TAMS 0x00000000efd00000| PB 0x00000000efd00000| Complete 
| 254|0x00000000efe00000, 0x00000000eff00000, 0x00000000eff00000|100%| E|CS|TAMS 0x00000000efe00000| PB 0x00000000efe00000| Complete 
| 255|0x00000000eff00000, 0x00000000f0000000, 0x00000000f0000000|100%| E|CS|TAMS 0x00000000eff00000| PB 0x00000000eff00000| Complete 

Card table byte_map: [0x00000225fea40000,0x00000225feb40000] _byte_map_base: 0x00000225fe340000

Marking Bits: (CMBitMap*) 0x00000225f5f38400
 Bits: [0x00000225feb40000, 0x00000225ff340000)

Polling page: 0x00000225f3d40000

Metaspace:

Usage:
  Non-class:     30.07 MB used.
      Class:      4.97 MB used.
       Both:     35.04 MB used.

Virtual space:
  Non-class space:       64.00 MB reserved,      30.75 MB ( 48%) committed,  1 nodes.
      Class space:      320.00 MB reserved,       5.56 MB (  2%) committed,  1 nodes.
             Both:      384.00 MB reserved,      36.31 MB (  9%) committed. 

Chunk freelists:
   Non-Class:  1.23 MB
       Class:  10.47 MB
        Both:  11.70 MB

MaxMetaspaceSize: 384.00 MB
CompressedClassSpaceSize: 320.00 MB
Initial GC threshold: 21.00 MB
Current GC threshold: 59.69 MB
CDS: on
 - commit_granule_bytes: 65536.
 - commit_granule_words: 8192.
 - virtual_space_node_default_size: 8388608.
 - enlarge_chunks_in_place: 1.
 - use_allocation_guard: 0.


Internal statistics:

num_allocs_failed_limit: 12.
num_arena_births: 2080.
num_arena_deaths: 0.
num_vsnodes_births: 2.
num_vsnodes_deaths: 0.
num_space_committed: 581.
num_space_uncommitted: 0.
num_chunks_returned_to_freelist: 12.
num_chunks_taken_from_freelist: 3628.
num_chunk_merges: 6.
num_chunk_splits: 2359.
num_chunks_enlarged: 1475.
num_inconsistent_stats: 0.

CodeHeap 'non-profiled nmethods': size=120000Kb used=2289Kb max_used=2595Kb free=117710Kb
 bounds [0x0000022587ad0000, 0x0000022587d60000, 0x000002258f000000]
CodeHeap 'profiled nmethods': size=120000Kb used=7368Kb max_used=8199Kb free=112631Kb
 bounds [0x0000022580000000, 0x0000022580810000, 0x0000022587530000]
CodeHeap 'non-nmethods': size=5760Kb used=2112Kb max_used=2136Kb free=3647Kb
 bounds [0x0000022587530000, 0x00000225877a0000, 0x0000022587ad0000]
 total_blobs=4522 nmethods=3837 adapters=588
 compilation: enabled
              stopped_count=0, restarted_count=0
 full_count=0

Compilation events (20 events):
Event: 7.567 Thread 0x00000225abb97ad0 4191       4       java.util.ArrayList::grow (60 bytes)
Event: 7.577 Thread 0x00000225abb97ad0 nmethod 4191 0x0000022587b92810 code [0x0000022587b929c0, 0x0000022587b93070]
Event: 7.578 Thread 0x00000225abb97ad0 4273       4       java.lang.invoke.DirectMethodHandle$Holder::newInvokeSpecial (21 bytes)
Event: 7.579 Thread 0x00000225aa019d40 4275       3       java.beans.FeatureDescriptor::setClass0 (9 bytes)
Event: 7.580 Thread 0x00000225aa019d40 nmethod 4275 0x00000225804eb110 code [0x00000225804eb2e0, 0x00000225804eb668]
Event: 7.580 Thread 0x00000225aa019d40 4276       3       java.beans.FeatureDescriptor::<init> (5 bytes)
Event: 7.580 Thread 0x00000225aa019d40 nmethod 4276 0x000002258013c190 code [0x000002258013c340, 0x000002258013c4a8]
Event: 7.580 Thread 0x00000225aa019d40 4277       1       groovy.lang.MetaBeanProperty::getSetter (5 bytes)
Event: 7.580 Thread 0x00000225aa019d40 nmethod 4277 0x0000022587b5ca90 code [0x0000022587b5cc20, 0x0000022587b5cce8]
Event: 7.580 Thread 0x00000225aa019d40 4278       1       org.codehaus.groovy.reflection.GeneratedMetaMethod::getReturnType (5 bytes)
Event: 7.581 Thread 0x00000225aa019d40 nmethod 4278 0x0000022587b5c790 code [0x0000022587b5c920, 0x0000022587b5c9e8]
Event: 7.581 Thread 0x00000225abb97ad0 nmethod 4273 0x0000022587c32190 code [0x0000022587c32340, 0x0000022587c32578]
Event: 7.581 Thread 0x00000225abb97ad0 4196       4       java.util.stream.Sink$ChainedReference::cancellationRequested (10 bytes)
Event: 7.582 Thread 0x00000225abb97ad0 nmethod 4196 0x0000022587b3dc10 code [0x0000022587b3dda0, 0x0000022587b3de50]
Event: 7.582 Thread 0x00000225abb97ad0 4208       4       java.util.stream.Sink::begin (1 bytes)
Event: 7.583 Thread 0x00000225abb97ad0 nmethod 4208 0x0000022587b3d710 code [0x0000022587b3d8a0, 0x0000022587b3d928]
Event: 7.583 Thread 0x00000225abb97ad0 4220       4       java.util.stream.MatchOps$MatchOp::getOpFlags (8 bytes)
Event: 7.584 Thread 0x00000225abb97ad0 nmethod 4220 0x0000022587b9f810 code [0x0000022587b9f9a0, 0x0000022587b9fa30]
Event: 7.584 Thread 0x00000225abb97ad0 4219       4       java.util.stream.Sink$ChainedReference::end (10 bytes)
Event: 7.584 Thread 0x00000225abb97ad0 nmethod 4219 0x0000022587b9f310 code [0x0000022587b9f4a0, 0x0000022587b9f550]

GC Heap History (14 events):
Event: 0.939 GC heap before
{Heap before GC invocations=0 (full 0):
 garbage-first heap   total 262144K, used 26624K [0x00000000e0000000, 0x0000000100000000)
  region size 1024K, 23 young (23552K), 0 survivors (0K)
 Metaspace       used 2449K, committed 2624K, reserved 393216K
  class space    used 273K, committed 384K, reserved 327680K
}
Event: 0.944 GC heap after
{Heap after GC invocations=1 (full 0):
 garbage-first heap   total 262144K, used 10468K [0x00000000e0000000, 0x0000000100000000)
  region size 1024K, 3 young (3072K), 3 survivors (3072K)
 Metaspace       used 2449K, committed 2624K, reserved 393216K
  class space    used 273K, committed 384K, reserved 327680K
}
Event: 1.624 GC heap before
{Heap before GC invocations=1 (full 0):
 garbage-first heap   total 262144K, used 38116K [0x00000000e0000000, 0x0000000100000000)
  region size 1024K, 31 young (31744K), 3 survivors (3072K)
 Metaspace       used 4176K, committed 4416K, reserved 393216K
  class space    used 508K, committed 640K, reserved 327680K
}
Event: 1.629 GC heap after
{Heap after GC invocations=2 (full 0):
 garbage-first heap   total 262144K, used 11990K [0x00000000e0000000, 0x0000000100000000)
  region size 1024K, 2 young (2048K), 2 survivors (2048K)
 Metaspace       used 4176K, committed 4416K, reserved 393216K
  class space    used 508K, committed 640K, reserved 327680K
}
Event: 4.698 GC heap before
{Heap before GC invocations=2 (full 0):
 garbage-first heap   total 262144K, used 109270K [0x00000000e0000000, 0x0000000100000000)
  region size 1024K, 96 young (98304K), 2 survivors (2048K)
 Metaspace       used 18196K, committed 18752K, reserved 393216K
  class space    used 2546K, committed 2816K, reserved 327680K
}
Event: 4.712 GC heap after
{Heap after GC invocations=3 (full 0):
 garbage-first heap   total 262144K, used 22731K [0x00000000e0000000, 0x0000000100000000)
  region size 1024K, 11 young (11264K), 11 survivors (11264K)
 Metaspace       used 18196K, committed 18752K, reserved 393216K
  class space    used 2546K, committed 2816K, reserved 327680K
}
Event: 5.328 GC heap before
{Heap before GC invocations=3 (full 0):
 garbage-first heap   total 262144K, used 44235K [0x00000000e0000000, 0x0000000100000000)
  region size 1024K, 33 young (33792K), 11 survivors (11264K)
 Metaspace       used 20836K, committed 21504K, reserved 393216K
  class space    used 2980K, committed 3264K, reserved 327680K
}
Event: 5.336 GC heap after
{Heap after GC invocations=4 (full 0):
 garbage-first heap   total 262144K, used 24810K [0x00000000e0000000, 0x0000000100000000)
  region size 1024K, 12 young (12288K), 12 survivors (12288K)
 Metaspace       used 20836K, committed 21504K, reserved 393216K
  class space    used 2980K, committed 3264K, reserved 327680K
}
Event: 7.172 GC heap before
{Heap before GC invocations=5 (full 0):
 garbage-first heap   total 262144K, used 113898K [0x00000000e0000000, 0x0000000100000000)
  region size 1024K, 101 young (103424K), 12 survivors (12288K)
 Metaspace       used 34802K, committed 35968K, reserved 393216K
  class space    used 4982K, committed 5568K, reserved 327680K
}
Event: 7.186 GC heap after
{Heap after GC invocations=6 (full 0):
 garbage-first heap   total 262144K, used 30945K [0x00000000e0000000, 0x0000000100000000)
  region size 1024K, 9 young (9216K), 9 survivors (9216K)
 Metaspace       used 34802K, committed 35968K, reserved 393216K
  class space    used 4982K, committed 5568K, reserved 327680K
}
Event: 7.215 GC heap before
{Heap before GC invocations=6 (full 0):
 garbage-first heap   total 262144K, used 31969K [0x00000000e0000000, 0x0000000100000000)
  region size 1024K, 11 young (11264K), 9 survivors (9216K)
 Metaspace       used 35090K, committed 36288K, reserved 393216K
  class space    used 5014K, committed 5632K, reserved 327680K
}
Event: 7.221 GC heap after
{Heap after GC invocations=7 (full 0):
 garbage-first heap   total 262144K, used 32101K [0x00000000e0000000, 0x0000000100000000)
  region size 1024K, 9 young (9216K), 9 survivors (9216K)
 Metaspace       used 35090K, committed 36288K, reserved 393216K
  class space    used 5014K, committed 5632K, reserved 327680K
}
Event: 7.378 GC heap before
{Heap before GC invocations=7 (full 0):
 garbage-first heap   total 262144K, used 37221K [0x00000000e0000000, 0x0000000100000000)
  region size 1024K, 15 young (15360K), 9 survivors (9216K)
 Metaspace       used 35427K, committed 36608K, reserved 393216K
  class space    used 5041K, committed 5632K, reserved 327680K
}
Event: 7.387 GC heap after
{Heap after GC invocations=8 (full 0):
 garbage-first heap   total 262144K, used 31782K [0x00000000e0000000, 0x0000000100000000)
  region size 1024K, 9 young (9216K), 9 survivors (9216K)
 Metaspace       used 35427K, committed 36608K, reserved 393216K
  class space    used 5041K, committed 5632K, reserved 327680K
}

Dll operation events (15 events):
Event: 0.015 Loaded shared library C:\Users\gospi\.jdks\corretto-21.0.7\bin\java.dll
Event: 0.061 Loaded shared library C:\Users\gospi\.jdks\corretto-21.0.7\bin\jsvml.dll
Event: 0.127 Loaded shared library C:\Users\gospi\.jdks\corretto-21.0.7\bin\zip.dll
Event: 0.131 Loaded shared library C:\Users\gospi\.jdks\corretto-21.0.7\bin\instrument.dll
Event: 0.141 Loaded shared library C:\Users\gospi\.jdks\corretto-21.0.7\bin\net.dll
Event: 0.149 Loaded shared library C:\Users\gospi\.jdks\corretto-21.0.7\bin\nio.dll
Event: 0.153 Loaded shared library C:\Users\gospi\.jdks\corretto-21.0.7\bin\zip.dll
Event: 0.544 Loaded shared library C:\Users\gospi\.jdks\corretto-21.0.7\bin\jimage.dll
Event: 0.694 Loaded shared library C:\Users\gospi\.jdks\corretto-21.0.7\bin\verify.dll
Event: 0.918 Loaded shared library C:\Users\gospi\.gradle\native\c067742578af261105cb4f569cf0c3c89f3d7b1fecec35dd04571415982c5e48\windows-amd64\native-platform.dll
Event: 0.935 Loaded shared library C:\Users\gospi\.gradle\native\100fb08df4bc3b14c8652ba06237920a3bd2aa13389f12d3474272988ae205f9\windows-amd64\native-platform-file-events.dll
Event: 2.434 Loaded shared library C:\Users\gospi\.jdks\corretto-21.0.7\bin\management.dll
Event: 2.444 Loaded shared library C:\Users\gospi\.jdks\corretto-21.0.7\bin\management_ext.dll
Event: 2.795 Loaded shared library C:\Users\gospi\.jdks\corretto-21.0.7\bin\extnet.dll
Event: 3.048 Loaded shared library C:\Users\gospi\.jdks\corretto-21.0.7\bin\sunmscapi.dll

Deoptimization events (20 events):
Event: 7.316 Thread 0x00000225abc2f530 Uncommon trap: trap_request=0xffffff6e fr.pc=0x0000022587d4a310 relative=0x0000000000000850
Event: 7.316 Thread 0x00000225abc2f530 Uncommon trap: reason=loop_limit_check action=maybe_recompile pc=0x0000022587d4a310 method=java.util.regex.Pattern$Start.match(Ljava/util/regex/Matcher;ILjava/lang/CharSequence;)Z @ 34 c2
Event: 7.316 Thread 0x00000225abc2f530 DEOPT PACKING pc=0x0000022587d4a310 sp=0x0000007e57ef81e0
Event: 7.316 Thread 0x00000225abc2f530 DEOPT UNPACKING pc=0x0000022587587da2 sp=0x0000007e57ef8150 mode 2
Event: 7.431 Thread 0x00000225abc2f530 DEOPT PACKING pc=0x00000225807e4940 sp=0x0000007e57ef7f50
Event: 7.431 Thread 0x00000225abc2f530 DEOPT UNPACKING pc=0x00000225875888e2 sp=0x0000007e57ef7440 mode 0
Event: 7.434 Thread 0x00000225abc2f530 DEOPT PACKING pc=0x00000225807e4940 sp=0x0000007e57ef7f50
Event: 7.434 Thread 0x00000225abc2f530 DEOPT UNPACKING pc=0x00000225875888e2 sp=0x0000007e57ef7440 mode 0
Event: 7.463 Thread 0x00000225abc2f530 Uncommon trap: trap_request=0xffffffcc fr.pc=0x0000022587af9da4 relative=0x0000000000000164
Event: 7.463 Thread 0x00000225abc2f530 Uncommon trap: reason=intrinsic_or_type_checked_inlining action=make_not_entrant pc=0x0000022587af9da4 method=java.util.ArrayList$SubList.toArray([Ljava/lang/Object;)[Ljava/lang/Object; @ 58 c2
Event: 7.463 Thread 0x00000225abc2f530 DEOPT PACKING pc=0x0000022587af9da4 sp=0x0000007e57ef8080
Event: 7.463 Thread 0x00000225abc2f530 DEOPT UNPACKING pc=0x0000022587587da2 sp=0x0000007e57ef8020 mode 2
Event: 7.542 Thread 0x00000225abc2f530 Uncommon trap: trap_request=0xffffffc6 fr.pc=0x0000022587d57a60 relative=0x0000000000000820
Event: 7.542 Thread 0x00000225abc2f530 Uncommon trap: reason=bimorphic_or_optimized_type_check action=maybe_recompile pc=0x0000022587d57a60 method=java.util.regex.Pattern$Start.match(Ljava/util/regex/Matcher;ILjava/lang/CharSequence;)Z @ 44 c2
Event: 7.542 Thread 0x00000225abc2f530 DEOPT PACKING pc=0x0000022587d57a60 sp=0x0000007e57ef93b0
Event: 7.542 Thread 0x00000225abc2f530 DEOPT UNPACKING pc=0x0000022587587da2 sp=0x0000007e57ef92a8 mode 2
Event: 7.543 Thread 0x00000225abc2f530 Uncommon trap: trap_request=0xffffffc6 fr.pc=0x0000022587d57a60 relative=0x0000000000000820
Event: 7.543 Thread 0x00000225abc2f530 Uncommon trap: reason=bimorphic_or_optimized_type_check action=maybe_recompile pc=0x0000022587d57a60 method=java.util.regex.Pattern$Start.match(Ljava/util/regex/Matcher;ILjava/lang/CharSequence;)Z @ 44 c2
Event: 7.543 Thread 0x00000225abc2f530 DEOPT PACKING pc=0x0000022587d57a60 sp=0x0000007e57ef93b0
Event: 7.543 Thread 0x00000225abc2f530 DEOPT UNPACKING pc=0x0000022587587da2 sp=0x0000007e57ef92a8 mode 2

Classes loaded (20 events):
Event: 7.322 Loading class jdk/internal/jrtfs/SystemImage$1
Event: 7.322 Loading class jdk/internal/jrtfs/SystemImage$1 done
Event: 7.323 Loading class jdk/internal/jimage/ImageReader$SharedImageReader$LocationVisitor
Event: 7.323 Loading class jdk/internal/jimage/ImageReader$SharedImageReader$LocationVisitor done
Event: 7.325 Loading class java/nio/ByteBufferAsIntBufferL
Event: 7.326 Loading class java/nio/ByteBufferAsIntBufferL done
Event: 7.327 Loading class jdk/internal/jrtfs/JrtFileAttributes
Event: 7.328 Loading class jdk/internal/jrtfs/JrtFileAttributes done
Event: 7.328 Loading class jdk/internal/jrtfs/JrtDirectoryStream
Event: 7.328 Loading class jdk/internal/jrtfs/JrtDirectoryStream done
Event: 7.329 Loading class jdk/internal/jrtfs/JrtDirectoryStream$1
Event: 7.329 Loading class jdk/internal/jrtfs/JrtDirectoryStream$1 done
Event: 7.330 Loading class java/util/function/BooleanSupplier
Event: 7.330 Loading class java/util/function/BooleanSupplier done
Event: 7.331 Loading class jdk/internal/jimage/ImageReader$Resource
Event: 7.331 Loading class jdk/internal/jimage/ImageReader$Resource done
Event: 7.493 Loading class java/util/WeakHashMap$KeyIterator
Event: 7.493 Loading class java/util/WeakHashMap$HashIterator
Event: 7.493 Loading class java/util/WeakHashMap$HashIterator done
Event: 7.494 Loading class java/util/WeakHashMap$KeyIterator done

Classes unloaded (0 events):
No events

Classes redefined (0 events):
No events

Internal exceptions (20 events):
Event: 7.044 Thread 0x00000225abc2f530 Exception <a 'java/lang/ClassNotFoundException'{0x00000000e9fdb3c8}: groovy/lang/MetaClassImplCustomizer> (0x00000000e9fdb3c8) 
thrown [s\src\hotspot\share\classfile\systemDictionary.cpp, line 312]
Event: 7.048 Thread 0x00000225abc2f530 Exception <a 'java/lang/ClassNotFoundException'{0x00000000e9e03868}: groovy/lang/ExpandoMetaClassCustomizer> (0x00000000e9e03868) 
thrown [s\src\hotspot\share\classfile\systemDictionary.cpp, line 312]
Event: 7.501 Thread 0x00000225abc2f530 Exception <a 'java/lang/ClassNotFoundException'{0x00000000ee68acf8}: groovy/lang/BindingBeanInfo> (0x00000000ee68acf8) 
thrown [s\src\hotspot\share\classfile\systemDictionary.cpp, line 312]
Event: 7.501 Thread 0x00000225abc2f530 Exception <a 'java/lang/ClassNotFoundException'{0x00000000ee693008}: groovy/lang/GroovyObjectSupportBeanInfo> (0x00000000ee693008) 
thrown [s\src\hotspot\share\classfile\systemDictionary.cpp, line 312]
Event: 7.502 Thread 0x00000225abc2f530 Exception <a 'java/lang/ClassNotFoundException'{0x00000000ee69b338}: groovy/lang/GroovyObjectSupportCustomizer> (0x00000000ee69b338) 
thrown [s\src\hotspot\share\classfile\systemDictionary.cpp, line 312]
Event: 7.504 Thread 0x00000225abc2f530 Exception <a 'java/lang/ClassNotFoundException'{0x00000000ee6a7a38}: groovy/lang/BindingCustomizer> (0x00000000ee6a7a38) 
thrown [s\src\hotspot\share\classfile\systemDictionary.cpp, line 312]
Event: 7.529 Thread 0x00000225abc2f530 Exception <a 'java/lang/ClassNotFoundException'{0x00000000ee4172f0}: ijMapper1_6ap9sr7lv5w88p0nqfye0tineBeanInfo> (0x00000000ee4172f0) 
thrown [s\src\hotspot\share\classfile\systemDictionary.cpp, line 312]
Event: 7.530 Thread 0x00000225abc2f530 Exception <a 'java/lang/ClassNotFoundException'{0x00000000ee41f648}: org/gradle/initialization/InitScriptBeanInfo> (0x00000000ee41f648) 
thrown [s\src\hotspot\share\classfile\systemDictionary.cpp, line 312]
Event: 7.531 Thread 0x00000225abc2f530 Exception <a 'java/lang/ClassNotFoundException'{0x00000000ee427ab0}: org/gradle/groovy/scripts/DefaultScriptBeanInfo> (0x00000000ee427ab0) 
thrown [s\src\hotspot\share\classfile\systemDictionary.cpp, line 312]
Event: 7.532 Thread 0x00000225abc2f530 Exception <a 'java/lang/ClassNotFoundException'{0x00000000ee42fe48}: org/gradle/groovy/scripts/BasicScriptBeanInfo> (0x00000000ee42fe48) 
thrown [s\src\hotspot\share\classfile\systemDictionary.cpp, line 312]
Event: 7.533 Thread 0x00000225abc2f530 Exception <a 'java/lang/ClassNotFoundException'{0x00000000ee4391a0}: org/gradle/groovy/scripts/ScriptBeanInfo> (0x00000000ee4391a0) 
thrown [s\src\hotspot\share\classfile\systemDictionary.cpp, line 312]
Event: 7.534 Thread 0x00000225abc2f530 Exception <a 'java/lang/ClassNotFoundException'{0x00000000ee4422b0}: groovy/lang/ScriptBeanInfo> (0x00000000ee4422b0) 
thrown [s\src\hotspot\share\classfile\systemDictionary.cpp, line 312]
Event: 7.534 Thread 0x00000225abc2f530 Exception <a 'java/lang/ClassNotFoundException'{0x00000000ee44b660}: groovy/lang/ScriptCustomizer> (0x00000000ee44b660) 
thrown [s\src\hotspot\share\classfile\systemDictionary.cpp, line 312]
Event: 7.536 Thread 0x00000225abc2f530 Exception <a 'java/lang/ClassNotFoundException'{0x00000000ee45c5b8}: org/gradle/groovy/scripts/ScriptCustomizer> (0x00000000ee45c5b8) 
thrown [s\src\hotspot\share\classfile\systemDictionary.cpp, line 312]
Event: 7.538 Thread 0x00000225abc2f530 Exception <a 'java/lang/ClassNotFoundException'{0x00000000ee46b618}: org/gradle/groovy/scripts/BasicScriptCustomizer> (0x00000000ee46b618) 
thrown [s\src\hotspot\share\classfile\systemDictionary.cpp, line 312]
Event: 7.541 Thread 0x00000225abc2f530 Exception <a 'java/lang/ClassNotFoundException'{0x00000000ee480ee0}: org/gradle/groovy/scripts/DefaultScriptCustomizer> (0x00000000ee480ee0) 
thrown [s\src\hotspot\share\classfile\systemDictionary.cpp, line 312]
Event: 7.546 Thread 0x00000225abc2f530 Exception <a 'java/lang/ClassNotFoundException'{0x00000000ee4a66f0}: org/gradle/initialization/InitScriptCustomizer> (0x00000000ee4a66f0) 
thrown [s\src\hotspot\share\classfile\systemDictionary.cpp, line 312]
Event: 7.550 Thread 0x00000225abc2f530 Exception <a 'java/lang/ClassNotFoundException'{0x00000000ee4b4900}: ijMapper1_6ap9sr7lv5w88p0nqfye0tineCustomizer> (0x00000000ee4b4900) 
thrown [s\src\hotspot\share\classfile\systemDictionary.cpp, line 312]
Event: 7.578 Thread 0x00000225abc2f530 Exception <a 'java/lang/ClassNotFoundException'{0x00000000ee3640b0}: org/gradle/internal/extensibility/DefaultExtraPropertiesExtensionBeanInfo> (0x00000000ee3640b0) 
thrown [s\src\hotspot\share\classfile\systemDictionary.cpp, line 312]
Event: 7.579 Thread 0x00000225abc2f530 Exception <a 'java/lang/ClassNotFoundException'{0x00000000ee36c8f8}: org/gradle/internal/extensibility/DefaultExtraPropertiesExtensionCustomizer> (0x00000000ee36c8f8) 
thrown [s\src\hotspot\share\classfile\systemDictionary.cpp, line 312]

ZGC Phase Switch (0 events):
No events

VM Operations (20 events):
Event: 6.840 Executing VM operation: HandshakeAllThreads (Deoptimize)
Event: 6.841 Executing VM operation: HandshakeAllThreads (Deoptimize) done
Event: 6.943 Executing VM operation: HandshakeAllThreads (Deoptimize)
Event: 6.943 Executing VM operation: HandshakeAllThreads (Deoptimize) done
Event: 6.986 Executing VM operation: HandshakeAllThreads (Deoptimize)
Event: 6.986 Executing VM operation: HandshakeAllThreads (Deoptimize) done
Event: 7.172 Executing VM operation: CollectForMetadataAllocation (Metadata GC Threshold)
Event: 7.186 Executing VM operation: CollectForMetadataAllocation (Metadata GC Threshold) done
Event: 7.197 Executing VM operation: HandshakeAllThreads (Deoptimize)
Event: 7.197 Executing VM operation: HandshakeAllThreads (Deoptimize) done
Event: 7.215 Executing VM operation: CollectForMetadataAllocation (Metadata GC Threshold)
Event: 7.221 Executing VM operation: CollectForMetadataAllocation (Metadata GC Threshold) done
Event: 7.327 Executing VM operation: HandshakeAllThreads (Deoptimize)
Event: 7.327 Executing VM operation: HandshakeAllThreads (Deoptimize) done
Event: 7.378 Executing VM operation: CollectForMetadataAllocation (Metadata GC Threshold)
Event: 7.387 Executing VM operation: CollectForMetadataAllocation (Metadata GC Threshold) done
Event: 7.414 Executing VM operation: G1PauseRemark
Event: 7.418 Executing VM operation: G1PauseRemark done
Event: 7.425 Executing VM operation: G1PauseCleanup
Event: 7.425 Executing VM operation: G1PauseCleanup done

Memory protections (0 events):
No events

Nmethod flushes (20 events):
Event: 7.417 Thread 0x00000225ffda91f0 flushing  nmethod 0x00000225800ad590
Event: 7.417 Thread 0x00000225ffda91f0 flushing  nmethod 0x00000225800c1c90
Event: 7.417 Thread 0x00000225ffda91f0 flushing  nmethod 0x00000225800c2290
Event: 7.417 Thread 0x00000225ffda91f0 flushing  nmethod 0x00000225800c4490
Event: 7.417 Thread 0x00000225ffda91f0 flushing  nmethod 0x00000225800c5f90
Event: 7.417 Thread 0x00000225ffda91f0 flushing  nmethod 0x00000225800c9290
Event: 7.417 Thread 0x00000225ffda91f0 flushing  nmethod 0x00000225800ca090
Event: 7.417 Thread 0x00000225ffda91f0 flushing  nmethod 0x00000225800df410
Event: 7.417 Thread 0x00000225ffda91f0 flushing  nmethod 0x00000225800e3e90
Event: 7.417 Thread 0x00000225ffda91f0 flushing  nmethod 0x00000225800eff90
Event: 7.417 Thread 0x00000225ffda91f0 flushing  nmethod 0x00000225801b6290
Event: 7.417 Thread 0x00000225ffda91f0 flushing  nmethod 0x00000225801bc610
Event: 7.417 Thread 0x00000225ffda91f0 flushing  nmethod 0x00000225801bcc90
Event: 7.417 Thread 0x00000225ffda91f0 flushing  nmethod 0x00000225801dfe90
Event: 7.417 Thread 0x00000225ffda91f0 flushing  nmethod 0x00000225801e9c90
Event: 7.417 Thread 0x00000225ffda91f0 flushing  nmethod 0x000002258022b690
Event: 7.417 Thread 0x00000225ffda91f0 flushing  nmethod 0x0000022580268010
Event: 7.417 Thread 0x00000225ffda91f0 flushing  nmethod 0x0000022580269e10
Event: 7.417 Thread 0x00000225ffda91f0 flushing  nmethod 0x00000225802d2e90
Event: 7.417 Thread 0x00000225ffda91f0 flushing  nmethod 0x00000225805c8910

Events (20 events):
Event: 3.157 Thread 0x00000225abc2f530 Thread added: 0x00000225abafd820
Event: 3.585 Thread 0x00000225abb82290 Thread exited: 0x00000225abb82290
Event: 3.857 Thread 0x00000225abc2f530 Thread added: 0x00000225abafdeb0
Event: 3.870 Thread 0x00000225abc2f530 Thread added: 0x00000225abafe540
Event: 3.908 Thread 0x00000225abc2f530 Thread added: 0x00000225abaff8f0
Event: 4.047 Thread 0x00000225aa019d40 Thread added: 0x00000225ac050630
Event: 4.154 Thread 0x00000225aa019d40 Thread added: 0x00000225ac4be450
Event: 5.321 Thread 0x00000225abc2f530 Thread added: 0x00000225abaff260
Event: 5.590 Thread 0x00000225abc2f530 Thread added: 0x00000225abafff80
Event: 5.596 Thread 0x00000225abc2f530 Thread added: 0x00000225adbac4c0
Event: 5.689 Thread 0x00000225ac4be450 Thread exited: 0x00000225ac4be450
Event: 5.703 Thread 0x00000225ac050630 Thread exited: 0x00000225ac050630
Event: 5.786 Thread 0x00000225abc2f530 Thread added: 0x00000225adbacb50
Event: 5.823 Thread 0x00000225abc2f530 Thread added: 0x00000225adba6f70
Event: 5.936 Thread 0x00000225abc2f530 Thread added: 0x00000225adbab7a0
Event: 6.071 Thread 0x00000225abc2f530 Thread added: 0x00000225adbad1e0
Event: 6.094 Thread 0x00000225aa019d40 Thread added: 0x00000225abb97ad0
Event: 6.284 Thread 0x00000225abc2f530 Thread added: 0x00000225adba89b0
Event: 6.315 Thread 0x00000225abc2f530 Thread added: 0x00000225adba6250
Event: 6.372 Thread 0x00000225aa019d40 Thread added: 0x00000225abb951f0


Dynamic libraries:
0x00007ff623160000 - 0x00007ff62316e000 	C:\Users\gospi\.jdks\corretto-21.0.7\bin\java.exe
0x00007fff3faf0000 - 0x00007fff3fce8000 	C:\Windows\SYSTEM32\ntdll.dll
0x00007fff3ded0000 - 0x00007fff3df92000 	C:\Windows\System32\KERNEL32.DLL
0x00007fff3d600000 - 0x00007fff3d8f6000 	C:\Windows\System32\KERNELBASE.dll
0x00007fff3d190000 - 0x00007fff3d290000 	C:\Windows\System32\ucrtbase.dll
0x00007fff37160000 - 0x00007fff3717b000 	C:\Users\gospi\.jdks\corretto-21.0.7\bin\VCRUNTIME140.dll
0x00007fff38560000 - 0x00007fff38578000 	C:\Users\gospi\.jdks\corretto-21.0.7\bin\jli.dll
0x00007fff3e590000 - 0x00007fff3e72d000 	C:\Windows\System32\USER32.dll
0x00007fff23050000 - 0x00007fff232ea000 	C:\Windows\WinSxS\amd64_microsoft.windows.common-controls_6595b64144ccf1df_6.0.19041.5794_none_60bcd33171f2783c\COMCTL32.dll
0x00007fff3d350000 - 0x00007fff3d372000 	C:\Windows\System32\win32u.dll
0x00007fff3dc10000 - 0x00007fff3dcae000 	C:\Windows\System32\msvcrt.dll
0x00007fff3db20000 - 0x00007fff3db4b000 	C:\Windows\System32\GDI32.dll
0x00007fff3d950000 - 0x00007fff3da6a000 	C:\Windows\System32\gdi32full.dll
0x00007fff3d560000 - 0x00007fff3d5fd000 	C:\Windows\System32\msvcp_win.dll
0x00007fff3e4f0000 - 0x00007fff3e51f000 	C:\Windows\System32\IMM32.DLL
0x00007fff37560000 - 0x00007fff3756c000 	C:\Users\gospi\.jdks\corretto-21.0.7\bin\vcruntime140_1.dll
0x00007fff370d0000 - 0x00007fff3715d000 	C:\Users\gospi\.jdks\corretto-21.0.7\bin\msvcp140.dll
0x00007ffeddfd0000 - 0x00007ffeded6f000 	C:\Users\gospi\.jdks\corretto-21.0.7\bin\server\jvm.dll
0x00007fff3e980000 - 0x00007fff3ea2f000 	C:\Windows\System32\ADVAPI32.dll
0x00007fff3e730000 - 0x00007fff3e7cf000 	C:\Windows\System32\sechost.dll
0x00007fff3f860000 - 0x00007fff3f983000 	C:\Windows\System32\RPCRT4.dll
0x00007fff3d320000 - 0x00007fff3d347000 	C:\Windows\System32\bcrypt.dll
0x00007fff3f7f0000 - 0x00007fff3f85b000 	C:\Windows\System32\WS2_32.dll
0x00007fff33ca0000 - 0x00007fff33caa000 	C:\Windows\SYSTEM32\VERSION.dll
0x00007fff28700000 - 0x00007fff28727000 	C:\Windows\SYSTEM32\WINMM.dll
0x00007fff3cf40000 - 0x00007fff3cf8b000 	C:\Windows\SYSTEM32\POWRPROF.dll
0x00007fff3cf20000 - 0x00007fff3cf32000 	C:\Windows\SYSTEM32\UMPDC.dll
0x00007fff3b970000 - 0x00007fff3b982000 	C:\Windows\SYSTEM32\kernel.appcore.dll
0x00007fff370c0000 - 0x00007fff370ca000 	C:\Users\gospi\.jdks\corretto-21.0.7\bin\jimage.dll
0x00007fff3ace0000 - 0x00007fff3aee1000 	C:\Windows\SYSTEM32\DBGHELP.DLL
0x00007fff27000000 - 0x00007fff27034000 	C:\Windows\SYSTEM32\dbgcore.DLL
0x00007fff3d290000 - 0x00007fff3d312000 	C:\Windows\System32\bcryptPrimitives.dll
0x00007fff370b0000 - 0x00007fff370be000 	C:\Users\gospi\.jdks\corretto-21.0.7\bin\instrument.dll
0x00007fff32000000 - 0x00007fff3201f000 	C:\Users\gospi\.jdks\corretto-21.0.7\bin\java.dll
0x00007fff3ea30000 - 0x00007fff3f19e000 	C:\Windows\System32\SHELL32.dll
0x00007fff3aef0000 - 0x00007fff3b693000 	C:\Windows\SYSTEM32\windows.storage.dll
0x00007fff3e0b0000 - 0x00007fff3e403000 	C:\Windows\System32\combase.dll
0x00007fff3caf0000 - 0x00007fff3cb1b000 	C:\Windows\SYSTEM32\Wldp.dll
0x00007fff3f2a0000 - 0x00007fff3f36d000 	C:\Windows\System32\OLEAUT32.dll
0x00007fff3dfa0000 - 0x00007fff3e04d000 	C:\Windows\System32\SHCORE.dll
0x00007fff3e050000 - 0x00007fff3e0a5000 	C:\Windows\System32\shlwapi.dll
0x00007fff3d0c0000 - 0x00007fff3d0e5000 	C:\Windows\SYSTEM32\profapi.dll
0x00007fff163b0000 - 0x00007fff16487000 	C:\Users\gospi\.jdks\corretto-21.0.7\bin\jsvml.dll
0x00007fff2e170000 - 0x00007fff2e188000 	C:\Users\gospi\.jdks\corretto-21.0.7\bin\zip.dll
0x00007fff37040000 - 0x00007fff37050000 	C:\Users\gospi\.jdks\corretto-21.0.7\bin\net.dll
0x00007fff33b40000 - 0x00007fff33c4a000 	C:\Windows\SYSTEM32\WINHTTP.dll
0x00007fff3c800000 - 0x00007fff3c86c000 	C:\Windows\system32\mswsock.dll
0x00007fff2e150000 - 0x00007fff2e166000 	C:\Users\gospi\.jdks\corretto-21.0.7\bin\nio.dll
0x00007fff347b0000 - 0x00007fff347c0000 	C:\Users\gospi\.jdks\corretto-21.0.7\bin\verify.dll
0x00007fff38580000 - 0x00007fff385a7000 	C:\Users\gospi\.gradle\native\c067742578af261105cb4f569cf0c3c89f3d7b1fecec35dd04571415982c5e48\windows-amd64\native-platform.dll
0x00007fff15d90000 - 0x00007fff15ed4000 	C:\Users\gospi\.gradle\native\100fb08df4bc3b14c8652ba06237920a3bd2aa13389f12d3474272988ae205f9\windows-amd64\native-platform-file-events.dll
0x00007fff31ff0000 - 0x00007fff31ff9000 	C:\Users\gospi\.jdks\corretto-21.0.7\bin\management.dll
0x00007fff2e140000 - 0x00007fff2e14b000 	C:\Users\gospi\.jdks\corretto-21.0.7\bin\management_ext.dll
0x00007fff3db50000 - 0x00007fff3db58000 	C:\Windows\System32\PSAPI.DLL
0x00007fff3ca30000 - 0x00007fff3ca48000 	C:\Windows\SYSTEM32\CRYPTSP.dll
0x00007fff3c130000 - 0x00007fff3c168000 	C:\Windows\system32\rsaenh.dll
0x00007fff3d080000 - 0x00007fff3d0ae000 	C:\Windows\SYSTEM32\USERENV.dll
0x00007fff3ca20000 - 0x00007fff3ca2c000 	C:\Windows\SYSTEM32\CRYPTBASE.dll
0x00007fff3c500000 - 0x00007fff3c53b000 	C:\Windows\SYSTEM32\IPHLPAPI.DLL
0x00007fff3f7e0000 - 0x00007fff3f7e8000 	C:\Windows\System32\NSI.dll
0x00007fff2e130000 - 0x00007fff2e139000 	C:\Users\gospi\.jdks\corretto-21.0.7\bin\extnet.dll
0x00007fff2e120000 - 0x00007fff2e12e000 	C:\Users\gospi\.jdks\corretto-21.0.7\bin\sunmscapi.dll
0x00007fff3d400000 - 0x00007fff3d55d000 	C:\Windows\System32\CRYPT32.dll
0x00007fff3cb60000 - 0x00007fff3cb87000 	C:\Windows\SYSTEM32\ncrypt.dll
0x00007fff3cb20000 - 0x00007fff3cb5b000 	C:\Windows\SYSTEM32\NTASN1.dll
0x00007ffef3cf0000 - 0x00007ffef3cf7000 	C:\Windows\system32\wshunix.dll

dbghelp: loaded successfully - version: 4.0.5 - missing functions: none
symbol engine: initialized successfully - sym options: 0x614 - pdb path: .;C:\Users\gospi\.jdks\corretto-21.0.7\bin;C:\Windows\SYSTEM32;C:\Windows\WinSxS\amd64_microsoft.windows.common-controls_6595b64144ccf1df_6.0.19041.5794_none_60bcd33171f2783c;C:\Users\gospi\.jdks\corretto-21.0.7\bin\server;C:\Users\gospi\.gradle\native\c067742578af261105cb4f569cf0c3c89f3d7b1fecec35dd04571415982c5e48\windows-amd64;C:\Users\gospi\.gradle\native\100fb08df4bc3b14c8652ba06237920a3bd2aa13389f12d3474272988ae205f9\windows-amd64

VM Arguments:
jvm_args: --add-opens=java.base/java.util=ALL-UNNAMED --add-opens=java.base/java.lang=ALL-UNNAMED --add-opens=java.base/java.lang.invoke=ALL-UNNAMED --add-opens=java.prefs/java.util.prefs=ALL-UNNAMED --add-opens=java.base/java.nio.charset=ALL-UNNAMED --add-opens=java.base/java.net=ALL-UNNAMED --add-opens=java.base/java.util.concurrent.atomic=ALL-UNNAMED -XX:MaxMetaspaceSize=384m -XX:+HeapDumpOnOutOfMemoryError -Xms256m -Xmx512m -Dfile.encoding=UTF-8 -Duser.country=US -Duser.language=es -Duser.variant -javaagent:C:\Users\gospi\.gradle\wrapper\dists\gradle-8.8-bin\dl7vupf4psengwqhwktix4v1\gradle-8.8\lib\agents\gradle-instrumentation-agent-8.8.jar 
java_command: org.gradle.launcher.daemon.bootstrap.GradleDaemon 8.8
java_class_path (initial): C:\Users\gospi\.gradle\wrapper\dists\gradle-8.8-bin\dl7vupf4psengwqhwktix4v1\gradle-8.8\lib\gradle-launcher-8.8.jar
Launcher Type: SUN_STANDARD

[Global flags]
     intx CICompilerCount                          = 4                                         {product} {ergonomic}
   size_t CompressedClassSpaceSize                 = 335544320                                 {product} {ergonomic}
     uint ConcGCThreads                            = 2                                         {product} {ergonomic}
     uint G1ConcRefinementThreads                  = 8                                         {product} {ergonomic}
   size_t G1HeapRegionSize                         = 1048576                                   {product} {ergonomic}
    uintx GCDrainStackTargetSize                   = 64                                        {product} {ergonomic}
     bool HeapDumpOnOutOfMemoryError               = true                                   {manageable} {command line}
   size_t InitialHeapSize                          = 268435456                                 {product} {command line}
   size_t MarkStackSize                            = 4194304                                   {product} {ergonomic}
   size_t MaxHeapSize                              = 536870912                                 {product} {command line}
   size_t MaxMetaspaceSize                         = 402653184                                 {product} {command line}
   size_t MaxNewSize                               = 321912832                                 {product} {ergonomic}
   size_t MinHeapDeltaBytes                        = 1048576                                   {product} {ergonomic}
   size_t MinHeapSize                              = 268435456                                 {product} {command line}
    uintx NonNMethodCodeHeapSize                   = 5839372                                {pd product} {ergonomic}
    uintx NonProfiledCodeHeapSize                  = 122909434                              {pd product} {ergonomic}
    uintx ProfiledCodeHeapSize                     = 122909434                              {pd product} {ergonomic}
    uintx ReservedCodeCacheSize                    = 251658240                              {pd product} {ergonomic}
     bool SegmentedCodeCache                       = true                                      {product} {ergonomic}
   size_t SoftMaxHeapSize                          = 536870912                              {manageable} {ergonomic}
     bool UseCompressedOops                        = true                           {product lp64_product} {ergonomic}
     bool UseG1GC                                  = true                                      {product} {ergonomic}
     bool UseLargePagesIndividualAllocation        = false                                  {pd product} {ergonomic}

Logging:
Log output configuration:
 #0: stdout all=warning uptime,level,tags foldmultilines=false
 #1: stderr all=off uptime,level,tags foldmultilines=false

Environment Variables:
JAVA_HOME=C:\Program Files\Java\jdk-21
PATH=C:\Program Files\Java\jdk-21\bin;C:\Program Files\Common Files\Oracle\Java\javapath;C:\Windows\system32;C:\Windows;C:\Windows\System32\Wbem;C:\Windows\System32\WindowsPowerShell\v1.0\;C:\Windows\System32\OpenSSH\;C:\Program Files\Git\cmd;C:\Program Files\PuTTY\;C:\Program Files\Docker\Docker\resources\bin;C:\Program Files\nodejs\;C:\Users\gospi\AppData\Local\Microsoft\WindowsApps;C:\Users\gospi\AppData\Local\Programs\Microsoft VS Code\bin;C:\Program Files\JetBrains\IntelliJ IDEA 2024.3.2.2\bin;;C:\Users\gospi\AppData\Local\GitHubDesktop\bin;C:\Users\gospi\AppData\Roaming\npm
USERNAME=gospi
OS=Windows_NT
PROCESSOR_IDENTIFIER=Intel64 Family 6 Model 126 Stepping 5, GenuineIntel
TMP=C:\Users\gospi\AppData\Local\Temp
TEMP=C:\Users\gospi\AppData\Local\Temp




Periodic native trim disabled

---------------  S Y S T E M  ---------------

OS:
 Windows 10 , 64 bit Build 19041 (10.0.19041.5794)
OS uptime: 0 days 0:02 hours
Hyper-V role detected

CPU: total 8 (initial active 8) (4 cores per cpu, 2 threads per core) family 6 model 126 stepping 5 microcode 0x78, cx8, cmov, fxsr, ht, mmx, 3dnowpref, sse, sse2, sse3, ssse3, sse4.1, sse4.2, popcnt, lzcnt, tsc, tscinvbit, avx, avx2, aes, erms, clmul, bmi1, bmi2, adx, avx512f, avx512dq, avx512cd, avx512bw, avx512vl, sha, fma, vzeroupper, avx512_vpopcntdq, avx512_vpclmulqdq, avx512_vaes, avx512_vnni, clflush, clflushopt, avx512_vbmi2, avx512_vbmi, hv, rdtscp, rdpid, fsrm, gfni, avx512_bitalg, f16c, avx512_ifma
Processor Information for the first 8 processors :
  Max Mhz: 1498, Current Mhz: 1098, Mhz Limit: 1093

Memory: 4k page, system-wide physical 12083M (3614M free)
TotalPageFile size 13465M (AvailPageFile size 4505M)
current process WorkingSet (physical memory assigned to process): 313M, peak: 314M
current process commit charge ("private bytes"): 479M, peak: 486M

vm_info: OpenJDK 64-Bit Server VM (21.0.7+6-LTS) for windows-amd64 JRE (21.0.7+6-LTS), built on 2025-04-14T16:08:54Z by "Administrator" with MS VC++ 16.10 / 16.11 (VS2019)

END.
