#
# A fatal error has been detected by the Java Runtime Environment:
#
#  EXCEPTION_ACCESS_VIOLATION (0xc0000005) at pc=0x00007ff8c54e2d5b, pid=18388, tid=16376
#
# JRE version: OpenJDK Runtime Environment Corretto-21.0.7.6.1 (21.0.7+6) (build 21.0.7+6-LTS)
# Java VM: OpenJDK 64-Bit Server VM Corretto-21.0.7.6.1 (21.0.7+6-LTS, mixed mode, sharing, tiered, compressed oops, compressed class ptrs, g1 gc, windows-amd64)
# Problematic frame:
# V  [jvm.dll+0x702d5b]
#
# No core dump will be written. Minidumps are not enabled by default on client versions of Windows
#
# If you would like to submit a bug report, please visit:
#   https://github.com/corretto/corretto-21/issues/
#

---------------  S U M M A R Y ------------

Command Line: --add-opens=java.base/java.util=ALL-UNNAMED --add-opens=java.base/java.lang=ALL-UNNAMED --add-opens=java.base/java.lang.invoke=ALL-UNNAMED --add-opens=java.prefs/java.util.prefs=ALL-UNNAMED --add-opens=java.base/java.nio.charset=ALL-UNNAMED --add-opens=java.base/java.net=ALL-UNNAMED --add-opens=java.base/java.util.concurrent.atomic=ALL-UNNAMED -XX:MaxMetaspaceSize=384m -XX:+HeapDumpOnOutOfMemoryError -Xms256m -Xmx512m -Dfile.encoding=UTF-8 -Duser.country=US -Duser.language=es -Duser.variant -javaagent:C:\Users\gospi\.gradle\wrapper\dists\gradle-8.8-bin\dl7vupf4psengwqhwktix4v1\gradle-8.8\lib\agents\gradle-instrumentation-agent-8.8.jar org.gradle.launcher.daemon.bootstrap.GradleDaemon 8.8

Host: Intel(R) Core(TM) i5-1035G4 CPU @ 1.10GHz, 8 cores, 11G,  Windows 10 , 64 bit Build 19041 (10.0.19041.5794)
Time: Sun Jun  1 09:45:45 2025 Hora est. Pacífico, Sudamérica elapsed time: 4.138864 seconds (0d 0h 0m 4s)

---------------  T H R E A D  ---------------

Current thread (0x0000018ef22dcdd0):  JavaThread "C2 CompilerThread1" daemon [_thread_in_native, id=16376, stack(0x0000005661a00000,0x0000005661b00000) (1024K)]


Current CompileTask:
C2:4138 3613   !   4       java.security.AccessController::doPrivileged (26 bytes)

Stack: [0x0000005661a00000,0x0000005661b00000],  sp=0x0000005661afc3b0,  free space=1008k
Native frames: (J=compiled Java code, j=interpreted, Vv=VM code, C=native code)
V  [jvm.dll+0x702d5b]
V  [jvm.dll+0x2590ae]
V  [jvm.dll+0x24f7bb]
V  [jvm.dll+0x24dbfe]
V  [jvm.dll+0x1cc454]
V  [jvm.dll+0x25d3d9]
V  [jvm.dll+0x25b98b]
V  [jvm.dll+0x3faea6]
V  [jvm.dll+0x85f998]
V  [jvm.dll+0x6d902d]
C  [ucrtbase.dll+0x21bb2]
C  [KERNEL32.DLL+0x17374]
C  [ntdll.dll+0x4cc91]


siginfo: EXCEPTION_ACCESS_VIOLATION (0xc0000005), reading address 0x0000020000000000


Registers:
RAX=0x0000018ef6e12e50, RBX=0x0000000000005ce9, RCX=0x0000020000000000, RDX=0x0000018ef668b110
RSP=0x0000005661afc3b0, RBP=0x0000000000008000, RSI=0x0000018ef668b110, RDI=0x0000000000000163
R8 =0x0000000000000000, R9 =0x0000000000000001, R10=0x0000018ef245d0b8, R11=0x0000005661afc330
R12=0x0000018ef2088f50, R13=0x0000000000000000, R14=0x000000000002e748, R15=0x0000005661afc5f0
RIP=0x00007ff8c54e2d5b, EFLAGS=0x0000000000010206

XMM[0]=0x0000000000000000 0x0000000000000000
XMM[1]=0x0000018ef40c13d8 0x0000018ef40c1350
XMM[2]=0x0000018ef5811e08 0x0000018ef40c1468
XMM[3]=0x0000000000000000 0x0000000000000000
XMM[4]=0x0000000000000000 0x0000000000000000
XMM[5]=0x0000018ef6868678 0x0000018ef5811e50
XMM[6]=0x0000000000000000 0x0000000000000000
XMM[7]=0x0000000000000000 0x0000000000000000
XMM[8]=0x0000000000000000 0x0000000000000000
XMM[9]=0x0000000000000000 0x0000000000000000
XMM[10]=0x0000000000000000 0x0000000000000000
XMM[11]=0x0000000000000000 0x0000000000000000
XMM[12]=0x0000000000000000 0x0000000000000000
XMM[13]=0x0000000000000000 0x0000000000000000
XMM[14]=0x0000000000000000 0x0000000000000000
XMM[15]=0x0000000000000000 0x0000000000000000
  MXCSR=0x00001fa0


Register to memory mapping:

RAX=0x0000018ef6e12e50 points into unknown readable memory: 0x0000018ef2088f50 | 50 8f 08 f2 8e 01 00 00
RBX=0x0000000000005ce9 is an unknown value
RCX=0x0000020000000000 is an unknown value
RDX=0x0000018ef668b110 points into unknown readable memory: 0x0000005661afe7c0 | c0 e7 af 61 56 00 00 00
RSP=0x0000005661afc3b0 is pointing into the stack for thread: 0x0000018ef22dcdd0
RBP=0x0000000000008000 is an unknown value
RSI=0x0000018ef668b110 points into unknown readable memory: 0x0000005661afe7c0 | c0 e7 af 61 56 00 00 00
RDI=0x0000000000000163 is an unknown value
R8 =0x0 is null
R9 =0x0000000000000001 is an unknown value
R10=0x0000018ef245d0b8 points into unknown readable memory: 0x00007ff8c589f318 | 18 f3 89 c5 f8 7f 00 00
R11=0x0000005661afc330 is pointing into the stack for thread: 0x0000018ef22dcdd0
R12=0x0000018ef2088f50 points into unknown readable memory: 0x00007ff8c574b428 | 28 b4 74 c5 f8 7f 00 00
R13=0x0 is null
R14=0x000000000002e748 is an unknown value
R15=0x0000005661afc5f0 is pointing into the stack for thread: 0x0000018ef22dcdd0

Top of Stack: (sp=0x0000005661afc3b0)
0x0000005661afc3b0:   0000000000004d1d 0000000000008000
0x0000005661afc3c0:   0000018ef668b110 0000000000000163
0x0000005661afc3d0:   0000018ef56f74d8 00007ff8c54e1e2e
0x0000005661afc3e0:   0000000000000014 000000000000206f
0x0000005661afc3f0:   0000018ef2223f60 0000005661afc5f0
0x0000005661afc400:   0000018ef42a9f50 00007ff8c50390ae
0x0000005661afc410:   0000005661afc490 0000018ef42ad410
0x0000005661afc420:   0000000000000163 0000018ef56f74d8
0x0000005661afc430:   0000018ef22c3060 00007ff800004000
0x0000005661afc440:   0000018ef541e420 00007ff80000206f
0x0000005661afc450:   0000000000000400 0000018ef4481a60
0x0000005661afc460:   0000000000000400 0000018ef22c3060
0x0000005661afc470:   0000000000000000 0000000000000000
0x0000005661afc480:   0000018ef2223f60 0000000000000000
0x0000005661afc490:   0000018ebbbc3160 0000000000000070
0x0000005661afc4a0:   0000005661afc5b0 00007ff8c502f7bb
0x0000005661afc4b0:   0000005661afe690 00007ff8c57ff0e0
0x0000005661afc4c0:   0000000000000014 0000000000000070
0x0000005661afc4d0:   0000018ef5604b00 0000018ef4a468f0
0x0000005661afc4e0:   0000000000000000 0000000000000000
0x0000005661afc4f0:   0000018ef5604bf0 00007ff8c5651f00
0x0000005661afc500:   0000018ef202fa98 00007ff8c57ff0e0
0x0000005661afc510:   0000000000000000 0000005661afe690
0x0000005661afc520:   0000000000000000 00007ff8c57ff0e0
0x0000005661afc530:   0000018ef4169b00 0000018ef40c32d0
0x0000005661afc540:   0000018ef45fff20 0000000000000005
0x0000005661afc550:   0000018ef4a468f0 00007ff8c50cfa63
0x0000005661afc560:   0000018ef4a468f0 0000018ef22c3060
0x0000005661afc570:   0000018ef66d2d70 0000018ef66dad30
0x0000005661afc580:   0000018ef66dad58 00000000000382c0
0x0000005661afc590:   0000000000000000 0000000000000000
0x0000005661afc5a0:   0000000000000000 0000000000000000 

Instructions: (pc=0x00007ff8c54e2d5b)
0x00007ff8c54e2c5b:   08 00 00 00 00 eb 24 48 83 e9 10 49 8b d6 48 89
0x00007ff8c54e2c6b:   4c 24 20 48 8b 8e 68 09 00 00 e8 96 39 fb ff 48
0x00007ff8c54e2c7b:   8b 4e 10 49 8b d6 e8 9a 65 b5 ff 48 8b 44 24 20
0x00007ff8c54e2c8b:   48 3b 44 24 30 0f 83 9b fd ff ff 48 8b ac 24 88
0x00007ff8c54e2c9b:   00 00 00 4c 8b b4 24 90 00 00 00 4c 8b bc 24 98
0x00007ff8c54e2cab:   00 00 00 49 83 3c 24 00 74 13 49 8b d7 49 8b cd
0x00007ff8c54e2cbb:   e8 f0 40 9c ff 49 8b cc e8 c8 40 9c ff 49 39 6d
0x00007ff8c54e2ccb:   18 74 0c 4d 89 65 10 49 89 6d 18 4d 89 75 20 48
0x00007ff8c54e2cdb:   8b 9c 24 80 00 00 00 48 83 c4 40 41 5f 41 5e 41
0x00007ff8c54e2ceb:   5d 41 5c 5f 5e 5d c3 cc cc cc cc cc cc cc cc cc
0x00007ff8c54e2cfb:   cc cc cc cc cc 40 53 41 55 41 57 48 83 ec 40 48
0x00007ff8c54e2d0b:   8b 51 28 45 33 ed 41 8b dd 4c 8b f9 39 5a 08 0f
0x00007ff8c54e2d1b:   86 24 01 00 00 48 89 6c 24 60 48 89 74 24 68 48
0x00007ff8c54e2d2b:   89 7c 24 70 4c 89 64 24 38 4c 89 74 24 30 0f 1f
0x00007ff8c54e2d3b:   80 00 00 00 00 8b c3 4c 8d 34 c5 00 00 00 00 48
0x00007ff8c54e2d4b:   8b 42 10 49 8b 0c 06 48 85 c9 0f 84 c1 00 00 00
0x00007ff8c54e2d5b:   48 8b 01 ff 90 80 00 00 00 49 8b 77 28 4c 8b e0
0x00007ff8c54e2d6b:   8b 6e 08 3b dd 0f 82 9e 00 00 00 85 ed 75 41 4c
0x00007ff8c54e2d7b:   8b 0e c7 46 08 01 00 00 00 49 8b 49 18 49 8b 41
0x00007ff8c54e2d8b:   20 48 2b c1 48 83 f8 08 72 0a 48 8d 41 08 49 89
0x00007ff8c54e2d9b:   41 18 eb 12 45 33 c0 49 8b c9 41 8d 50 08 e8 f2
0x00007ff8c54e2dab:   3c 9c ff 48 8b c8 48 89 4e 10 4c 89 29 8b 6e 08
0x00007ff8c54e2dbb:   8d 53 01 85 d2 74 04 85 d3 74 0c 0f bd ca ba 01
0x00007ff8c54e2dcb:   00 00 00 ff c1 d3 e2 48 8b 0e 44 8b ca 8b c5 89
0x00007ff8c54e2ddb:   56 08 48 8b 56 10 49 c1 e1 03 48 8d 3c c5 00 00
0x00007ff8c54e2deb:   00 00 44 89 6c 24 20 4c 8b c7 e8 c6 38 9c ff 44
0x00007ff8c54e2dfb:   8b 46 08 33 d2 44 2b c5 48 89 46 10 49 c1 e0 03
0x00007ff8c54e2e0b:   48 8d 0c 07 e8 7e 51 25 00 48 8b 46 10 4d 89 24
0x00007ff8c54e2e1b:   06 49 8b 57 28 ff c3 3b 5a 08 0f 82 15 ff ff ff
0x00007ff8c54e2e2b:   4c 8b 74 24 30 4c 8b 64 24 38 48 8b 7c 24 70 48
0x00007ff8c54e2e3b:   8b 74 24 68 48 8b 6c 24 60 48 83 c4 40 41 5f 41
0x00007ff8c54e2e4b:   5d 5b c3 cc cc 48 89 5c 24 08 48 89 74 24 10 57 


Stack slot to memory mapping:

stack at sp + 0 slots: 0x0000000000004d1d is an unknown value
stack at sp + 1 slots: 0x0000000000008000 is an unknown value
stack at sp + 2 slots: 0x0000018ef668b110 points into unknown readable memory: 0x0000005661afe7c0 | c0 e7 af 61 56 00 00 00
stack at sp + 3 slots: 0x0000000000000163 is an unknown value
stack at sp + 4 slots: 0x0000018ef56f74d8 points into unknown readable memory: 0x00007ff8c57d9db0 | b0 9d 7d c5 f8 7f 00 00
stack at sp + 5 slots: 0x00007ff8c54e1e2e jvm.dll
stack at sp + 6 slots: 0x0000000000000014 is an unknown value
stack at sp + 7 slots: 0x000000000000206f is an unknown value


---------------  P R O C E S S  ---------------

Threads class SMR info:
_java_thread_list=0x0000018ef4fda890, length=35, elements={
0x0000018ebdef2930, 0x0000018ef2006c00, 0x0000018ef2007cc0, 0x0000018ef200c0f0,
0x0000018ef200cee0, 0x0000018ef200dae0, 0x0000018ef200e6e0, 0x0000018ef201a640,
0x0000018ef201de20, 0x0000018ef20debf0, 0x0000018ef2231b70, 0x0000018ef22dcdd0,
0x0000018ef3d73c30, 0x0000018ef3b5a530, 0x0000018ef3bbd5c0, 0x0000018ef3cc75e0,
0x0000018ef3bb8410, 0x0000018ef3bb1d40, 0x0000018ef3bb33b0, 0x0000018ef3c8d430,
0x0000018ef3c8e7e0, 0x0000018ef3c8cda0, 0x0000018ef3c8ee70, 0x0000018ef3c8dac0,
0x0000018ef3c8f500, 0x0000018ef3c8fb90, 0x0000018ef3c8c710, 0x0000018ef3c8e150,
0x0000018ef7257f00, 0x0000018ef7257870, 0x0000018ef72564c0, 0x0000018ef7259940,
0x0000018ef7258590, 0x0000018ef72571e0, 0x0000018ef4fd9a80
}

Java Threads: ( => current thread )
  0x0000018ebdef2930 JavaThread "main"                              [_thread_blocked, id=18116, stack(0x0000005660800000,0x0000005660900000) (1024K)]
  0x0000018ef2006c00 JavaThread "Reference Handler"          daemon [_thread_blocked, id=11196, stack(0x0000005661000000,0x0000005661100000) (1024K)]
  0x0000018ef2007cc0 JavaThread "Finalizer"                  daemon [_thread_blocked, id=16848, stack(0x0000005661100000,0x0000005661200000) (1024K)]
  0x0000018ef200c0f0 JavaThread "Signal Dispatcher"          daemon [_thread_blocked, id=12040, stack(0x0000005661200000,0x0000005661300000) (1024K)]
  0x0000018ef200cee0 JavaThread "Attach Listener"            daemon [_thread_blocked, id=8364, stack(0x0000005661300000,0x0000005661400000) (1024K)]
  0x0000018ef200dae0 JavaThread "Service Thread"             daemon [_thread_blocked, id=9336, stack(0x0000005661400000,0x0000005661500000) (1024K)]
  0x0000018ef200e6e0 JavaThread "Monitor Deflation Thread"   daemon [_thread_blocked, id=17672, stack(0x0000005661500000,0x0000005661600000) (1024K)]
  0x0000018ef201a640 JavaThread "C2 CompilerThread0"         daemon [_thread_in_native, id=17456, stack(0x0000005661600000,0x0000005661700000) (1024K)]
  0x0000018ef201de20 JavaThread "C1 CompilerThread0"         daemon [_thread_blocked, id=13196, stack(0x0000005661700000,0x0000005661800000) (1024K)]
  0x0000018ef20debf0 JavaThread "Common-Cleaner"             daemon [_thread_blocked, id=12528, stack(0x0000005661800000,0x0000005661900000) (1024K)]
  0x0000018ef2231b70 JavaThread "Notification Thread"        daemon [_thread_blocked, id=17688, stack(0x0000005661900000,0x0000005661a00000) (1024K)]
=>0x0000018ef22dcdd0 JavaThread "C2 CompilerThread1"         daemon [_thread_in_native, id=16376, stack(0x0000005661a00000,0x0000005661b00000) (1024K)]
  0x0000018ef3d73c30 JavaThread "Daemon health stats"               [_thread_blocked, id=7468, stack(0x0000005662000000,0x0000005662100000) (1024K)]
  0x0000018ef3b5a530 JavaThread "Incoming local TCP Connector on port 52638"        [_thread_in_native, id=11536, stack(0x0000005662100000,0x0000005662200000) (1024K)]
  0x0000018ef3bbd5c0 JavaThread "Daemon periodic checks"            [_thread_blocked, id=7188, stack(0x0000005662200000,0x0000005662300000) (1024K)]
  0x0000018ef3cc75e0 JavaThread "Daemon"                            [_thread_blocked, id=16664, stack(0x0000005662300000,0x0000005662400000) (1024K)]
  0x0000018ef3bb8410 JavaThread "Handler for socket connection from /127.0.0.1:52638 to /127.0.0.1:52639"        [_thread_in_native, id=16780, stack(0x0000005662400000,0x0000005662500000) (1024K)]
  0x0000018ef3bb1d40 JavaThread "Cancel handler"                    [_thread_blocked, id=7816, stack(0x0000005662500000,0x0000005662600000) (1024K)]
  0x0000018ef3bb33b0 JavaThread "Daemon worker"                     [_thread_in_Java, id=17476, stack(0x0000005662600000,0x0000005662700000) (1024K)]
  0x0000018ef3c8d430 JavaThread "Asynchronous log dispatcher for DefaultDaemonConnection: socket connection from /127.0.0.1:52638 to /127.0.0.1:52639"        [_thread_blocked, id=9948, stack(0x0000005662700000,0x0000005662800000) (1024K)]
  0x0000018ef3c8e7e0 JavaThread "Stdin handler"                     [_thread_blocked, id=8296, stack(0x0000005662800000,0x0000005662900000) (1024K)]
  0x0000018ef3c8cda0 JavaThread "Daemon client event forwarder"        [_thread_blocked, id=5232, stack(0x0000005662900000,0x0000005662a00000) (1024K)]
  0x0000018ef3c8ee70 JavaThread "Cache worker for journal cache (C:\Users\gospi\.gradle\caches\journal-1)"        [_thread_blocked, id=15736, stack(0x0000005662a00000,0x0000005662b00000) (1024K)]
  0x0000018ef3c8dac0 JavaThread "File lock request listener"        [_thread_in_native, id=3076, stack(0x0000005662b00000,0x0000005662c00000) (1024K)]
  0x0000018ef3c8f500 JavaThread "Cache worker for file hash cache (C:\Users\gospi\.gradle\caches\8.8\fileHashes)"        [_thread_blocked, id=11780, stack(0x0000005662c00000,0x0000005662d00000) (1024K)]
  0x0000018ef3c8fb90 JavaThread "Cache worker for file hash cache (C:\Users\gospi\OneDrive\Documents\NewWS\ReportesRapidos\.gradle\8.8\fileHashes)"        [_thread_blocked, id=16636, stack(0x0000005663100000,0x0000005663200000) (1024K)]
  0x0000018ef3c8c710 JavaThread "File watcher server"        daemon [_thread_in_native, id=17748, stack(0x0000005663200000,0x0000005663300000) (1024K)]
  0x0000018ef3c8e150 JavaThread "File watcher consumer"      daemon [_thread_blocked, id=9380, stack(0x0000005663300000,0x0000005663400000) (1024K)]
  0x0000018ef7257f00 JavaThread "Cache worker for checksums cache (C:\Users\gospi\OneDrive\Documents\NewWS\ReportesRapidos\.gradle\8.8\checksums)"        [_thread_blocked, id=13300, stack(0x0000005662d00000,0x0000005662e00000) (1024K)]
  0x0000018ef7257870 JavaThread "Cache worker for file content cache (C:\Users\gospi\.gradle\caches\8.8\fileContent)"        [_thread_blocked, id=18112, stack(0x0000005663400000,0x0000005663500000) (1024K)]
  0x0000018ef72564c0 JavaThread "Cache worker for cache directory md-rule (C:\Users\gospi\.gradle\caches\8.8\md-rule)"        [_thread_blocked, id=804, stack(0x0000005663500000,0x0000005663600000) (1024K)]
  0x0000018ef7259940 JavaThread "Cache worker for cache directory md-supplier (C:\Users\gospi\.gradle\caches\8.8\md-supplier)"        [_thread_blocked, id=11788, stack(0x0000005663600000,0x0000005663700000) (1024K)]
  0x0000018ef7258590 JavaThread "jar transforms"                    [_thread_blocked, id=18260, stack(0x0000005663700000,0x0000005663800000) (1024K)]
  0x0000018ef72571e0 JavaThread "jar transforms Thread 2"           [_thread_blocked, id=15192, stack(0x0000005663800000,0x0000005663900000) (1024K)]
  0x0000018ef4fd9a80 JavaThread "C2 CompilerThread2"         daemon [_thread_in_native, id=18268, stack(0x0000005663900000,0x0000005663a00000) (1024K)]
Total: 35

Other Threads:
  0x0000018ed8d8c310 VMThread "VM Thread"                           [id=7116, stack(0x0000005660f00000,0x0000005661000000) (1024K)]
  0x0000018ed8d78ff0 WatcherThread "VM Periodic Task Thread"        [id=15528, stack(0x0000005660e00000,0x0000005660f00000) (1024K)]
  0x0000018ebdf1c1c0 WorkerThread "GC Thread#0"                     [id=17876, stack(0x0000005660900000,0x0000005660a00000) (1024K)]
  0x0000018ef2deea20 WorkerThread "GC Thread#1"                     [id=16072, stack(0x0000005661b00000,0x0000005661c00000) (1024K)]
  0x0000018ef2e33250 WorkerThread "GC Thread#2"                     [id=15652, stack(0x0000005661c00000,0x0000005661d00000) (1024K)]
  0x0000018ef2e335f0 WorkerThread "GC Thread#3"                     [id=15844, stack(0x0000005661d00000,0x0000005661e00000) (1024K)]
  0x0000018ef2e33fa0 WorkerThread "GC Thread#4"                     [id=17788, stack(0x0000005661e00000,0x0000005661f00000) (1024K)]
  0x0000018ef2e34340 WorkerThread "GC Thread#5"                     [id=1420, stack(0x0000005661f00000,0x0000005662000000) (1024K)]
  0x0000018ef4fe2980 WorkerThread "GC Thread#6"                     [id=17480, stack(0x0000005662e00000,0x0000005662f00000) (1024K)]
  0x0000018ef4fe2d20 WorkerThread "GC Thread#7"                     [id=16892, stack(0x0000005662f00000,0x0000005663000000) (1024K)]
  0x0000018ebdf220c0 ConcurrentGCThread "G1 Main Marker"            [id=7716, stack(0x0000005660a00000,0x0000005660b00000) (1024K)]
  0x0000018ebdf23080 WorkerThread "G1 Conc#0"                       [id=304, stack(0x0000005660b00000,0x0000005660c00000) (1024K)]
  0x0000018ef4fe3ba0 WorkerThread "G1 Conc#1"                       [id=7832, stack(0x0000005663000000,0x0000005663100000) (1024K)]
  0x0000018ed8c4b230 ConcurrentGCThread "G1 Refine#0"               [id=14972, stack(0x0000005660c00000,0x0000005660d00000) (1024K)]
  0x0000018ed8c4bbb0 ConcurrentGCThread "G1 Service"                [id=10008, stack(0x0000005660d00000,0x0000005660e00000) (1024K)]
Total: 15

Threads with active compile tasks:
C2 CompilerThread0  4172 3611   !   4       java.lang.ClassLoader::loadClass (121 bytes)
C1 CompilerThread0  4172 3707       3       java.util.stream.MatchOps::makeRef (29 bytes)
C2 CompilerThread1  4172 3613   !   4       java.security.AccessController::doPrivileged (26 bytes)
C2 CompilerThread2  4172 3697       4       java.util.HashMap::putIfAbsent (13 bytes)
Total: 4

VM state: not at safepoint (normal execution)

VM Mutex/Monitor currently owned by a thread:  ([mutex/lock_event])
[0x00007ff8c5a9ce28] MethodCompileQueue_lock - owner thread: 0x0000000000000000

Heap address: 0x00000000e0000000, size: 512 MB, Compressed Oops mode: 32-bit

CDS archive(s) mapped at: [0x0000018ed9000000-0x0000018ed9c80000-0x0000018ed9c80000), size 13107200, SharedBaseAddress: 0x0000018ed9000000, ArchiveRelocationMode: 1.
Compressed class space mapped at: 0x0000018eda000000-0x0000018eee000000, reserved size: 335544320
Narrow klass base: 0x0000018ed9000000, Narrow klass shift: 0, Narrow klass range: 0x100000000

GC Precious Log:
 CardTable entry size: 512
 Card Set container configuration: InlinePtr #cards 5 size 8 Array Of Cards #cards 12 size 40 Howl #buckets 4 coarsen threshold 1843 Howl Bitmap #cards 512 size 80 coarsen threshold 460 Card regions per heap region 1 cards per card region 2048
 CPUs: 8 total, 8 available
 Memory: 12083M
 Large Page Support: Disabled
 NUMA Support: Disabled
 Compressed Oops: Enabled (32-bit)
 Heap Region Size: 1M
 Heap Min Capacity: 256M
 Heap Initial Capacity: 256M
 Heap Max Capacity: 512M
 Pre-touch: Disabled
 Parallel Workers: 8
 Concurrent Workers: 2
 Concurrent Refinement Workers: 8
 Periodic GC: Disabled

Heap:
 garbage-first heap   total 262144K, used 100270K [0x00000000e0000000, 0x0000000100000000)
  region size 1024K, 87 young (89088K), 12 survivors (12288K)
 Metaspace       used 30626K, committed 31872K, reserved 393216K
  class space    used 4589K, committed 5184K, reserved 327680K

Heap Regions: E=young(eden), S=young(survivor), O=old, HS=humongous(starts), HC=humongous(continues), CS=collection set, F=free, TAMS=top-at-mark-start, PB=parsable bottom
|   0|0x00000000e0000000, 0x00000000e0100000, 0x00000000e0100000|100%|HS|  |TAMS 0x00000000e0000000| PB 0x00000000e0000000| Complete 
|   1|0x00000000e0100000, 0x00000000e0200000, 0x00000000e0200000|100%|HC|  |TAMS 0x00000000e0100000| PB 0x00000000e0100000| Complete 
|   2|0x00000000e0200000, 0x00000000e0300000, 0x00000000e0300000|100%|HC|  |TAMS 0x00000000e0200000| PB 0x00000000e0200000| Complete 
|   3|0x00000000e0300000, 0x00000000e0400000, 0x00000000e0400000|100%|HC|  |TAMS 0x00000000e0300000| PB 0x00000000e0300000| Complete 
|   4|0x00000000e0400000, 0x00000000e0500000, 0x00000000e0500000|100%| O|  |TAMS 0x00000000e0400000| PB 0x00000000e0400000| Untracked 
|   5|0x00000000e0500000, 0x00000000e0600000, 0x00000000e0600000|100%| O|  |TAMS 0x00000000e0500000| PB 0x00000000e0500000| Untracked 
|   6|0x00000000e0600000, 0x00000000e0700000, 0x00000000e0700000|100%| O|  |TAMS 0x00000000e0600000| PB 0x00000000e0600000| Untracked 
|   7|0x00000000e0700000, 0x00000000e0800000, 0x00000000e0800000|100%| O|Cm|TAMS 0x00000000e0700000| PB 0x00000000e0700000| Complete 
|   8|0x00000000e0800000, 0x00000000e0900000, 0x00000000e0900000|100%| O|  |TAMS 0x00000000e0800000| PB 0x00000000e0800000| Untracked 
|   9|0x00000000e0900000, 0x00000000e0a00000, 0x00000000e0a00000|100%| O|  |TAMS 0x00000000e0900000| PB 0x00000000e0900000| Untracked 
|  10|0x00000000e0a00000, 0x00000000e0b00000, 0x00000000e0b00000|100%| O|  |TAMS 0x00000000e0a00000| PB 0x00000000e0a00000| Untracked 
|  11|0x00000000e0b00000, 0x00000000e0c00000, 0x00000000e0c00000|100%|HS|  |TAMS 0x00000000e0b00000| PB 0x00000000e0b00000| Complete 
|  12|0x00000000e0c00000, 0x00000000e0c6feb8, 0x00000000e0d00000| 43%| O|  |TAMS 0x00000000e0c00000| PB 0x00000000e0c00000| Untracked 
|  13|0x00000000e0d00000, 0x00000000e0d00000, 0x00000000e0e00000|  0%| F|  |TAMS 0x00000000e0d00000| PB 0x00000000e0d00000| Untracked 
|  14|0x00000000e0e00000, 0x00000000e0e00000, 0x00000000e0f00000|  0%| F|  |TAMS 0x00000000e0e00000| PB 0x00000000e0e00000| Untracked 
|  15|0x00000000e0f00000, 0x00000000e0f00000, 0x00000000e1000000|  0%| F|  |TAMS 0x00000000e0f00000| PB 0x00000000e0f00000| Untracked 
|  16|0x00000000e1000000, 0x00000000e1000000, 0x00000000e1100000|  0%| F|  |TAMS 0x00000000e1000000| PB 0x00000000e1000000| Untracked 
|  17|0x00000000e1100000, 0x00000000e1100000, 0x00000000e1200000|  0%| F|  |TAMS 0x00000000e1100000| PB 0x00000000e1100000| Untracked 
|  18|0x00000000e1200000, 0x00000000e1200000, 0x00000000e1300000|  0%| F|  |TAMS 0x00000000e1200000| PB 0x00000000e1200000| Untracked 
|  19|0x00000000e1300000, 0x00000000e1300000, 0x00000000e1400000|  0%| F|  |TAMS 0x00000000e1300000| PB 0x00000000e1300000| Untracked 
|  20|0x00000000e1400000, 0x00000000e1400000, 0x00000000e1500000|  0%| F|  |TAMS 0x00000000e1400000| PB 0x00000000e1400000| Untracked 
|  21|0x00000000e1500000, 0x00000000e1500000, 0x00000000e1600000|  0%| F|  |TAMS 0x00000000e1500000| PB 0x00000000e1500000| Untracked 
|  22|0x00000000e1600000, 0x00000000e1600000, 0x00000000e1700000|  0%| F|  |TAMS 0x00000000e1600000| PB 0x00000000e1600000| Untracked 
|  23|0x00000000e1700000, 0x00000000e1700000, 0x00000000e1800000|  0%| F|  |TAMS 0x00000000e1700000| PB 0x00000000e1700000| Untracked 
|  24|0x00000000e1800000, 0x00000000e1800000, 0x00000000e1900000|  0%| F|  |TAMS 0x00000000e1800000| PB 0x00000000e1800000| Untracked 
|  25|0x00000000e1900000, 0x00000000e1900000, 0x00000000e1a00000|  0%| F|  |TAMS 0x00000000e1900000| PB 0x00000000e1900000| Untracked 
|  26|0x00000000e1a00000, 0x00000000e1a00000, 0x00000000e1b00000|  0%| F|  |TAMS 0x00000000e1a00000| PB 0x00000000e1a00000| Untracked 
|  27|0x00000000e1b00000, 0x00000000e1b00000, 0x00000000e1c00000|  0%| F|  |TAMS 0x00000000e1b00000| PB 0x00000000e1b00000| Untracked 
|  28|0x00000000e1c00000, 0x00000000e1c00000, 0x00000000e1d00000|  0%| F|  |TAMS 0x00000000e1c00000| PB 0x00000000e1c00000| Untracked 
|  29|0x00000000e1d00000, 0x00000000e1d00000, 0x00000000e1e00000|  0%| F|  |TAMS 0x00000000e1d00000| PB 0x00000000e1d00000| Untracked 
|  30|0x00000000e1e00000, 0x00000000e1e00000, 0x00000000e1f00000|  0%| F|  |TAMS 0x00000000e1e00000| PB 0x00000000e1e00000| Untracked 
|  31|0x00000000e1f00000, 0x00000000e1f00000, 0x00000000e2000000|  0%| F|  |TAMS 0x00000000e1f00000| PB 0x00000000e1f00000| Untracked 
|  32|0x00000000e2000000, 0x00000000e2000000, 0x00000000e2100000|  0%| F|  |TAMS 0x00000000e2000000| PB 0x00000000e2000000| Untracked 
|  33|0x00000000e2100000, 0x00000000e2100000, 0x00000000e2200000|  0%| F|  |TAMS 0x00000000e2100000| PB 0x00000000e2100000| Untracked 
|  34|0x00000000e2200000, 0x00000000e2200000, 0x00000000e2300000|  0%| F|  |TAMS 0x00000000e2200000| PB 0x00000000e2200000| Untracked 
|  35|0x00000000e2300000, 0x00000000e2300000, 0x00000000e2400000|  0%| F|  |TAMS 0x00000000e2300000| PB 0x00000000e2300000| Untracked 
|  36|0x00000000e2400000, 0x00000000e2400000, 0x00000000e2500000|  0%| F|  |TAMS 0x00000000e2400000| PB 0x00000000e2400000| Untracked 
|  37|0x00000000e2500000, 0x00000000e2500000, 0x00000000e2600000|  0%| F|  |TAMS 0x00000000e2500000| PB 0x00000000e2500000| Untracked 
|  38|0x00000000e2600000, 0x00000000e2600000, 0x00000000e2700000|  0%| F|  |TAMS 0x00000000e2600000| PB 0x00000000e2600000| Untracked 
|  39|0x00000000e2700000, 0x00000000e2700000, 0x00000000e2800000|  0%| F|  |TAMS 0x00000000e2700000| PB 0x00000000e2700000| Untracked 
|  40|0x00000000e2800000, 0x00000000e2800000, 0x00000000e2900000|  0%| F|  |TAMS 0x00000000e2800000| PB 0x00000000e2800000| Untracked 
|  41|0x00000000e2900000, 0x00000000e2900000, 0x00000000e2a00000|  0%| F|  |TAMS 0x00000000e2900000| PB 0x00000000e2900000| Untracked 
|  42|0x00000000e2a00000, 0x00000000e2a00000, 0x00000000e2b00000|  0%| F|  |TAMS 0x00000000e2a00000| PB 0x00000000e2a00000| Untracked 
|  43|0x00000000e2b00000, 0x00000000e2b00000, 0x00000000e2c00000|  0%| F|  |TAMS 0x00000000e2b00000| PB 0x00000000e2b00000| Untracked 
|  44|0x00000000e2c00000, 0x00000000e2c00000, 0x00000000e2d00000|  0%| F|  |TAMS 0x00000000e2c00000| PB 0x00000000e2c00000| Untracked 
|  45|0x00000000e2d00000, 0x00000000e2d00000, 0x00000000e2e00000|  0%| F|  |TAMS 0x00000000e2d00000| PB 0x00000000e2d00000| Untracked 
|  46|0x00000000e2e00000, 0x00000000e2e00000, 0x00000000e2f00000|  0%| F|  |TAMS 0x00000000e2e00000| PB 0x00000000e2e00000| Untracked 
|  47|0x00000000e2f00000, 0x00000000e2f00000, 0x00000000e3000000|  0%| F|  |TAMS 0x00000000e2f00000| PB 0x00000000e2f00000| Untracked 
|  48|0x00000000e3000000, 0x00000000e3000000, 0x00000000e3100000|  0%| F|  |TAMS 0x00000000e3000000| PB 0x00000000e3000000| Untracked 
|  49|0x00000000e3100000, 0x00000000e3100000, 0x00000000e3200000|  0%| F|  |TAMS 0x00000000e3100000| PB 0x00000000e3100000| Untracked 
|  50|0x00000000e3200000, 0x00000000e3200000, 0x00000000e3300000|  0%| F|  |TAMS 0x00000000e3200000| PB 0x00000000e3200000| Untracked 
|  51|0x00000000e3300000, 0x00000000e3300000, 0x00000000e3400000|  0%| F|  |TAMS 0x00000000e3300000| PB 0x00000000e3300000| Untracked 
|  52|0x00000000e3400000, 0x00000000e3400000, 0x00000000e3500000|  0%| F|  |TAMS 0x00000000e3400000| PB 0x00000000e3400000| Untracked 
|  53|0x00000000e3500000, 0x00000000e3500000, 0x00000000e3600000|  0%| F|  |TAMS 0x00000000e3500000| PB 0x00000000e3500000| Untracked 
|  54|0x00000000e3600000, 0x00000000e3600000, 0x00000000e3700000|  0%| F|  |TAMS 0x00000000e3600000| PB 0x00000000e3600000| Untracked 
|  55|0x00000000e3700000, 0x00000000e3700000, 0x00000000e3800000|  0%| F|  |TAMS 0x00000000e3700000| PB 0x00000000e3700000| Untracked 
|  56|0x00000000e3800000, 0x00000000e3800000, 0x00000000e3900000|  0%| F|  |TAMS 0x00000000e3800000| PB 0x00000000e3800000| Untracked 
|  57|0x00000000e3900000, 0x00000000e3900000, 0x00000000e3a00000|  0%| F|  |TAMS 0x00000000e3900000| PB 0x00000000e3900000| Untracked 
|  58|0x00000000e3a00000, 0x00000000e3a00000, 0x00000000e3b00000|  0%| F|  |TAMS 0x00000000e3a00000| PB 0x00000000e3a00000| Untracked 
|  59|0x00000000e3b00000, 0x00000000e3b00000, 0x00000000e3c00000|  0%| F|  |TAMS 0x00000000e3b00000| PB 0x00000000e3b00000| Untracked 
|  60|0x00000000e3c00000, 0x00000000e3c00000, 0x00000000e3d00000|  0%| F|  |TAMS 0x00000000e3c00000| PB 0x00000000e3c00000| Untracked 
|  61|0x00000000e3d00000, 0x00000000e3d00000, 0x00000000e3e00000|  0%| F|  |TAMS 0x00000000e3d00000| PB 0x00000000e3d00000| Untracked 
|  62|0x00000000e3e00000, 0x00000000e3e00000, 0x00000000e3f00000|  0%| F|  |TAMS 0x00000000e3e00000| PB 0x00000000e3e00000| Untracked 
|  63|0x00000000e3f00000, 0x00000000e3f00000, 0x00000000e4000000|  0%| F|  |TAMS 0x00000000e3f00000| PB 0x00000000e3f00000| Untracked 
|  64|0x00000000e4000000, 0x00000000e4000000, 0x00000000e4100000|  0%| F|  |TAMS 0x00000000e4000000| PB 0x00000000e4000000| Untracked 
|  65|0x00000000e4100000, 0x00000000e4100000, 0x00000000e4200000|  0%| F|  |TAMS 0x00000000e4100000| PB 0x00000000e4100000| Untracked 
|  66|0x00000000e4200000, 0x00000000e4200000, 0x00000000e4300000|  0%| F|  |TAMS 0x00000000e4200000| PB 0x00000000e4200000| Untracked 
|  67|0x00000000e4300000, 0x00000000e4300000, 0x00000000e4400000|  0%| F|  |TAMS 0x00000000e4300000| PB 0x00000000e4300000| Untracked 
|  68|0x00000000e4400000, 0x00000000e4400000, 0x00000000e4500000|  0%| F|  |TAMS 0x00000000e4400000| PB 0x00000000e4400000| Untracked 
|  69|0x00000000e4500000, 0x00000000e4500000, 0x00000000e4600000|  0%| F|  |TAMS 0x00000000e4500000| PB 0x00000000e4500000| Untracked 
|  70|0x00000000e4600000, 0x00000000e4600000, 0x00000000e4700000|  0%| F|  |TAMS 0x00000000e4600000| PB 0x00000000e4600000| Untracked 
|  71|0x00000000e4700000, 0x00000000e4700000, 0x00000000e4800000|  0%| F|  |TAMS 0x00000000e4700000| PB 0x00000000e4700000| Untracked 
|  72|0x00000000e4800000, 0x00000000e4800000, 0x00000000e4900000|  0%| F|  |TAMS 0x00000000e4800000| PB 0x00000000e4800000| Untracked 
|  73|0x00000000e4900000, 0x00000000e4900000, 0x00000000e4a00000|  0%| F|  |TAMS 0x00000000e4900000| PB 0x00000000e4900000| Untracked 
|  74|0x00000000e4a00000, 0x00000000e4a00000, 0x00000000e4b00000|  0%| F|  |TAMS 0x00000000e4a00000| PB 0x00000000e4a00000| Untracked 
|  75|0x00000000e4b00000, 0x00000000e4b00000, 0x00000000e4c00000|  0%| F|  |TAMS 0x00000000e4b00000| PB 0x00000000e4b00000| Untracked 
|  76|0x00000000e4c00000, 0x00000000e4c00000, 0x00000000e4d00000|  0%| F|  |TAMS 0x00000000e4c00000| PB 0x00000000e4c00000| Untracked 
|  77|0x00000000e4d00000, 0x00000000e4d00000, 0x00000000e4e00000|  0%| F|  |TAMS 0x00000000e4d00000| PB 0x00000000e4d00000| Untracked 
|  78|0x00000000e4e00000, 0x00000000e4e00000, 0x00000000e4f00000|  0%| F|  |TAMS 0x00000000e4e00000| PB 0x00000000e4e00000| Untracked 
|  79|0x00000000e4f00000, 0x00000000e4f00000, 0x00000000e5000000|  0%| F|  |TAMS 0x00000000e4f00000| PB 0x00000000e4f00000| Untracked 
|  80|0x00000000e5000000, 0x00000000e5000000, 0x00000000e5100000|  0%| F|  |TAMS 0x00000000e5000000| PB 0x00000000e5000000| Untracked 
|  81|0x00000000e5100000, 0x00000000e5100000, 0x00000000e5200000|  0%| F|  |TAMS 0x00000000e5100000| PB 0x00000000e5100000| Untracked 
|  82|0x00000000e5200000, 0x00000000e5200000, 0x00000000e5300000|  0%| F|  |TAMS 0x00000000e5200000| PB 0x00000000e5200000| Untracked 
|  83|0x00000000e5300000, 0x00000000e5300000, 0x00000000e5400000|  0%| F|  |TAMS 0x00000000e5300000| PB 0x00000000e5300000| Untracked 
|  84|0x00000000e5400000, 0x00000000e5400000, 0x00000000e5500000|  0%| F|  |TAMS 0x00000000e5400000| PB 0x00000000e5400000| Untracked 
|  85|0x00000000e5500000, 0x00000000e5500000, 0x00000000e5600000|  0%| F|  |TAMS 0x00000000e5500000| PB 0x00000000e5500000| Untracked 
|  86|0x00000000e5600000, 0x00000000e5600000, 0x00000000e5700000|  0%| F|  |TAMS 0x00000000e5600000| PB 0x00000000e5600000| Untracked 
|  87|0x00000000e5700000, 0x00000000e5700000, 0x00000000e5800000|  0%| F|  |TAMS 0x00000000e5700000| PB 0x00000000e5700000| Untracked 
|  88|0x00000000e5800000, 0x00000000e5800000, 0x00000000e5900000|  0%| F|  |TAMS 0x00000000e5800000| PB 0x00000000e5800000| Untracked 
|  89|0x00000000e5900000, 0x00000000e5900000, 0x00000000e5a00000|  0%| F|  |TAMS 0x00000000e5900000| PB 0x00000000e5900000| Untracked 
|  90|0x00000000e5a00000, 0x00000000e5a00000, 0x00000000e5b00000|  0%| F|  |TAMS 0x00000000e5a00000| PB 0x00000000e5a00000| Untracked 
|  91|0x00000000e5b00000, 0x00000000e5b00000, 0x00000000e5c00000|  0%| F|  |TAMS 0x00000000e5b00000| PB 0x00000000e5b00000| Untracked 
|  92|0x00000000e5c00000, 0x00000000e5c00000, 0x00000000e5d00000|  0%| F|  |TAMS 0x00000000e5c00000| PB 0x00000000e5c00000| Untracked 
|  93|0x00000000e5d00000, 0x00000000e5d00000, 0x00000000e5e00000|  0%| F|  |TAMS 0x00000000e5d00000| PB 0x00000000e5d00000| Untracked 
|  94|0x00000000e5e00000, 0x00000000e5e00000, 0x00000000e5f00000|  0%| F|  |TAMS 0x00000000e5e00000| PB 0x00000000e5e00000| Untracked 
|  95|0x00000000e5f00000, 0x00000000e5f00000, 0x00000000e6000000|  0%| F|  |TAMS 0x00000000e5f00000| PB 0x00000000e5f00000| Untracked 
|  96|0x00000000e6000000, 0x00000000e6000000, 0x00000000e6100000|  0%| F|  |TAMS 0x00000000e6000000| PB 0x00000000e6000000| Untracked 
|  97|0x00000000e6100000, 0x00000000e6100000, 0x00000000e6200000|  0%| F|  |TAMS 0x00000000e6100000| PB 0x00000000e6100000| Untracked 
|  98|0x00000000e6200000, 0x00000000e6200000, 0x00000000e6300000|  0%| F|  |TAMS 0x00000000e6200000| PB 0x00000000e6200000| Untracked 
|  99|0x00000000e6300000, 0x00000000e6300000, 0x00000000e6400000|  0%| F|  |TAMS 0x00000000e6300000| PB 0x00000000e6300000| Untracked 
| 100|0x00000000e6400000, 0x00000000e6400000, 0x00000000e6500000|  0%| F|  |TAMS 0x00000000e6400000| PB 0x00000000e6400000| Untracked 
| 101|0x00000000e6500000, 0x00000000e6500000, 0x00000000e6600000|  0%| F|  |TAMS 0x00000000e6500000| PB 0x00000000e6500000| Untracked 
| 102|0x00000000e6600000, 0x00000000e6600000, 0x00000000e6700000|  0%| F|  |TAMS 0x00000000e6600000| PB 0x00000000e6600000| Untracked 
| 103|0x00000000e6700000, 0x00000000e6700000, 0x00000000e6800000|  0%| F|  |TAMS 0x00000000e6700000| PB 0x00000000e6700000| Untracked 
| 104|0x00000000e6800000, 0x00000000e6800000, 0x00000000e6900000|  0%| F|  |TAMS 0x00000000e6800000| PB 0x00000000e6800000| Untracked 
| 105|0x00000000e6900000, 0x00000000e6900000, 0x00000000e6a00000|  0%| F|  |TAMS 0x00000000e6900000| PB 0x00000000e6900000| Untracked 
| 106|0x00000000e6a00000, 0x00000000e6a00000, 0x00000000e6b00000|  0%| F|  |TAMS 0x00000000e6a00000| PB 0x00000000e6a00000| Untracked 
| 107|0x00000000e6b00000, 0x00000000e6b00000, 0x00000000e6c00000|  0%| F|  |TAMS 0x00000000e6b00000| PB 0x00000000e6b00000| Untracked 
| 108|0x00000000e6c00000, 0x00000000e6c00000, 0x00000000e6d00000|  0%| F|  |TAMS 0x00000000e6c00000| PB 0x00000000e6c00000| Untracked 
| 109|0x00000000e6d00000, 0x00000000e6d00000, 0x00000000e6e00000|  0%| F|  |TAMS 0x00000000e6d00000| PB 0x00000000e6d00000| Untracked 
| 110|0x00000000e6e00000, 0x00000000e6e00000, 0x00000000e6f00000|  0%| F|  |TAMS 0x00000000e6e00000| PB 0x00000000e6e00000| Untracked 
| 111|0x00000000e6f00000, 0x00000000e6f00000, 0x00000000e7000000|  0%| F|  |TAMS 0x00000000e6f00000| PB 0x00000000e6f00000| Untracked 
| 112|0x00000000e7000000, 0x00000000e7000000, 0x00000000e7100000|  0%| F|  |TAMS 0x00000000e7000000| PB 0x00000000e7000000| Untracked 
| 113|0x00000000e7100000, 0x00000000e7100000, 0x00000000e7200000|  0%| F|  |TAMS 0x00000000e7100000| PB 0x00000000e7100000| Untracked 
| 114|0x00000000e7200000, 0x00000000e7200000, 0x00000000e7300000|  0%| F|  |TAMS 0x00000000e7200000| PB 0x00000000e7200000| Untracked 
| 115|0x00000000e7300000, 0x00000000e7300000, 0x00000000e7400000|  0%| F|  |TAMS 0x00000000e7300000| PB 0x00000000e7300000| Untracked 
| 116|0x00000000e7400000, 0x00000000e7400000, 0x00000000e7500000|  0%| F|  |TAMS 0x00000000e7400000| PB 0x00000000e7400000| Untracked 
| 117|0x00000000e7500000, 0x00000000e7500000, 0x00000000e7600000|  0%| F|  |TAMS 0x00000000e7500000| PB 0x00000000e7500000| Untracked 
| 118|0x00000000e7600000, 0x00000000e7600000, 0x00000000e7700000|  0%| F|  |TAMS 0x00000000e7600000| PB 0x00000000e7600000| Untracked 
| 119|0x00000000e7700000, 0x00000000e7700000, 0x00000000e7800000|  0%| F|  |TAMS 0x00000000e7700000| PB 0x00000000e7700000| Untracked 
| 120|0x00000000e7800000, 0x00000000e7800000, 0x00000000e7900000|  0%| F|  |TAMS 0x00000000e7800000| PB 0x00000000e7800000| Untracked 
| 121|0x00000000e7900000, 0x00000000e7900000, 0x00000000e7a00000|  0%| F|  |TAMS 0x00000000e7900000| PB 0x00000000e7900000| Untracked 
| 122|0x00000000e7a00000, 0x00000000e7a00000, 0x00000000e7b00000|  0%| F|  |TAMS 0x00000000e7a00000| PB 0x00000000e7a00000| Untracked 
| 123|0x00000000e7b00000, 0x00000000e7b00000, 0x00000000e7c00000|  0%| F|  |TAMS 0x00000000e7b00000| PB 0x00000000e7b00000| Untracked 
| 124|0x00000000e7c00000, 0x00000000e7c00000, 0x00000000e7d00000|  0%| F|  |TAMS 0x00000000e7c00000| PB 0x00000000e7c00000| Untracked 
| 125|0x00000000e7d00000, 0x00000000e7d00000, 0x00000000e7e00000|  0%| F|  |TAMS 0x00000000e7d00000| PB 0x00000000e7d00000| Untracked 
| 126|0x00000000e7e00000, 0x00000000e7e00000, 0x00000000e7f00000|  0%| F|  |TAMS 0x00000000e7e00000| PB 0x00000000e7e00000| Untracked 
| 127|0x00000000e7f00000, 0x00000000e7f00000, 0x00000000e8000000|  0%| F|  |TAMS 0x00000000e7f00000| PB 0x00000000e7f00000| Untracked 
| 128|0x00000000e8000000, 0x00000000e8000000, 0x00000000e8100000|  0%| F|  |TAMS 0x00000000e8000000| PB 0x00000000e8000000| Untracked 
| 129|0x00000000e8100000, 0x00000000e8100000, 0x00000000e8200000|  0%| F|  |TAMS 0x00000000e8100000| PB 0x00000000e8100000| Untracked 
| 130|0x00000000e8200000, 0x00000000e8200000, 0x00000000e8300000|  0%| F|  |TAMS 0x00000000e8200000| PB 0x00000000e8200000| Untracked 
| 131|0x00000000e8300000, 0x00000000e8300000, 0x00000000e8400000|  0%| F|  |TAMS 0x00000000e8300000| PB 0x00000000e8300000| Untracked 
| 132|0x00000000e8400000, 0x00000000e8400000, 0x00000000e8500000|  0%| F|  |TAMS 0x00000000e8400000| PB 0x00000000e8400000| Untracked 
| 133|0x00000000e8500000, 0x00000000e8500000, 0x00000000e8600000|  0%| F|  |TAMS 0x00000000e8500000| PB 0x00000000e8500000| Untracked 
| 134|0x00000000e8600000, 0x00000000e8600000, 0x00000000e8700000|  0%| F|  |TAMS 0x00000000e8600000| PB 0x00000000e8600000| Untracked 
| 135|0x00000000e8700000, 0x00000000e8700000, 0x00000000e8800000|  0%| F|  |TAMS 0x00000000e8700000| PB 0x00000000e8700000| Untracked 
| 136|0x00000000e8800000, 0x00000000e8800000, 0x00000000e8900000|  0%| F|  |TAMS 0x00000000e8800000| PB 0x00000000e8800000| Untracked 
| 137|0x00000000e8900000, 0x00000000e8900000, 0x00000000e8a00000|  0%| F|  |TAMS 0x00000000e8900000| PB 0x00000000e8900000| Untracked 
| 138|0x00000000e8a00000, 0x00000000e8a00000, 0x00000000e8b00000|  0%| F|  |TAMS 0x00000000e8a00000| PB 0x00000000e8a00000| Untracked 
| 139|0x00000000e8b00000, 0x00000000e8b00000, 0x00000000e8c00000|  0%| F|  |TAMS 0x00000000e8b00000| PB 0x00000000e8b00000| Untracked 
| 140|0x00000000e8c00000, 0x00000000e8c00000, 0x00000000e8d00000|  0%| F|  |TAMS 0x00000000e8c00000| PB 0x00000000e8c00000| Untracked 
| 141|0x00000000e8d00000, 0x00000000e8d00000, 0x00000000e8e00000|  0%| F|  |TAMS 0x00000000e8d00000| PB 0x00000000e8d00000| Untracked 
| 142|0x00000000e8e00000, 0x00000000e8e00000, 0x00000000e8f00000|  0%| F|  |TAMS 0x00000000e8e00000| PB 0x00000000e8e00000| Untracked 
| 143|0x00000000e8f00000, 0x00000000e8f00000, 0x00000000e9000000|  0%| F|  |TAMS 0x00000000e8f00000| PB 0x00000000e8f00000| Untracked 
| 144|0x00000000e9000000, 0x00000000e9000000, 0x00000000e9100000|  0%| F|  |TAMS 0x00000000e9000000| PB 0x00000000e9000000| Untracked 
| 145|0x00000000e9100000, 0x00000000e9100000, 0x00000000e9200000|  0%| F|  |TAMS 0x00000000e9100000| PB 0x00000000e9100000| Untracked 
| 146|0x00000000e9200000, 0x00000000e9200000, 0x00000000e9300000|  0%| F|  |TAMS 0x00000000e9200000| PB 0x00000000e9200000| Untracked 
| 147|0x00000000e9300000, 0x00000000e9300000, 0x00000000e9400000|  0%| F|  |TAMS 0x00000000e9300000| PB 0x00000000e9300000| Untracked 
| 148|0x00000000e9400000, 0x00000000e9400000, 0x00000000e9500000|  0%| F|  |TAMS 0x00000000e9400000| PB 0x00000000e9400000| Untracked 
| 149|0x00000000e9500000, 0x00000000e9500000, 0x00000000e9600000|  0%| F|  |TAMS 0x00000000e9500000| PB 0x00000000e9500000| Untracked 
| 150|0x00000000e9600000, 0x00000000e9600000, 0x00000000e9700000|  0%| F|  |TAMS 0x00000000e9600000| PB 0x00000000e9600000| Untracked 
| 151|0x00000000e9700000, 0x00000000e9700000, 0x00000000e9800000|  0%| F|  |TAMS 0x00000000e9700000| PB 0x00000000e9700000| Untracked 
| 152|0x00000000e9800000, 0x00000000e9800000, 0x00000000e9900000|  0%| F|  |TAMS 0x00000000e9800000| PB 0x00000000e9800000| Untracked 
| 153|0x00000000e9900000, 0x00000000e9900000, 0x00000000e9a00000|  0%| F|  |TAMS 0x00000000e9900000| PB 0x00000000e9900000| Untracked 
| 154|0x00000000e9a00000, 0x00000000e9a00000, 0x00000000e9b00000|  0%| F|  |TAMS 0x00000000e9a00000| PB 0x00000000e9a00000| Untracked 
| 155|0x00000000e9b00000, 0x00000000e9b00000, 0x00000000e9c00000|  0%| F|  |TAMS 0x00000000e9b00000| PB 0x00000000e9b00000| Untracked 
| 156|0x00000000e9c00000, 0x00000000e9c00000, 0x00000000e9d00000|  0%| F|  |TAMS 0x00000000e9c00000| PB 0x00000000e9c00000| Untracked 
| 157|0x00000000e9d00000, 0x00000000e9d00000, 0x00000000e9e00000|  0%| F|  |TAMS 0x00000000e9d00000| PB 0x00000000e9d00000| Untracked 
| 158|0x00000000e9e00000, 0x00000000e9e00000, 0x00000000e9f00000|  0%| F|  |TAMS 0x00000000e9e00000| PB 0x00000000e9e00000| Untracked 
| 159|0x00000000e9f00000, 0x00000000e9f00000, 0x00000000ea000000|  0%| F|  |TAMS 0x00000000e9f00000| PB 0x00000000e9f00000| Untracked 
| 160|0x00000000ea000000, 0x00000000ea000000, 0x00000000ea100000|  0%| F|  |TAMS 0x00000000ea000000| PB 0x00000000ea000000| Untracked 
| 161|0x00000000ea100000, 0x00000000ea100000, 0x00000000ea200000|  0%| F|  |TAMS 0x00000000ea100000| PB 0x00000000ea100000| Untracked 
| 162|0x00000000ea200000, 0x00000000ea200000, 0x00000000ea300000|  0%| F|  |TAMS 0x00000000ea200000| PB 0x00000000ea200000| Untracked 
| 163|0x00000000ea300000, 0x00000000ea300000, 0x00000000ea400000|  0%| F|  |TAMS 0x00000000ea300000| PB 0x00000000ea300000| Untracked 
| 164|0x00000000ea400000, 0x00000000ea400000, 0x00000000ea500000|  0%| F|  |TAMS 0x00000000ea400000| PB 0x00000000ea400000| Untracked 
| 165|0x00000000ea500000, 0x00000000ea500000, 0x00000000ea600000|  0%| F|  |TAMS 0x00000000ea500000| PB 0x00000000ea500000| Untracked 
| 166|0x00000000ea600000, 0x00000000ea600000, 0x00000000ea700000|  0%| F|  |TAMS 0x00000000ea600000| PB 0x00000000ea600000| Untracked 
| 167|0x00000000ea700000, 0x00000000ea700000, 0x00000000ea800000|  0%| F|  |TAMS 0x00000000ea700000| PB 0x00000000ea700000| Untracked 
| 168|0x00000000ea800000, 0x00000000ea800000, 0x00000000ea900000|  0%| F|  |TAMS 0x00000000ea800000| PB 0x00000000ea800000| Untracked 
| 169|0x00000000ea900000, 0x00000000eaa00000, 0x00000000eaa00000|100%| E|  |TAMS 0x00000000ea900000| PB 0x00000000ea900000| Complete 
| 170|0x00000000eaa00000, 0x00000000eab00000, 0x00000000eab00000|100%| E|CS|TAMS 0x00000000eaa00000| PB 0x00000000eaa00000| Complete 
| 171|0x00000000eab00000, 0x00000000eac00000, 0x00000000eac00000|100%| E|CS|TAMS 0x00000000eab00000| PB 0x00000000eab00000| Complete 
| 172|0x00000000eac00000, 0x00000000ead00000, 0x00000000ead00000|100%| E|CS|TAMS 0x00000000eac00000| PB 0x00000000eac00000| Complete 
| 173|0x00000000ead00000, 0x00000000eae00000, 0x00000000eae00000|100%| E|CS|TAMS 0x00000000ead00000| PB 0x00000000ead00000| Complete 
| 174|0x00000000eae00000, 0x00000000eaf00000, 0x00000000eaf00000|100%| E|CS|TAMS 0x00000000eae00000| PB 0x00000000eae00000| Complete 
| 175|0x00000000eaf00000, 0x00000000eb000000, 0x00000000eb000000|100%| E|CS|TAMS 0x00000000eaf00000| PB 0x00000000eaf00000| Complete 
| 176|0x00000000eb000000, 0x00000000eb100000, 0x00000000eb100000|100%| E|CS|TAMS 0x00000000eb000000| PB 0x00000000eb000000| Complete 
| 177|0x00000000eb100000, 0x00000000eb200000, 0x00000000eb200000|100%| E|CS|TAMS 0x00000000eb100000| PB 0x00000000eb100000| Complete 
| 178|0x00000000eb200000, 0x00000000eb300000, 0x00000000eb300000|100%| E|CS|TAMS 0x00000000eb200000| PB 0x00000000eb200000| Complete 
| 179|0x00000000eb300000, 0x00000000eb400000, 0x00000000eb400000|100%| E|CS|TAMS 0x00000000eb300000| PB 0x00000000eb300000| Complete 
| 180|0x00000000eb400000, 0x00000000eb500000, 0x00000000eb500000|100%| E|CS|TAMS 0x00000000eb400000| PB 0x00000000eb400000| Complete 
| 181|0x00000000eb500000, 0x00000000eb600000, 0x00000000eb600000|100%| E|CS|TAMS 0x00000000eb500000| PB 0x00000000eb500000| Complete 
| 182|0x00000000eb600000, 0x00000000eb700000, 0x00000000eb700000|100%| E|CS|TAMS 0x00000000eb600000| PB 0x00000000eb600000| Complete 
| 183|0x00000000eb700000, 0x00000000eb800000, 0x00000000eb800000|100%| E|CS|TAMS 0x00000000eb700000| PB 0x00000000eb700000| Complete 
| 184|0x00000000eb800000, 0x00000000eb900000, 0x00000000eb900000|100%| E|CS|TAMS 0x00000000eb800000| PB 0x00000000eb800000| Complete 
| 185|0x00000000eb900000, 0x00000000eba00000, 0x00000000eba00000|100%| E|CS|TAMS 0x00000000eb900000| PB 0x00000000eb900000| Complete 
| 186|0x00000000eba00000, 0x00000000ebb00000, 0x00000000ebb00000|100%| E|CS|TAMS 0x00000000eba00000| PB 0x00000000eba00000| Complete 
| 187|0x00000000ebb00000, 0x00000000ebc00000, 0x00000000ebc00000|100%| E|CS|TAMS 0x00000000ebb00000| PB 0x00000000ebb00000| Complete 
| 188|0x00000000ebc00000, 0x00000000ebd00000, 0x00000000ebd00000|100%| E|CS|TAMS 0x00000000ebc00000| PB 0x00000000ebc00000| Complete 
| 189|0x00000000ebd00000, 0x00000000ebe00000, 0x00000000ebe00000|100%| E|CS|TAMS 0x00000000ebd00000| PB 0x00000000ebd00000| Complete 
| 190|0x00000000ebe00000, 0x00000000ebf00000, 0x00000000ebf00000|100%| E|CS|TAMS 0x00000000ebe00000| PB 0x00000000ebe00000| Complete 
| 191|0x00000000ebf00000, 0x00000000ec000000, 0x00000000ec000000|100%| E|CS|TAMS 0x00000000ebf00000| PB 0x00000000ebf00000| Complete 
| 192|0x00000000ec000000, 0x00000000ec100000, 0x00000000ec100000|100%| E|CS|TAMS 0x00000000ec000000| PB 0x00000000ec000000| Complete 
| 193|0x00000000ec100000, 0x00000000ec200000, 0x00000000ec200000|100%| E|CS|TAMS 0x00000000ec100000| PB 0x00000000ec100000| Complete 
| 194|0x00000000ec200000, 0x00000000ec300000, 0x00000000ec300000|100%| E|CS|TAMS 0x00000000ec200000| PB 0x00000000ec200000| Complete 
| 195|0x00000000ec300000, 0x00000000ec400000, 0x00000000ec400000|100%| E|CS|TAMS 0x00000000ec300000| PB 0x00000000ec300000| Complete 
| 196|0x00000000ec400000, 0x00000000ec500000, 0x00000000ec500000|100%| E|CS|TAMS 0x00000000ec400000| PB 0x00000000ec400000| Complete 
| 197|0x00000000ec500000, 0x00000000ec600000, 0x00000000ec600000|100%| E|CS|TAMS 0x00000000ec500000| PB 0x00000000ec500000| Complete 
| 198|0x00000000ec600000, 0x00000000ec700000, 0x00000000ec700000|100%| E|CS|TAMS 0x00000000ec600000| PB 0x00000000ec600000| Complete 
| 199|0x00000000ec700000, 0x00000000ec800000, 0x00000000ec800000|100%| E|CS|TAMS 0x00000000ec700000| PB 0x00000000ec700000| Complete 
| 200|0x00000000ec800000, 0x00000000ec900000, 0x00000000ec900000|100%| E|CS|TAMS 0x00000000ec800000| PB 0x00000000ec800000| Complete 
| 201|0x00000000ec900000, 0x00000000eca00000, 0x00000000eca00000|100%| E|CS|TAMS 0x00000000ec900000| PB 0x00000000ec900000| Complete 
| 202|0x00000000eca00000, 0x00000000ecb00000, 0x00000000ecb00000|100%| E|CS|TAMS 0x00000000eca00000| PB 0x00000000eca00000| Complete 
| 203|0x00000000ecb00000, 0x00000000ecc00000, 0x00000000ecc00000|100%| E|CS|TAMS 0x00000000ecb00000| PB 0x00000000ecb00000| Complete 
| 204|0x00000000ecc00000, 0x00000000ecd00000, 0x00000000ecd00000|100%| E|CS|TAMS 0x00000000ecc00000| PB 0x00000000ecc00000| Complete 
| 205|0x00000000ecd00000, 0x00000000ece00000, 0x00000000ece00000|100%| E|CS|TAMS 0x00000000ecd00000| PB 0x00000000ecd00000| Complete 
| 206|0x00000000ece00000, 0x00000000ecf00000, 0x00000000ecf00000|100%| E|CS|TAMS 0x00000000ece00000| PB 0x00000000ece00000| Complete 
| 207|0x00000000ecf00000, 0x00000000ed000000, 0x00000000ed000000|100%| E|CS|TAMS 0x00000000ecf00000| PB 0x00000000ecf00000| Complete 
| 208|0x00000000ed000000, 0x00000000ed100000, 0x00000000ed100000|100%| E|CS|TAMS 0x00000000ed000000| PB 0x00000000ed000000| Complete 
| 209|0x00000000ed100000, 0x00000000ed200000, 0x00000000ed200000|100%| E|CS|TAMS 0x00000000ed100000| PB 0x00000000ed100000| Complete 
| 210|0x00000000ed200000, 0x00000000ed300000, 0x00000000ed300000|100%| E|CS|TAMS 0x00000000ed200000| PB 0x00000000ed200000| Complete 
| 211|0x00000000ed300000, 0x00000000ed400000, 0x00000000ed400000|100%| E|CS|TAMS 0x00000000ed300000| PB 0x00000000ed300000| Complete 
| 212|0x00000000ed400000, 0x00000000ed500000, 0x00000000ed500000|100%| E|CS|TAMS 0x00000000ed400000| PB 0x00000000ed400000| Complete 
| 213|0x00000000ed500000, 0x00000000ed600000, 0x00000000ed600000|100%| E|CS|TAMS 0x00000000ed500000| PB 0x00000000ed500000| Complete 
| 214|0x00000000ed600000, 0x00000000ed700000, 0x00000000ed700000|100%| E|CS|TAMS 0x00000000ed600000| PB 0x00000000ed600000| Complete 
| 215|0x00000000ed700000, 0x00000000ed800000, 0x00000000ed800000|100%| E|CS|TAMS 0x00000000ed700000| PB 0x00000000ed700000| Complete 
| 216|0x00000000ed800000, 0x00000000ed900000, 0x00000000ed900000|100%| E|CS|TAMS 0x00000000ed800000| PB 0x00000000ed800000| Complete 
| 217|0x00000000ed900000, 0x00000000eda00000, 0x00000000eda00000|100%| E|CS|TAMS 0x00000000ed900000| PB 0x00000000ed900000| Complete 
| 218|0x00000000eda00000, 0x00000000edb00000, 0x00000000edb00000|100%| E|CS|TAMS 0x00000000eda00000| PB 0x00000000eda00000| Complete 
| 219|0x00000000edb00000, 0x00000000edc00000, 0x00000000edc00000|100%| E|CS|TAMS 0x00000000edb00000| PB 0x00000000edb00000| Complete 
| 220|0x00000000edc00000, 0x00000000edd00000, 0x00000000edd00000|100%| E|CS|TAMS 0x00000000edc00000| PB 0x00000000edc00000| Complete 
| 221|0x00000000edd00000, 0x00000000ede00000, 0x00000000ede00000|100%| E|CS|TAMS 0x00000000edd00000| PB 0x00000000edd00000| Complete 
| 222|0x00000000ede00000, 0x00000000edf00000, 0x00000000edf00000|100%| E|CS|TAMS 0x00000000ede00000| PB 0x00000000ede00000| Complete 
| 223|0x00000000edf00000, 0x00000000ee000000, 0x00000000ee000000|100%| E|CS|TAMS 0x00000000edf00000| PB 0x00000000edf00000| Complete 
| 224|0x00000000ee000000, 0x00000000ee100000, 0x00000000ee100000|100%| E|CS|TAMS 0x00000000ee000000| PB 0x00000000ee000000| Complete 
| 225|0x00000000ee100000, 0x00000000ee200000, 0x00000000ee200000|100%| E|CS|TAMS 0x00000000ee100000| PB 0x00000000ee100000| Complete 
| 226|0x00000000ee200000, 0x00000000ee300000, 0x00000000ee300000|100%| E|CS|TAMS 0x00000000ee200000| PB 0x00000000ee200000| Complete 
| 227|0x00000000ee300000, 0x00000000ee400000, 0x00000000ee400000|100%| E|CS|TAMS 0x00000000ee300000| PB 0x00000000ee300000| Complete 
| 228|0x00000000ee400000, 0x00000000ee47ba20, 0x00000000ee500000| 48%| S|CS|TAMS 0x00000000ee400000| PB 0x00000000ee400000| Complete 
| 229|0x00000000ee500000, 0x00000000ee600000, 0x00000000ee600000|100%| S|CS|TAMS 0x00000000ee500000| PB 0x00000000ee500000| Complete 
| 230|0x00000000ee600000, 0x00000000ee700000, 0x00000000ee700000|100%| S|CS|TAMS 0x00000000ee600000| PB 0x00000000ee600000| Complete 
| 231|0x00000000ee700000, 0x00000000ee800000, 0x00000000ee800000|100%| S|CS|TAMS 0x00000000ee700000| PB 0x00000000ee700000| Complete 
| 232|0x00000000ee800000, 0x00000000ee900000, 0x00000000ee900000|100%| S|CS|TAMS 0x00000000ee800000| PB 0x00000000ee800000| Complete 
| 233|0x00000000ee900000, 0x00000000eea00000, 0x00000000eea00000|100%| S|CS|TAMS 0x00000000ee900000| PB 0x00000000ee900000| Complete 
| 234|0x00000000eea00000, 0x00000000eeb00000, 0x00000000eeb00000|100%| S|CS|TAMS 0x00000000eea00000| PB 0x00000000eea00000| Complete 
| 235|0x00000000eeb00000, 0x00000000eec00000, 0x00000000eec00000|100%| S|CS|TAMS 0x00000000eeb00000| PB 0x00000000eeb00000| Complete 
| 236|0x00000000eec00000, 0x00000000eed00000, 0x00000000eed00000|100%| S|CS|TAMS 0x00000000eec00000| PB 0x00000000eec00000| Complete 
| 237|0x00000000eed00000, 0x00000000eee00000, 0x00000000eee00000|100%| S|CS|TAMS 0x00000000eed00000| PB 0x00000000eed00000| Complete 
| 238|0x00000000eee00000, 0x00000000eef00000, 0x00000000eef00000|100%| S|CS|TAMS 0x00000000eee00000| PB 0x00000000eee00000| Complete 
| 239|0x00000000eef00000, 0x00000000ef000000, 0x00000000ef000000|100%| S|CS|TAMS 0x00000000eef00000| PB 0x00000000eef00000| Complete 
| 240|0x00000000ef000000, 0x00000000ef100000, 0x00000000ef100000|100%| E|CS|TAMS 0x00000000ef000000| PB 0x00000000ef000000| Complete 
| 241|0x00000000ef100000, 0x00000000ef200000, 0x00000000ef200000|100%| E|CS|TAMS 0x00000000ef100000| PB 0x00000000ef100000| Complete 
| 242|0x00000000ef200000, 0x00000000ef300000, 0x00000000ef300000|100%| E|CS|TAMS 0x00000000ef200000| PB 0x00000000ef200000| Complete 
| 243|0x00000000ef300000, 0x00000000ef400000, 0x00000000ef400000|100%| E|CS|TAMS 0x00000000ef300000| PB 0x00000000ef300000| Complete 
| 244|0x00000000ef400000, 0x00000000ef500000, 0x00000000ef500000|100%| E|CS|TAMS 0x00000000ef400000| PB 0x00000000ef400000| Complete 
| 245|0x00000000ef500000, 0x00000000ef600000, 0x00000000ef600000|100%| E|CS|TAMS 0x00000000ef500000| PB 0x00000000ef500000| Complete 
| 246|0x00000000ef600000, 0x00000000ef700000, 0x00000000ef700000|100%| E|CS|TAMS 0x00000000ef600000| PB 0x00000000ef600000| Complete 
| 247|0x00000000ef700000, 0x00000000ef800000, 0x00000000ef800000|100%| E|CS|TAMS 0x00000000ef700000| PB 0x00000000ef700000| Complete 
| 248|0x00000000ef800000, 0x00000000ef900000, 0x00000000ef900000|100%| E|CS|TAMS 0x00000000ef800000| PB 0x00000000ef800000| Complete 
| 249|0x00000000ef900000, 0x00000000efa00000, 0x00000000efa00000|100%| E|CS|TAMS 0x00000000ef900000| PB 0x00000000ef900000| Complete 
| 250|0x00000000efa00000, 0x00000000efb00000, 0x00000000efb00000|100%| E|CS|TAMS 0x00000000efa00000| PB 0x00000000efa00000| Complete 
| 251|0x00000000efb00000, 0x00000000efc00000, 0x00000000efc00000|100%| E|CS|TAMS 0x00000000efb00000| PB 0x00000000efb00000| Complete 
| 252|0x00000000efc00000, 0x00000000efd00000, 0x00000000efd00000|100%| E|CS|TAMS 0x00000000efc00000| PB 0x00000000efc00000| Complete 
| 253|0x00000000efd00000, 0x00000000efe00000, 0x00000000efe00000|100%| E|CS|TAMS 0x00000000efd00000| PB 0x00000000efd00000| Complete 
| 254|0x00000000efe00000, 0x00000000eff00000, 0x00000000eff00000|100%| E|CS|TAMS 0x00000000efe00000| PB 0x00000000efe00000| Complete 
| 255|0x00000000eff00000, 0x00000000f0000000, 0x00000000f0000000|100%| E|CS|TAMS 0x00000000eff00000| PB 0x00000000eff00000| Complete 

Card table byte_map: [0x0000018ed5a20000,0x0000018ed5b20000] _byte_map_base: 0x0000018ed5320000

Marking Bits: (CMBitMap*) 0x0000018ebdf1c7d0
 Bits: [0x0000018ed5b20000, 0x0000018ed6320000)

Polling page: 0x0000018ebbd20000

Metaspace:

Usage:
  Non-class:     25.45 MB used.
      Class:      4.49 MB used.
       Both:     29.94 MB used.

Virtual space:
  Non-class space:       64.00 MB reserved,      26.06 MB ( 41%) committed,  1 nodes.
      Class space:      320.00 MB reserved,       5.06 MB (  2%) committed,  1 nodes.
             Both:      384.00 MB reserved,      31.12 MB (  8%) committed. 

Chunk freelists:
   Non-Class:  5.14 MB
       Class:  10.76 MB
        Both:  15.90 MB

MaxMetaspaceSize: 384.00 MB
CompressedClassSpaceSize: 320.00 MB
Initial GC threshold: 21.00 MB
Current GC threshold: 35.12 MB
CDS: on
 - commit_granule_bytes: 65536.
 - commit_granule_words: 8192.
 - virtual_space_node_default_size: 8388608.
 - enlarge_chunks_in_place: 1.
 - use_allocation_guard: 0.


Internal statistics:

num_allocs_failed_limit: 3.
num_arena_births: 2052.
num_arena_deaths: 0.
num_vsnodes_births: 2.
num_vsnodes_deaths: 0.
num_space_committed: 498.
num_space_uncommitted: 0.
num_chunks_returned_to_freelist: 3.
num_chunks_taken_from_freelist: 3501.
num_chunk_merges: 3.
num_chunk_splits: 2248.
num_chunks_enlarged: 1374.
num_inconsistent_stats: 0.

CodeHeap 'non-profiled nmethods': size=120000Kb used=2228Kb max_used=2228Kb free=117771Kb
 bounds [0x0000018ece0c0000, 0x0000018ece330000, 0x0000018ed55f0000]
CodeHeap 'profiled nmethods': size=120000Kb used=7423Kb max_used=7423Kb free=112576Kb
 bounds [0x0000018ec65f0000, 0x0000018ec6d30000, 0x0000018ecdb20000]
CodeHeap 'non-nmethods': size=5760Kb used=1703Kb max_used=1734Kb free=4056Kb
 bounds [0x0000018ecdb20000, 0x0000018ecdd90000, 0x0000018ece0c0000]
 total_blobs=4321 nmethods=3728 adapters=494
 compilation: enabled
              stopped_count=0, restarted_count=0
 full_count=0

Compilation events (20 events):
Event: 4.091 Thread 0x0000018ef201de20 nmethod 3659 0x0000018ec6d11d10 code [0x0000018ec6d11ee0, 0x0000018ec6d12148]
Event: 4.091 Thread 0x0000018ef201de20 3654       3       java.util.concurrent.ConcurrentLinkedQueue::updateHead (26 bytes)
Event: 4.092 Thread 0x0000018ef201de20 nmethod 3654 0x0000018ec6d12210 code [0x0000018ec6d12580, 0x0000018ec6d13ad0]
Event: 4.092 Thread 0x0000018ef201de20 3655       1       jdk.internal.event.ThreadSleepEvent::isEnabled (2 bytes)
Event: 4.092 Thread 0x0000018ef201de20 nmethod 3655 0x0000018ece2e3f10 code [0x0000018ece2e40a0, 0x0000018ece2e4168]
Event: 4.092 Thread 0x0000018ef201de20 3657       1       org.gradle.launcher.daemon.server.exec.DaemonConnectionBackedEventConsumer::access$000 (5 bytes)
Event: 4.092 Thread 0x0000018ef201de20 nmethod 3657 0x0000018ece2e4210 code [0x0000018ece2e43a0, 0x0000018ece2e4450]
Event: 4.101 Thread 0x0000018ef201de20 3660       3       jdk.internal.loader.URLClassPath$JarLoader$2::getInputStream (15 bytes)
Event: 4.101 Thread 0x0000018ef201de20 nmethod 3660 0x0000018ec6d14190 code [0x0000018ec6d14340, 0x0000018ec6d14520]
Event: 4.105 Thread 0x0000018ef201de20 3661       2       java.io.DataInputStream::readUTF (501 bytes)
Event: 4.106 Thread 0x0000018ef201de20 nmethod 3661 0x0000018ec6d14610 code [0x0000018ec6d14960, 0x0000018ec6d15a30]
Event: 4.113 Thread 0x0000018ef201de20 3662       3       org.codehaus.groovy.reflection.GeneratedMetaMethod$DgmMethodRecord::<init> (5 bytes)
Event: 4.113 Thread 0x0000018ef201de20 nmethod 3662 0x0000018ec6d16390 code [0x0000018ec6d16540, 0x0000018ec6d166a8]
Event: 4.116 Thread 0x0000018ef201de20 3667       2       java.io.BufferedInputStream::getBufIfOpen (6 bytes)
Event: 4.116 Thread 0x0000018ef201de20 nmethod 3667 0x0000018ec6d16790 code [0x0000018ec6d16940, 0x0000018ec6d16a68]
Event: 4.116 Thread 0x0000018ef4fd9a80 3663 %     4       java.io.DataInputStream::readUTF @ 92 (501 bytes)
Event: 4.126 Thread 0x0000018ef4fd9a80 nmethod 3663% 0x0000018ece2e4510 code [0x0000018ece2e46e0, 0x0000018ece2e4f58]
Event: 4.126 Thread 0x0000018ef4fd9a80 3664       4       java.io.DataInputStream::readFully (59 bytes)
Event: 4.128 Thread 0x0000018ef4fd9a80 nmethod 3664 0x0000018ece2e5390 code [0x0000018ece2e5520, 0x0000018ece2e56c8]
Event: 4.128 Thread 0x0000018ef4fd9a80 3668       4       java.io.BufferedInputStream::implRead (112 bytes)

GC Heap History (8 events):
Event: 0.851 GC heap before
{Heap before GC invocations=0 (full 0):
 garbage-first heap   total 262144K, used 26624K [0x00000000e0000000, 0x0000000100000000)
  region size 1024K, 23 young (23552K), 0 survivors (0K)
 Metaspace       used 2452K, committed 2624K, reserved 393216K
  class space    used 275K, committed 384K, reserved 327680K
}
Event: 0.854 GC heap after
{Heap after GC invocations=1 (full 0):
 garbage-first heap   total 262144K, used 10510K [0x00000000e0000000, 0x0000000100000000)
  region size 1024K, 3 young (3072K), 3 survivors (3072K)
 Metaspace       used 2452K, committed 2624K, reserved 393216K
  class space    used 275K, committed 384K, reserved 327680K
}
Event: 1.295 GC heap before
{Heap before GC invocations=1 (full 0):
 garbage-first heap   total 262144K, used 39182K [0x00000000e0000000, 0x0000000100000000)
  region size 1024K, 32 young (32768K), 3 survivors (3072K)
 Metaspace       used 4177K, committed 4416K, reserved 393216K
  class space    used 508K, committed 640K, reserved 327680K
}
Event: 1.298 GC heap after
{Heap after GC invocations=2 (full 0):
 garbage-first heap   total 262144K, used 11855K [0x00000000e0000000, 0x0000000100000000)
  region size 1024K, 2 young (2048K), 2 survivors (2048K)
 Metaspace       used 4177K, committed 4416K, reserved 393216K
  class space    used 508K, committed 640K, reserved 327680K
}
Event: 2.951 GC heap before
{Heap before GC invocations=2 (full 0):
 garbage-first heap   total 262144K, used 114255K [0x00000000e0000000, 0x0000000100000000)
  region size 1024K, 100 young (102400K), 2 survivors (2048K)
 Metaspace       used 18881K, committed 19456K, reserved 393216K
  class space    used 2665K, committed 2944K, reserved 327680K
}
Event: 2.958 GC heap after
{Heap after GC invocations=3 (full 0):
 garbage-first heap   total 262144K, used 22896K [0x00000000e0000000, 0x0000000100000000)
  region size 1024K, 11 young (11264K), 11 survivors (11264K)
 Metaspace       used 18881K, committed 19456K, reserved 393216K
  class space    used 2665K, committed 2944K, reserved 327680K
}
Event: 3.185 GC heap before
{Heap before GC invocations=3 (full 0):
 garbage-first heap   total 262144K, used 38256K [0x00000000e0000000, 0x0000000100000000)
  region size 1024K, 27 young (27648K), 11 survivors (11264K)
 Metaspace       used 20810K, committed 21504K, reserved 393216K
  class space    used 2979K, committed 3328K, reserved 327680K
}
Event: 3.190 GC heap after
{Heap after GC invocations=4 (full 0):
 garbage-first heap   total 262144K, used 24494K [0x00000000e0000000, 0x0000000100000000)
  region size 1024K, 12 young (12288K), 12 survivors (12288K)
 Metaspace       used 20810K, committed 21504K, reserved 393216K
  class space    used 2979K, committed 3328K, reserved 327680K
}

Dll operation events (15 events):
Event: 0.019 Loaded shared library C:\Users\gospi\.jdks\corretto-21.0.7\bin\java.dll
Event: 0.054 Loaded shared library C:\Users\gospi\.jdks\corretto-21.0.7\bin\jsvml.dll
Event: 0.089 Loaded shared library C:\Users\gospi\.jdks\corretto-21.0.7\bin\zip.dll
Event: 0.092 Loaded shared library C:\Users\gospi\.jdks\corretto-21.0.7\bin\instrument.dll
Event: 0.096 Loaded shared library C:\Users\gospi\.jdks\corretto-21.0.7\bin\net.dll
Event: 0.098 Loaded shared library C:\Users\gospi\.jdks\corretto-21.0.7\bin\nio.dll
Event: 0.103 Loaded shared library C:\Users\gospi\.jdks\corretto-21.0.7\bin\zip.dll
Event: 0.460 Loaded shared library C:\Users\gospi\.jdks\corretto-21.0.7\bin\jimage.dll
Event: 0.592 Loaded shared library C:\Users\gospi\.jdks\corretto-21.0.7\bin\verify.dll
Event: 0.831 Loaded shared library C:\Users\gospi\.gradle\native\c067742578af261105cb4f569cf0c3c89f3d7b1fecec35dd04571415982c5e48\windows-amd64\native-platform.dll
Event: 0.839 Loaded shared library C:\Users\gospi\.gradle\native\100fb08df4bc3b14c8652ba06237920a3bd2aa13389f12d3474272988ae205f9\windows-amd64\native-platform-file-events.dll
Event: 1.711 Loaded shared library C:\Users\gospi\.jdks\corretto-21.0.7\bin\management.dll
Event: 1.713 Loaded shared library C:\Users\gospi\.jdks\corretto-21.0.7\bin\management_ext.dll
Event: 1.879 Loaded shared library C:\Users\gospi\.jdks\corretto-21.0.7\bin\extnet.dll
Event: 2.016 Loaded shared library C:\Users\gospi\.jdks\corretto-21.0.7\bin\sunmscapi.dll

Deoptimization events (20 events):
Event: 4.114 Thread 0x0000018ef3bb33b0 Uncommon trap: trap_request=0xffffffde fr.pc=0x0000018ece2d2cc0 relative=0x0000000000000f60
Event: 4.114 Thread 0x0000018ef3bb33b0 Uncommon trap: reason=class_check action=maybe_recompile pc=0x0000018ece2d2cc0 method=java.io.BufferedInputStream.implRead([BII)I @ 100 c2
Event: 4.114 Thread 0x0000018ef3bb33b0 DEOPT PACKING pc=0x0000018ece2d2cc0 sp=0x00000056626f8600
Event: 4.114 Thread 0x0000018ef3bb33b0 DEOPT UNPACKING pc=0x0000018ecdb77da2 sp=0x00000056626f8568 mode 2
Event: 4.114 Thread 0x0000018ef3bb33b0 Uncommon trap: trap_request=0xffffffc6 fr.pc=0x0000018ece2d8780 relative=0x00000000000006a0
Event: 4.114 Thread 0x0000018ef3bb33b0 Uncommon trap: reason=bimorphic_or_optimized_type_check action=maybe_recompile pc=0x0000018ece2d8780 method=java.io.BufferedInputStream.implRead([BII)I @ 100 c2
Event: 4.114 Thread 0x0000018ef3bb33b0 DEOPT PACKING pc=0x0000018ece2d8780 sp=0x00000056626f8580
Event: 4.114 Thread 0x0000018ef3bb33b0 DEOPT UNPACKING pc=0x0000018ecdb77da2 sp=0x00000056626f8568 mode 2
Event: 4.115 Thread 0x0000018ef3bb33b0 Uncommon trap: trap_request=0xffffffc6 fr.pc=0x0000018ece2d8780 relative=0x00000000000006a0
Event: 4.115 Thread 0x0000018ef3bb33b0 Uncommon trap: reason=bimorphic_or_optimized_type_check action=maybe_recompile pc=0x0000018ece2d8780 method=java.io.BufferedInputStream.implRead([BII)I @ 100 c2
Event: 4.115 Thread 0x0000018ef3bb33b0 DEOPT PACKING pc=0x0000018ece2d8780 sp=0x00000056626f8530
Event: 4.115 Thread 0x0000018ef3bb33b0 DEOPT UNPACKING pc=0x0000018ecdb77da2 sp=0x00000056626f8518 mode 2
Event: 4.115 Thread 0x0000018ef3bb33b0 Uncommon trap: trap_request=0xffffffc6 fr.pc=0x0000018ece2d8780 relative=0x00000000000006a0
Event: 4.115 Thread 0x0000018ef3bb33b0 Uncommon trap: reason=bimorphic_or_optimized_type_check action=maybe_recompile pc=0x0000018ece2d8780 method=java.io.BufferedInputStream.implRead([BII)I @ 100 c2
Event: 4.115 Thread 0x0000018ef3bb33b0 DEOPT PACKING pc=0x0000018ece2d8780 sp=0x00000056626f8580
Event: 4.115 Thread 0x0000018ef3bb33b0 DEOPT UNPACKING pc=0x0000018ecdb77da2 sp=0x00000056626f8568 mode 2
Event: 4.116 Thread 0x0000018ef3bb33b0 Uncommon trap: trap_request=0xffffffc6 fr.pc=0x0000018ece2d8780 relative=0x00000000000006a0
Event: 4.116 Thread 0x0000018ef3bb33b0 Uncommon trap: reason=bimorphic_or_optimized_type_check action=maybe_recompile pc=0x0000018ece2d8780 method=java.io.BufferedInputStream.implRead([BII)I @ 100 c2
Event: 4.116 Thread 0x0000018ef3bb33b0 DEOPT PACKING pc=0x0000018ece2d8780 sp=0x00000056626f8530
Event: 4.116 Thread 0x0000018ef3bb33b0 DEOPT UNPACKING pc=0x0000018ecdb77da2 sp=0x00000056626f8518 mode 2

Classes loaded (20 events):
Event: 4.049 Loading class java/util/stream/Sink$OfInt
Event: 4.049 Loading class java/util/stream/Sink$OfInt done
Event: 4.049 Loading class java/util/stream/Sink$ChainedInt done
Event: 4.049 Loading class java/util/stream/IntPipeline$1$1 done
Event: 4.056 Loading class java/lang/IllegalAccessError
Event: 4.056 Loading class java/lang/IllegalAccessError done
Event: 4.060 Loading class java/lang/Process
Event: 4.060 Loading class java/lang/Process done
Event: 4.060 Loading class java/lang/ProcessBuilder
Event: 4.061 Loading class java/lang/ProcessBuilder done
Event: 4.099 Loading class java/util/EventListener
Event: 4.099 Loading class java/util/EventListener done
Event: 4.105 Loading class java/util/BitSet
Event: 4.106 Loading class java/util/BitSet done
Event: 4.110 Loading class java/util/TimerTask
Event: 4.110 Loading class java/util/TimerTask done
Event: 4.110 Loading class java/util/Timer
Event: 4.111 Loading class java/util/Timer done
Event: 4.132 Loading class java/security/AccessControlException
Event: 4.132 Loading class java/security/AccessControlException done

Classes unloaded (0 events):
No events

Classes redefined (0 events):
No events

Internal exceptions (20 events):
Event: 3.852 Thread 0x0000018ef3bb33b0 Exception <a 'java/lang/NoSuchMethodError'{0x00000000ebf94240}: 'java.lang.Object java.lang.invoke.DirectMethodHandle$Holder.invokeStatic(java.lang.Object, java.lang.Object, java.lang.Object, java.lang.Object, java.lang.Object, java.lang.Object, java.lang.Object, java.lang.Object, java.lang.Object, java.lang.Object, java.lang.Object, java.lang.Object, java.lang.Object, java.lang.Object, java.lang.Object, java.lang.Object, java.lang.Object, java.lang.Object, java.lang.Object, java.lang.Object, java.lang.Obj
Event: 3.854 Thread 0x0000018ef3bb33b0 Exception <a 'java/lang/NoSuchMethodError'{0x00000000ebfccd10}: 'java.lang.Object java.lang.invoke.DirectMethodHandle$Holder.invokeStatic(java.lang.Object, java.lang.Object, java.lang.Object, java.lang.Object, java.lang.Object, java.lang.Object, java.lang.Object, java.lang.Object, java.lang.Object, java.lang.Object, java.lang.Object, java.lang.Object, java.lang.Object, java.lang.Object, java.lang.Object, java.lang.Object, java.lang.Object, java.lang.Object, java.lang.Object, java.lang.Object, java.lang.Obj
Event: 3.857 Thread 0x0000018ef3bb33b0 Exception <a 'java/lang/NoSuchMethodError'{0x00000000ebe07b58}: 'java.lang.Object java.lang.invoke.DirectMethodHandle$Holder.invokeStatic(java.lang.Object, java.lang.Object, java.lang.Object, java.lang.Object, java.lang.Object, java.lang.Object, java.lang.Object, java.lang.Object, java.lang.Object, java.lang.Object, java.lang.Object, java.lang.Object, java.lang.Object, java.lang.Object, java.lang.Object, java.lang.Object, java.lang.Object, java.lang.Object, java.lang.Object, java.lang.Object, java.lang.Obj
Event: 3.859 Thread 0x0000018ef3bb33b0 Exception <a 'java/lang/NoSuchMethodError'{0x00000000ebe44828}: 'java.lang.Object java.lang.invoke.DirectMethodHandle$Holder.invokeStatic(java.lang.Object, java.lang.Object, java.lang.Object, java.lang.Object, java.lang.Object, java.lang.Object, java.lang.Object, java.lang.Object, java.lang.Object, java.lang.Object, java.lang.Object, java.lang.Object, java.lang.Object, java.lang.Object, java.lang.Object, java.lang.Object, java.lang.Object, java.lang.Object, java.lang.Object, java.lang.Object, java.lang.Obj
Event: 3.866 Thread 0x0000018ef3bb33b0 Exception <a 'java/lang/NoSuchMethodError'{0x00000000ebeea188}: 'java.lang.Object java.lang.invoke.DirectMethodHandle$Holder.newInvokeSpecial(java.lang.Object, java.lang.Object, java.lang.Object, java.lang.Object, java.lang.Object, java.lang.Object, java.lang.Object, java.lang.Object, java.lang.Object, java.lang.Object, java.lang.Object, java.lang.Object, java.lang.Object, java.lang.Object, java.lang.Object, java.lang.Object, java.lang.Object, java.lang.Object, java.lang.Object)'> (0x00000000ebeea188) 
thr
Event: 3.867 Thread 0x0000018ef3bb33b0 Exception <a 'java/lang/NoSuchMethodError'{0x00000000ebef0bc8}: 'java.lang.Object java.lang.invoke.DirectMethodHandle$Holder.invokeSpecial(java.lang.Object, java.lang.Object, java.lang.Object, java.lang.Object, java.lang.Object, java.lang.Object, java.lang.Object, java.lang.Object, java.lang.Object, java.lang.Object, java.lang.Object, java.lang.Object, java.lang.Object, java.lang.Object, java.lang.Object, java.lang.Object, java.lang.Object, java.lang.Object, java.lang.Object, java.lang.Object)'> (0x0000000
Event: 3.868 Thread 0x0000018ef3bb33b0 Exception <a 'java/lang/NoSuchMethodError'{0x00000000ebef61d8}: 'java.lang.Object java.lang.invoke.DelegatingMethodHandle$Holder.reinvoke_L(java.lang.Object, java.lang.Object, java.lang.Object, java.lang.Object, java.lang.Object, java.lang.Object, java.lang.Object, java.lang.Object, java.lang.Object, java.lang.Object, java.lang.Object, java.lang.Object, java.lang.Object, java.lang.Object, java.lang.Object, java.lang.Object, java.lang.Object, java.lang.Object, java.lang.Object)'> (0x00000000ebef61d8) 
throw
Event: 3.880 Thread 0x0000018ef3bb33b0 Exception <a 'java/lang/NoSuchMethodError'{0x00000000ebc33338}: 'java.lang.Object java.lang.invoke.DirectMethodHandle$Holder.newInvokeSpecial(java.lang.Object, java.lang.Object, java.lang.Object, java.lang.Object, java.lang.Object, java.lang.Object, java.lang.Object, java.lang.Object, java.lang.Object, java.lang.Object, java.lang.Object, java.lang.Object)'> (0x00000000ebc33338) 
thrown [s\src\hotspot\share\interpreter\linkResolver.cpp, line 773]
Event: 3.940 Thread 0x0000018ef3bb33b0 Exception <a 'java/lang/IncompatibleClassChangeError'{0x00000000eb8760c8}: Found class java.lang.Object, but interface was expected> (0x00000000eb8760c8) 
thrown [s\src\hotspot\share\interpreter\linkResolver.cpp, line 840]
Event: 3.950 Thread 0x0000018ef3bb33b0 Exception <a 'java/lang/NoSuchMethodError'{0x00000000eb777418}: 'int java.lang.invoke.DirectMethodHandle$Holder.invokeStaticInit(java.lang.Object, java.lang.Object, java.lang.Object)'> (0x00000000eb777418) 
thrown [s\src\hotspot\share\interpreter\linkResolver.cpp, line 773]
Event: 3.951 Thread 0x0000018ef3bb33b0 Exception <a 'java/lang/NoSuchMethodError'{0x00000000eb78b5c0}: 'java.lang.Object java.lang.invoke.DirectMethodHandle$Holder.newInvokeSpecial(java.lang.Object, java.lang.Object, long)'> (0x00000000eb78b5c0) 
thrown [s\src\hotspot\share\interpreter\linkResolver.cpp, line 773]
Event: 3.952 Thread 0x0000018ef3bb33b0 Exception <a 'java/lang/NoSuchMethodError'{0x00000000eb78f9a8}: 'java.lang.Object java.lang.invoke.Invokers$Holder.linkToTargetMethod(java.lang.Object, long, java.lang.Object)'> (0x00000000eb78f9a8) 
thrown [s\src\hotspot\share\interpreter\linkResolver.cpp, line 773]
Event: 3.981 Thread 0x0000018ef3bb33b0 Exception <a 'java/lang/NoSuchMethodError'{0x00000000eb5a88b0}: 'int java.lang.invoke.DirectMethodHandle$Holder.invokeInterface(java.lang.Object, java.lang.Object)'> (0x00000000eb5a88b0) 
thrown [s\src\hotspot\share\interpreter\linkResolver.cpp, line 773]
Event: 3.987 Thread 0x0000018ef3bb33b0 Exception <a 'java/lang/NoSuchMethodError'{0x00000000eb404670}: 'java.lang.Object java.lang.invoke.DirectMethodHandle$Holder.invokeVirtual(java.lang.Object, java.lang.Object, int)'> (0x00000000eb404670) 
thrown [s\src\hotspot\share\interpreter\linkResolver.cpp, line 773]
Event: 3.999 Thread 0x0000018ef3bb33b0 Exception <a 'java/lang/NoSuchMethodError'{0x00000000eb4de988}: 'java.lang.Object java.lang.invoke.DirectMethodHandle$Holder.invokeStatic(java.lang.Object, java.lang.Object, int, java.lang.Object)'> (0x00000000eb4de988) 
thrown [s\src\hotspot\share\interpreter\linkResolver.cpp, line 773]
Event: 4.000 Thread 0x0000018ef3bb33b0 Exception <a 'java/lang/NoSuchMethodError'{0x00000000eb4e5c00}: 'java.lang.Object java.lang.invoke.DirectMethodHandle$Holder.newInvokeSpecial(java.lang.Object, java.lang.Object, int, java.lang.Object)'> (0x00000000eb4e5c00) 
thrown [s\src\hotspot\share\interpreter\linkResolver.cpp, line 773]
Event: 4.000 Thread 0x0000018ef3bb33b0 Exception <a 'java/lang/NoSuchMethodError'{0x00000000eb4ea2d0}: 'java.lang.Object java.lang.invoke.DirectMethodHandle$Holder.invokeSpecial(java.lang.Object, java.lang.Object, java.lang.Object, int, java.lang.Object)'> (0x00000000eb4ea2d0) 
thrown [s\src\hotspot\share\interpreter\linkResolver.cpp, line 773]
Event: 4.033 Thread 0x0000018ef3bb33b0 Exception <a 'java/lang/NoSuchMethodError'{0x00000000eb2dbdf8}: 'void java.lang.invoke.DirectMethodHandle$Holder.invokeInterface(java.lang.Object, java.lang.Object, java.lang.Object, java.lang.Object, java.lang.Object, java.lang.Object, java.lang.Object)'> (0x00000000eb2dbdf8) 
thrown [s\src\hotspot\share\interpreter\linkResolver.cpp, line 773]
Event: 4.033 Thread 0x0000018ef3bb33b0 Exception <a 'java/lang/NoSuchMethodError'{0x00000000eb2e0780}: 'void java.lang.invoke.DelegatingMethodHandle$Holder.reinvoke_L(java.lang.Object, java.lang.Object, java.lang.Object, java.lang.Object, java.lang.Object, java.lang.Object, java.lang.Object)'> (0x00000000eb2e0780) 
thrown [s\src\hotspot\share\interpreter\linkResolver.cpp, line 773]
Event: 4.063 Thread 0x0000018ef3bb33b0 Exception <a 'java/lang/NoSuchMethodError'{0x00000000eb0de560}: 'java.lang.Object java.lang.invoke.DirectMethodHandle$Holder.invokeSpecial(java.lang.Object, java.lang.Object, java.lang.Object, int, java.lang.Object, java.lang.Object)'> (0x00000000eb0de560) 
thrown [s\src\hotspot\share\interpreter\linkResolver.cpp, line 773]

ZGC Phase Switch (0 events):
No events

VM Operations (20 events):
Event: 3.196 Executing VM operation: G1PauseRemark
Event: 3.198 Executing VM operation: G1PauseRemark done
Event: 3.200 Executing VM operation: G1PauseCleanup
Event: 3.200 Executing VM operation: G1PauseCleanup done
Event: 3.424 Executing VM operation: HandshakeAllThreads (Deoptimize)
Event: 3.424 Executing VM operation: HandshakeAllThreads (Deoptimize) done
Event: 3.638 Executing VM operation: HandshakeAllThreads (Deoptimize)
Event: 3.638 Executing VM operation: HandshakeAllThreads (Deoptimize) done
Event: 3.777 Executing VM operation: HandshakeAllThreads (Deoptimize)
Event: 3.777 Executing VM operation: HandshakeAllThreads (Deoptimize) done
Event: 3.900 Executing VM operation: ICBufferFull
Event: 3.900 Executing VM operation: ICBufferFull done
Event: 3.942 Executing VM operation: HandshakeAllThreads (Deoptimize)
Event: 3.942 Executing VM operation: HandshakeAllThreads (Deoptimize) done
Event: 3.955 Executing VM operation: HandshakeAllThreads (Deoptimize)
Event: 3.955 Executing VM operation: HandshakeAllThreads (Deoptimize) done
Event: 4.035 Executing VM operation: HandshakeAllThreads (Deoptimize)
Event: 4.035 Executing VM operation: HandshakeAllThreads (Deoptimize) done
Event: 4.035 Executing VM operation: HandshakeAllThreads (Deoptimize)
Event: 4.035 Executing VM operation: HandshakeAllThreads (Deoptimize) done

Memory protections (0 events):
No events

Nmethod flushes (0 events):
No events

Events (20 events):
Event: 2.058 Thread 0x0000018ef3cc75e0 Thread added: 0x0000018ef3bb1d40
Event: 2.064 Thread 0x0000018ef3cc75e0 Thread added: 0x0000018ef3bb33b0
Event: 2.072 Thread 0x0000018ef3bb33b0 Thread added: 0x0000018ef3c8d430
Event: 2.075 Thread 0x0000018ef3bb33b0 Thread added: 0x0000018ef3c8e7e0
Event: 2.077 Thread 0x0000018ef3bb33b0 Thread added: 0x0000018ef3c8cda0
Event: 2.420 Thread 0x0000018ef3bb33b0 Thread added: 0x0000018ef3c8ee70
Event: 2.428 Thread 0x0000018ef3bb33b0 Thread added: 0x0000018ef3c8dac0
Event: 2.452 Thread 0x0000018ef3bb33b0 Thread added: 0x0000018ef3c8f500
Event: 2.605 Thread 0x0000018ef201de20 Thread added: 0x0000018ef4eff780
Event: 3.191 Thread 0x0000018ef3bb33b0 Thread added: 0x0000018ef3c8fb90
Event: 3.389 Thread 0x0000018ef3bb33b0 Thread added: 0x0000018ef3c8c710
Event: 3.396 Thread 0x0000018ef3bb33b0 Thread added: 0x0000018ef3c8e150
Event: 3.482 Thread 0x0000018ef4eff780 Thread exited: 0x0000018ef4eff780
Event: 3.556 Thread 0x0000018ef3bb33b0 Thread added: 0x0000018ef7257f00
Event: 3.593 Thread 0x0000018ef3bb33b0 Thread added: 0x0000018ef7257870
Event: 3.705 Thread 0x0000018ef3bb33b0 Thread added: 0x0000018ef72564c0
Event: 3.831 Thread 0x0000018ef3bb33b0 Thread added: 0x0000018ef7259940
Event: 4.000 Thread 0x0000018ef3bb33b0 Thread added: 0x0000018ef7258590
Event: 4.025 Thread 0x0000018ef3bb33b0 Thread added: 0x0000018ef72571e0
Event: 4.116 Thread 0x0000018ef201de20 Thread added: 0x0000018ef4fd9a80


Dynamic libraries:
0x00007ff7ac900000 - 0x00007ff7ac90e000 	C:\Users\gospi\.jdks\corretto-21.0.7\bin\java.exe
0x00007ff9071d0000 - 0x00007ff9073c8000 	C:\Windows\SYSTEM32\ntdll.dll
0x00007ff905ec0000 - 0x00007ff905f82000 	C:\Windows\System32\KERNEL32.DLL
0x00007ff904f00000 - 0x00007ff9051f6000 	C:\Windows\System32\KERNELBASE.dll
0x00007ff9049c0000 - 0x00007ff904ac0000 	C:\Windows\System32\ucrtbase.dll
0x00007ff8efcb0000 - 0x00007ff8efcc8000 	C:\Users\gospi\.jdks\corretto-21.0.7\bin\jli.dll
0x00007ff8ef1a0000 - 0x00007ff8ef1bb000 	C:\Users\gospi\.jdks\corretto-21.0.7\bin\VCRUNTIME140.dll
0x00007ff905550000 - 0x00007ff9056ed000 	C:\Windows\System32\USER32.dll
0x00007ff904c20000 - 0x00007ff904c42000 	C:\Windows\System32\win32u.dll
0x00007ff8f05f0000 - 0x00007ff8f088a000 	C:\Windows\WinSxS\amd64_microsoft.windows.common-controls_6595b64144ccf1df_6.0.19041.5794_none_60bcd33171f2783c\COMCTL32.dll
0x00007ff9056f0000 - 0x00007ff90571b000 	C:\Windows\System32\GDI32.dll
0x00007ff905200000 - 0x00007ff90529e000 	C:\Windows\System32\msvcrt.dll
0x00007ff904c50000 - 0x00007ff904d6a000 	C:\Windows\System32\gdi32full.dll
0x00007ff904870000 - 0x00007ff90490d000 	C:\Windows\System32\msvcp_win.dll
0x00007ff905ff0000 - 0x00007ff90601f000 	C:\Windows\System32\IMM32.DLL
0x00007ff8fc6d0000 - 0x00007ff8fc6dc000 	C:\Users\gospi\.jdks\corretto-21.0.7\bin\vcruntime140_1.dll
0x00007ff8ddf60000 - 0x00007ff8ddfed000 	C:\Users\gospi\.jdks\corretto-21.0.7\bin\msvcp140.dll
0x00007ff8c4de0000 - 0x00007ff8c5b7f000 	C:\Users\gospi\.jdks\corretto-21.0.7\bin\server\jvm.dll
0x00007ff9064f0000 - 0x00007ff90659f000 	C:\Windows\System32\ADVAPI32.dll
0x00007ff905370000 - 0x00007ff90540f000 	C:\Windows\System32\sechost.dll
0x00007ff906750000 - 0x00007ff906873000 	C:\Windows\System32\RPCRT4.dll
0x00007ff904990000 - 0x00007ff9049b7000 	C:\Windows\System32\bcrypt.dll
0x00007ff907120000 - 0x00007ff90718b000 	C:\Windows\System32\WS2_32.dll
0x00007ff903dd0000 - 0x00007ff903e1b000 	C:\Windows\SYSTEM32\POWRPROF.dll
0x00007ff8fb320000 - 0x00007ff8fb32a000 	C:\Windows\SYSTEM32\VERSION.dll
0x00007ff8ede40000 - 0x00007ff8ede67000 	C:\Windows\SYSTEM32\WINMM.dll
0x00007ff903c40000 - 0x00007ff903c52000 	C:\Windows\SYSTEM32\UMPDC.dll
0x00007ff903050000 - 0x00007ff903062000 	C:\Windows\SYSTEM32\kernel.appcore.dll
0x00007ff8efc70000 - 0x00007ff8efc7a000 	C:\Users\gospi\.jdks\corretto-21.0.7\bin\jimage.dll
0x00007ff9023c0000 - 0x00007ff9025c1000 	C:\Windows\SYSTEM32\DBGHELP.DLL
0x00007ff8ec9f0000 - 0x00007ff8eca24000 	C:\Windows\SYSTEM32\dbgcore.DLL
0x00007ff904d70000 - 0x00007ff904df2000 	C:\Windows\System32\bcryptPrimitives.dll
0x00007ff8edd50000 - 0x00007ff8edd5e000 	C:\Users\gospi\.jdks\corretto-21.0.7\bin\instrument.dll
0x00007ff8e9720000 - 0x00007ff8e973f000 	C:\Users\gospi\.jdks\corretto-21.0.7\bin\java.dll
0x00007ff906880000 - 0x00007ff906fee000 	C:\Windows\System32\SHELL32.dll
0x00007ff902890000 - 0x00007ff903033000 	C:\Windows\SYSTEM32\windows.storage.dll
0x00007ff9060e0000 - 0x00007ff906433000 	C:\Windows\System32\combase.dll
0x00007ff9042a0000 - 0x00007ff9042cb000 	C:\Windows\SYSTEM32\Wldp.dll
0x00007ff906ff0000 - 0x00007ff9070bd000 	C:\Windows\System32\OLEAUT32.dll
0x00007ff9052a0000 - 0x00007ff90534d000 	C:\Windows\System32\SHCORE.dll
0x00007ff905b90000 - 0x00007ff905be5000 	C:\Windows\System32\shlwapi.dll
0x00007ff9047a0000 - 0x00007ff9047c5000 	C:\Windows\SYSTEM32\profapi.dll
0x00007ff8b1850000 - 0x00007ff8b1927000 	C:\Users\gospi\.jdks\corretto-21.0.7\bin\jsvml.dll
0x00007ff8e9510000 - 0x00007ff8e9528000 	C:\Users\gospi\.jdks\corretto-21.0.7\bin\zip.dll
0x00007ff8edd40000 - 0x00007ff8edd50000 	C:\Users\gospi\.jdks\corretto-21.0.7\bin\net.dll
0x00007ff8faee0000 - 0x00007ff8fafea000 	C:\Windows\SYSTEM32\WINHTTP.dll
0x00007ff903fb0000 - 0x00007ff90401c000 	C:\Windows\system32\mswsock.dll
0x00007ff8e94f0000 - 0x00007ff8e9506000 	C:\Users\gospi\.jdks\corretto-21.0.7\bin\nio.dll
0x00007ff8e97a0000 - 0x00007ff8e97b0000 	C:\Users\gospi\.jdks\corretto-21.0.7\bin\verify.dll
0x00007ff8ddd10000 - 0x00007ff8ddd37000 	C:\Users\gospi\.gradle\native\c067742578af261105cb4f569cf0c3c89f3d7b1fecec35dd04571415982c5e48\windows-amd64\native-platform.dll
0x00007ff8b1700000 - 0x00007ff8b1844000 	C:\Users\gospi\.gradle\native\100fb08df4bc3b14c8652ba06237920a3bd2aa13389f12d3474272988ae205f9\windows-amd64\native-platform-file-events.dll
0x00007ff8e9630000 - 0x00007ff8e9639000 	C:\Users\gospi\.jdks\corretto-21.0.7\bin\management.dll
0x00007ff8e94e0000 - 0x00007ff8e94eb000 	C:\Users\gospi\.jdks\corretto-21.0.7\bin\management_ext.dll
0x00007ff9060b0000 - 0x00007ff9060b8000 	C:\Windows\System32\PSAPI.DLL
0x00007ff9041d0000 - 0x00007ff9041e8000 	C:\Windows\SYSTEM32\CRYPTSP.dll
0x00007ff903870000 - 0x00007ff9038a8000 	C:\Windows\system32\rsaenh.dll
0x00007ff904760000 - 0x00007ff90478e000 	C:\Windows\SYSTEM32\USERENV.dll
0x00007ff9041f0000 - 0x00007ff9041fc000 	C:\Windows\SYSTEM32\CRYPTBASE.dll
0x00007ff903c60000 - 0x00007ff903c9b000 	C:\Windows\SYSTEM32\IPHLPAPI.DLL
0x00007ff9060d0000 - 0x00007ff9060d8000 	C:\Windows\System32\NSI.dll
0x00007ff8e94d0000 - 0x00007ff8e94d9000 	C:\Users\gospi\.jdks\corretto-21.0.7\bin\extnet.dll
0x00007ff8e94a0000 - 0x00007ff8e94ae000 	C:\Users\gospi\.jdks\corretto-21.0.7\bin\sunmscapi.dll
0x00007ff904ac0000 - 0x00007ff904c1d000 	C:\Windows\System32\CRYPT32.dll
0x00007ff904310000 - 0x00007ff904337000 	C:\Windows\SYSTEM32\ncrypt.dll
0x00007ff9042d0000 - 0x00007ff90430b000 	C:\Windows\SYSTEM32\NTASN1.dll
0x00007ff8d78d0000 - 0x00007ff8d78d7000 	C:\Windows\system32\wshunix.dll

dbghelp: loaded successfully - version: 4.0.5 - missing functions: none
symbol engine: initialized successfully - sym options: 0x614 - pdb path: .;C:\Users\gospi\.jdks\corretto-21.0.7\bin;C:\Windows\SYSTEM32;C:\Windows\WinSxS\amd64_microsoft.windows.common-controls_6595b64144ccf1df_6.0.19041.5794_none_60bcd33171f2783c;C:\Users\gospi\.jdks\corretto-21.0.7\bin\server;C:\Users\gospi\.gradle\native\c067742578af261105cb4f569cf0c3c89f3d7b1fecec35dd04571415982c5e48\windows-amd64;C:\Users\gospi\.gradle\native\100fb08df4bc3b14c8652ba06237920a3bd2aa13389f12d3474272988ae205f9\windows-amd64

VM Arguments:
jvm_args: --add-opens=java.base/java.util=ALL-UNNAMED --add-opens=java.base/java.lang=ALL-UNNAMED --add-opens=java.base/java.lang.invoke=ALL-UNNAMED --add-opens=java.prefs/java.util.prefs=ALL-UNNAMED --add-opens=java.base/java.nio.charset=ALL-UNNAMED --add-opens=java.base/java.net=ALL-UNNAMED --add-opens=java.base/java.util.concurrent.atomic=ALL-UNNAMED -XX:MaxMetaspaceSize=384m -XX:+HeapDumpOnOutOfMemoryError -Xms256m -Xmx512m -Dfile.encoding=UTF-8 -Duser.country=US -Duser.language=es -Duser.variant -javaagent:C:\Users\gospi\.gradle\wrapper\dists\gradle-8.8-bin\dl7vupf4psengwqhwktix4v1\gradle-8.8\lib\agents\gradle-instrumentation-agent-8.8.jar 
java_command: org.gradle.launcher.daemon.bootstrap.GradleDaemon 8.8
java_class_path (initial): C:\Users\gospi\.gradle\wrapper\dists\gradle-8.8-bin\dl7vupf4psengwqhwktix4v1\gradle-8.8\lib\gradle-launcher-8.8.jar
Launcher Type: SUN_STANDARD

[Global flags]
     intx CICompilerCount                          = 4                                         {product} {ergonomic}
   size_t CompressedClassSpaceSize                 = 335544320                                 {product} {ergonomic}
     uint ConcGCThreads                            = 2                                         {product} {ergonomic}
     uint G1ConcRefinementThreads                  = 8                                         {product} {ergonomic}
   size_t G1HeapRegionSize                         = 1048576                                   {product} {ergonomic}
    uintx GCDrainStackTargetSize                   = 64                                        {product} {ergonomic}
     bool HeapDumpOnOutOfMemoryError               = true                                   {manageable} {command line}
   size_t InitialHeapSize                          = 268435456                                 {product} {command line}
   size_t MarkStackSize                            = 4194304                                   {product} {ergonomic}
   size_t MaxHeapSize                              = 536870912                                 {product} {command line}
   size_t MaxMetaspaceSize                         = 402653184                                 {product} {command line}
   size_t MaxNewSize                               = 321912832                                 {product} {ergonomic}
   size_t MinHeapDeltaBytes                        = 1048576                                   {product} {ergonomic}
   size_t MinHeapSize                              = 268435456                                 {product} {command line}
    uintx NonNMethodCodeHeapSize                   = 5839372                                {pd product} {ergonomic}
    uintx NonProfiledCodeHeapSize                  = 122909434                              {pd product} {ergonomic}
    uintx ProfiledCodeHeapSize                     = 122909434                              {pd product} {ergonomic}
    uintx ReservedCodeCacheSize                    = 251658240                              {pd product} {ergonomic}
     bool SegmentedCodeCache                       = true                                      {product} {ergonomic}
   size_t SoftMaxHeapSize                          = 536870912                              {manageable} {ergonomic}
     bool UseCompressedOops                        = true                           {product lp64_product} {ergonomic}
     bool UseG1GC                                  = true                                      {product} {ergonomic}
     bool UseLargePagesIndividualAllocation        = false                                  {pd product} {ergonomic}

Logging:
Log output configuration:
 #0: stdout all=warning uptime,level,tags foldmultilines=false
 #1: stderr all=off uptime,level,tags foldmultilines=false

Environment Variables:
JAVA_HOME=C:\Program Files\Java\jdk-21
PATH=C:\Program Files\Java\jdk-21\bin;C:\Program Files\Common Files\Oracle\Java\javapath;C:\Windows\system32;C:\Windows;C:\Windows\System32\Wbem;C:\Windows\System32\WindowsPowerShell\v1.0\;C:\Windows\System32\OpenSSH\;C:\Program Files\Git\cmd;C:\Program Files\nodejs\;C:\Users\gospi\AppData\Local\Microsoft\WindowsApps;C:\Users\gospi\AppData\Local\Programs\Microsoft VS Code\bin;C:\Program Files\JetBrains\IntelliJ IDEA 2024.3.2.2\bin;;C:\Users\gospi\AppData\Local\GitHubDesktop\bin;C:\Users\gospi\AppData\Roaming\npm
USERNAME=gospi
OS=Windows_NT
PROCESSOR_IDENTIFIER=Intel64 Family 6 Model 126 Stepping 5, GenuineIntel
TMP=C:\Users\gospi\AppData\Local\Temp
TEMP=C:\Users\gospi\AppData\Local\Temp




Periodic native trim disabled

---------------  S Y S T E M  ---------------

OS:
 Windows 10 , 64 bit Build 19041 (10.0.19041.5794)
OS uptime: 1 days 1:16 hours
Hyper-V role detected

CPU: total 8 (initial active 8) (4 cores per cpu, 2 threads per core) family 6 model 126 stepping 5 microcode 0x78, cx8, cmov, fxsr, ht, mmx, 3dnowpref, sse, sse2, sse3, ssse3, sse4.1, sse4.2, popcnt, lzcnt, tsc, tscinvbit, avx, avx2, aes, erms, clmul, bmi1, bmi2, adx, avx512f, avx512dq, avx512cd, avx512bw, avx512vl, sha, fma, vzeroupper, avx512_vpopcntdq, avx512_vpclmulqdq, avx512_vaes, avx512_vnni, clflush, clflushopt, avx512_vbmi2, avx512_vbmi, hv, rdtscp, rdpid, fsrm, gfni, avx512_bitalg, f16c, avx512_ifma
Processor Information for the first 8 processors :
  Max Mhz: 1498, Current Mhz: 1098, Mhz Limit: 1093

Memory: 4k page, system-wide physical 12083M (2614M free)
TotalPageFile size 18344M (AvailPageFile size 3282M)
current process WorkingSet (physical memory assigned to process): 278M, peak: 278M
current process commit charge ("private bytes"): 452M, peak: 452M

vm_info: OpenJDK 64-Bit Server VM (21.0.7+6-LTS) for windows-amd64 JRE (21.0.7+6-LTS), built on 2025-04-14T16:08:54Z by "Administrator" with MS VC++ 16.10 / 16.11 (VS2019)

END.
